19:25:30.454 INFO  manager.ApplicationManager - All tests runs in Chrome Browser
19:25:32.433 INFO  manager.ApplicationManager - The link --->https://ilcarro.web.app/search
19:25:32.466 INFO  tests.TestBase - Name of Method --->loginSuccess
19:25:37.491 INFO  manager.WDListener - Before Find Element --->By.xpath: //a [text()=' Log in ']
19:25:37.540 INFO  manager.WDListener - After Find Element --->By.xpath: //a [text()=' Log in ']
19:25:37.566 INFO  manager.WDListener - After Find Element --->(1634, 24)
19:25:37.610 INFO  manager.WDListener - Before click element --->atextLog in
19:25:37.785 INFO  manager.WDListener - After click element --->atextLog in
19:25:37.786 INFO  manager.WDListener - Before Find Element --->By.id: email
19:25:37.825 INFO  manager.WDListener - After Find Element --->By.id: email
19:25:37.851 INFO  manager.WDListener - After Find Element --->(1341, 266)
19:25:37.879 INFO  manager.WDListener - Before click element --->inputtext
19:25:38.048 INFO  manager.WDListener - After click element --->inputtext
19:25:38.225 INFO  manager.WDListener - sendKeys --->inputtext
19:25:38.326 INFO  manager.WDListener - sendKeys --->inputtext
19:25:38.441 INFO  manager.WDListener - sendKeys --->inputtext
19:25:38.441 INFO  manager.WDListener - Before Find Element --->By.id: password
19:25:38.479 INFO  manager.WDListener - After Find Element --->By.id: password
19:25:38.496 INFO  manager.WDListener - After Find Element --->(1341, 343)
19:25:38.520 INFO  manager.WDListener - Before click element --->inputtext
19:25:38.644 INFO  manager.WDListener - After click element --->inputtext
19:25:38.757 INFO  manager.WDListener - sendKeys --->inputtext
19:25:38.828 INFO  manager.WDListener - sendKeys --->inputtext
19:25:38.918 INFO  manager.WDListener - sendKeys --->inputtext
19:25:38.919 INFO  tests.TestBase - Test data ---> email: 'test12@gmail.com' & password: 'vilevinQa!1234'
19:25:38.919 INFO  manager.WDListener - Before Find Element --->By.xpath: //*[@type='submit']
19:25:38.951 INFO  manager.WDListener - After Find Element --->By.xpath: //*[@type='submit']
19:25:38.969 INFO  manager.WDListener - After Find Element --->(1341, 414)
19:25:38.994 INFO  manager.WDListener - Before click element --->buttontextY’alla!
19:25:39.123 INFO  manager.WDListener - After click element --->buttontextY’alla!
19:25:41.131 INFO  manager.WDListener - Before Find Element --->By.cssSelector: .dialog-container>h2
19:25:41.162 INFO  manager.WDListener - After Find Element --->By.cssSelector: .dialog-container>h2
19:25:41.183 INFO  manager.WDListener - After Find Element --->(776, 441)
19:25:41.210 INFO  tests.TestBase - Assert check message 'Logged in success'
19:25:41.257 INFO  manager.WDListener - Before Find Element --->By.xpath: //button[text() = 'Ok']
19:25:41.288 INFO  manager.WDListener - After Find Element --->By.xpath: //button[text() = 'Ok']
19:25:41.304 INFO  manager.WDListener - After Find Element --->(986, 495)
19:25:41.335 INFO  manager.WDListener - Before click element --->buttontextOk
19:25:41.450 INFO  manager.WDListener - After click element --->buttontextOk
19:25:41.450 INFO  tests.TestBase - ==================================================
19:25:41.450 INFO  tests.TestBase - Name of Method --->loginSuccessModel
19:25:41.484 INFO  manager.WDListener - Before Find Element --->By.xpath: //*[text()=' Logout ']
19:25:41.520 INFO  manager.WDListener - After Find Element --->By.xpath: //*[text()=' Logout ']
19:25:41.550 INFO  manager.WDListener - After Find Element --->(1446, 24)
19:25:41.567 INFO  manager.WDListener - Before click element --->atextLogout
19:25:41.717 INFO  tests.TestBase - Before method finish logout
19:25:41.717 INFO  manager.WDListener - Before Find Element --->By.xpath: //a [text()=' Log in ']
19:25:41.751 INFO  manager.WDListener - After Find Element --->By.xpath: //a [text()=' Log in ']
19:25:41.767 INFO  manager.WDListener - After Find Element --->(1634, 24)
19:25:41.784 INFO  manager.WDListener - Before click element --->atextLog in
19:25:41.938 INFO  manager.WDListener - After click element --->atextLog in
19:25:41.938 INFO  manager.WDListener - Before Find Element --->By.id: email
19:25:41.950 INFO  manager.WDListener - After Find Element --->By.id: email
19:25:41.983 INFO  manager.WDListener - After Find Element --->(1341, 266)
19:25:42.011 INFO  manager.WDListener - Before click element --->inputtext
19:25:42.176 INFO  manager.WDListener - After click element --->inputtext
19:25:42.339 INFO  manager.WDListener - sendKeys --->inputtext
19:25:42.450 INFO  manager.WDListener - sendKeys --->inputtext
19:25:42.561 INFO  manager.WDListener - sendKeys --->inputtext
19:25:42.561 INFO  manager.WDListener - Before Find Element --->By.id: password
19:25:42.584 INFO  manager.WDListener - After Find Element --->By.id: password
19:25:42.600 INFO  manager.WDListener - After Find Element --->(1341, 343)
19:25:42.615 INFO  manager.WDListener - Before click element --->inputtext
19:25:42.734 INFO  manager.WDListener - After click element --->inputtext
19:25:42.850 INFO  manager.WDListener - sendKeys --->inputtext
19:25:42.917 INFO  manager.WDListener - sendKeys --->inputtext
19:25:43.000 INFO  manager.WDListener - sendKeys --->inputtext
19:25:43.000 INFO  tests.TestBase - Test data ---> email: 'test12@gmail.com' & password: 'vilevinQa!1234'
19:25:43.000 INFO  manager.WDListener - Before Find Element --->By.xpath: //*[@type='submit']
19:25:43.034 INFO  manager.WDListener - After Find Element --->By.xpath: //*[@type='submit']
19:25:43.051 INFO  manager.WDListener - After Find Element --->(1341, 414)
19:25:43.075 INFO  manager.WDListener - Before click element --->buttontextY’alla!
19:25:43.189 INFO  manager.WDListener - After click element --->buttontextY’alla!
19:25:45.193 INFO  manager.WDListener - Before Find Element --->By.cssSelector: .dialog-container>h2
19:25:45.209 INFO  manager.WDListener - After Find Element --->By.cssSelector: .dialog-container>h2
19:25:45.225 INFO  manager.WDListener - After Find Element --->(776, 441)
19:25:45.240 INFO  tests.TestBase - Assert check alert message 'Logged in success'
19:25:45.271 INFO  manager.WDListener - Before Find Element --->By.xpath: //button[text() = 'Ok']
19:25:45.287 INFO  manager.WDListener - After Find Element --->By.xpath: //button[text() = 'Ok']
19:25:45.303 INFO  manager.WDListener - After Find Element --->(986, 495)
19:25:45.319 INFO  manager.WDListener - Before click element --->buttontextOk
19:25:45.433 INFO  manager.WDListener - After click element --->buttontextOk
19:25:45.433 INFO  tests.TestBase - ==================================================
19:25:45.433 INFO  tests.TestBase - Name of Method --->loginSuccessObject
19:25:45.452 INFO  manager.WDListener - Before Find Element --->By.xpath: //*[text()=' Logout ']
19:25:45.484 INFO  manager.WDListener - After Find Element --->By.xpath: //*[text()=' Logout ']
19:25:45.517 INFO  manager.WDListener - After Find Element --->(1446, 24)
19:25:45.533 INFO  manager.WDListener - Before click element --->atextLogout
19:25:45.657 INFO  tests.TestBase - Before method finish logout
19:25:45.659 INFO  manager.WDListener - Before Find Element --->By.xpath: //a [text()=' Log in ']
19:25:45.682 INFO  manager.WDListener - After Find Element --->By.xpath: //a [text()=' Log in ']
19:25:45.699 INFO  manager.WDListener - After Find Element --->(1634, 24)
19:25:45.717 INFO  manager.WDListener - Before click element --->atextLog in
19:25:45.855 INFO  manager.WDListener - After click element --->atextLog in
19:25:45.855 INFO  manager.WDListener - Before Find Element --->By.id: email
19:25:45.876 INFO  manager.WDListener - After Find Element --->By.id: email
19:25:45.888 INFO  manager.WDListener - After Find Element --->(1341, 266)
19:25:45.922 INFO  manager.WDListener - Before click element --->inputtext
19:25:46.078 INFO  manager.WDListener - After click element --->inputtext
19:25:46.253 INFO  manager.WDListener - sendKeys --->inputtext
19:25:46.361 INFO  manager.WDListener - sendKeys --->inputtext
19:25:46.497 INFO  manager.WDListener - sendKeys --->inputtext
19:25:46.498 INFO  manager.WDListener - Before Find Element --->By.id: password
19:25:46.516 INFO  manager.WDListener - After Find Element --->By.id: password
19:25:46.531 INFO  manager.WDListener - After Find Element --->(1341, 343)
19:25:46.563 INFO  manager.WDListener - Before click element --->inputtext
19:25:46.702 INFO  manager.WDListener - After click element --->inputtext
19:25:46.835 INFO  manager.WDListener - sendKeys --->inputtext
19:25:46.901 INFO  manager.WDListener - sendKeys --->inputtext
19:25:47.001 INFO  manager.WDListener - sendKeys --->inputtext
19:25:47.001 INFO  tests.TestBase - Test data ---> email: 'test12@gmail.com' & password: 'vilevinQa!1234'
19:25:47.001 INFO  manager.WDListener - Before Find Element --->By.xpath: //*[@type='submit']
19:25:47.020 INFO  manager.WDListener - After Find Element --->By.xpath: //*[@type='submit']
19:25:47.037 INFO  manager.WDListener - After Find Element --->(1341, 414)
19:25:47.061 INFO  manager.WDListener - Before click element --->buttontextY’alla!
19:25:47.174 INFO  manager.WDListener - After click element --->buttontextY’alla!
19:25:49.177 INFO  manager.WDListener - Before Find Element --->By.cssSelector: .dialog-container>h2
19:25:49.196 INFO  manager.WDListener - After Find Element --->By.cssSelector: .dialog-container>h2
19:25:49.213 INFO  manager.WDListener - After Find Element --->(776, 441)
19:25:49.227 INFO  tests.TestBase - Assert check message 'Logged in success'
19:25:49.247 INFO  manager.WDListener - Before Find Element --->By.xpath: //button[text() = 'Ok']
19:25:49.269 INFO  manager.WDListener - After Find Element --->By.xpath: //button[text() = 'Ok']
19:25:49.285 INFO  manager.WDListener - After Find Element --->(986, 495)
19:25:49.309 INFO  manager.WDListener - Before click element --->buttontextOk
19:25:49.414 INFO  manager.WDListener - After click element --->buttontextOk
19:25:49.415 INFO  tests.TestBase - ==================================================
19:25:49.416 INFO  tests.TestBase - Name of Method --->loginUnregisteredUser
19:25:49.436 INFO  manager.WDListener - Before Find Element --->By.xpath: //*[text()=' Logout ']
19:25:49.457 INFO  manager.WDListener - After Find Element --->By.xpath: //*[text()=' Logout ']
19:25:49.490 INFO  manager.WDListener - After Find Element --->(1446, 24)
19:25:49.515 INFO  manager.WDListener - Before click element --->atextLogout
19:25:49.627 INFO  tests.TestBase - Before method finish logout
19:25:49.628 INFO  manager.WDListener - Before Find Element --->By.xpath: //a [text()=' Log in ']
19:25:49.647 INFO  manager.WDListener - After Find Element --->By.xpath: //a [text()=' Log in ']
19:25:49.663 INFO  manager.WDListener - After Find Element --->(1634, 24)
19:25:49.688 INFO  manager.WDListener - Before click element --->atextLog in
19:25:49.804 INFO  manager.WDListener - After click element --->atextLog in
19:25:49.805 INFO  manager.WDListener - Before Find Element --->By.id: email
19:25:49.824 INFO  manager.WDListener - After Find Element --->By.id: email
19:25:49.840 INFO  manager.WDListener - After Find Element --->(1341, 266)
19:25:49.862 INFO  manager.WDListener - Before click element --->inputtext
19:25:50.000 INFO  manager.WDListener - After click element --->inputtext
19:25:50.142 INFO  manager.WDListener - sendKeys --->inputtext
19:25:50.240 INFO  manager.WDListener - sendKeys --->inputtext
19:25:50.370 INFO  manager.WDListener - sendKeys --->inputtext
19:25:50.370 INFO  manager.WDListener - Before Find Element --->By.id: password
19:25:50.392 INFO  manager.WDListener - After Find Element --->By.id: password
19:25:50.412 INFO  manager.WDListener - After Find Element --->(1341, 343)
19:25:50.441 INFO  manager.WDListener - Before click element --->inputtext
19:25:50.584 INFO  manager.WDListener - After click element --->inputtext
19:25:50.708 INFO  manager.WDListener - sendKeys --->inputtext
19:25:50.783 INFO  manager.WDListener - sendKeys --->inputtext
19:25:50.884 INFO  manager.WDListener - sendKeys --->inputtext
19:25:50.884 INFO  tests.TestBase - Test data ---> email: '0535592367vi@gmail.com' & password: 'vilevinQa!1234'
19:25:50.884 INFO  manager.WDListener - Before Find Element --->By.xpath: //*[@type='submit']
19:25:50.904 INFO  manager.WDListener - After Find Element --->By.xpath: //*[@type='submit']
19:25:50.920 INFO  manager.WDListener - After Find Element --->(1341, 414)
19:25:50.943 INFO  manager.WDListener - Before click element --->buttontextY’alla!
19:25:51.050 INFO  manager.WDListener - After click element --->buttontextY’alla!
19:25:53.062 INFO  manager.WDListener - Before Find Element --->By.cssSelector: .dialog-container>h2
19:25:53.087 INFO  manager.WDListener - After Find Element --->By.cssSelector: .dialog-container>h2
19:25:53.107 INFO  manager.WDListener - After Find Element --->(776, 441)
19:25:53.122 INFO  tests.TestBase - Assert check alert message 'Login or Password incorrect'
19:25:53.145 INFO  manager.WDListener - Before Find Element --->By.xpath: //button[text() = 'Ok']
19:25:53.166 INFO  manager.WDListener - After Find Element --->By.xpath: //button[text() = 'Ok']
19:25:53.184 INFO  manager.WDListener - After Find Element --->(986, 495)
19:25:53.207 INFO  manager.WDListener - Before click element --->buttontextOk
19:25:53.315 INFO  manager.WDListener - After click element --->buttontextOk
19:25:53.316 INFO  tests.TestBase - ==================================================
19:25:53.317 INFO  tests.TestBase - Name of Method --->loginWrongEmail
19:25:58.367 INFO  manager.WDListener - Before Find Element --->By.xpath: //a [text()=' Log in ']
19:25:58.392 INFO  manager.WDListener - After Find Element --->By.xpath: //a [text()=' Log in ']
19:25:58.412 INFO  manager.WDListener - After Find Element --->(1634, 24)
19:25:58.438 INFO  manager.WDListener - Before click element --->atextLog in
19:25:58.560 INFO  manager.WDListener - After click element --->atextLog in
19:25:58.560 INFO  manager.WDListener - Before Find Element --->By.id: email
19:25:58.580 INFO  manager.WDListener - After Find Element --->By.id: email
19:25:58.598 INFO  manager.WDListener - After Find Element --->(1341, 266)
19:25:58.621 INFO  manager.WDListener - Before click element --->inputtext
19:25:58.754 INFO  manager.WDListener - After click element --->inputtext
19:25:58.920 INFO  manager.WDListener - sendKeys --->inputtext
19:25:59.003 INFO  manager.WDListener - sendKeys --->inputtext
19:25:59.106 INFO  manager.WDListener - sendKeys --->inputtext
19:25:59.106 INFO  manager.WDListener - Before Find Element --->By.id: password
19:25:59.123 INFO  manager.WDListener - After Find Element --->By.id: password
19:25:59.134 INFO  manager.WDListener - After Find Element --->(1341, 362)
19:25:59.158 INFO  manager.WDListener - Before click element --->inputtext
19:25:59.278 INFO  manager.WDListener - After click element --->inputtext
19:25:59.452 INFO  manager.WDListener - sendKeys --->inputtext
19:25:59.519 INFO  manager.WDListener - sendKeys --->inputtext
19:25:59.625 INFO  manager.WDListener - sendKeys --->inputtext
19:25:59.626 INFO  tests.TestBase - Test data ---> email: 'testest12gmail.com' & password: 'vilevinQa!1234'
19:25:59.626 INFO  manager.WDListener - Before Find Element --->By.xpath: //*[@type='submit']
19:25:59.646 INFO  manager.WDListener - After Find Element --->By.xpath: //*[@type='submit']
19:25:59.651 INFO  manager.WDListener - After Find Element --->(1341, 433)
19:25:59.689 INFO  manager.WDListener - Before click element --->buttontextY’alla!
19:25:59.821 INFO  manager.WDListener - After click element --->buttontextY’alla!
19:25:59.821 INFO  manager.WDListener - Before Find Element --->By.cssSelector: div.error
19:25:59.834 INFO  manager.WDListener - After Find Element --->By.cssSelector: div.error
19:25:59.865 INFO  manager.WDListener - After Find Element --->(1341, 312)
19:25:59.881 INFO  tests.TestBase - Assert check alert message 'It'snot look like email'
19:25:59.899 INFO  manager.WDListener - Before Find Element --->By.cssSelector: button[type = 'submit']
19:25:59.928 INFO  manager.WDListener - After Find Element --->By.cssSelector: button[type = 'submit']
19:25:59.944 INFO  manager.WDListener - After Find Element --->(1341, 433)
19:26:05.025 INFO  tests.TestBase - ==================================================
19:26:05.026 INFO  tests.TestBase - Name of Method --->loginWrongPassword
19:26:10.064 INFO  manager.WDListener - Before Find Element --->By.xpath: //a [text()=' Log in ']
19:26:10.084 INFO  manager.WDListener - After Find Element --->By.xpath: //a [text()=' Log in ']
19:26:10.100 INFO  manager.WDListener - After Find Element --->(1634, 24)
19:26:10.123 INFO  manager.WDListener - Before click element --->atextLog in
19:26:10.234 INFO  manager.WDListener - After click element --->atextLog in
19:26:10.234 INFO  manager.WDListener - Before Find Element --->By.id: email
19:26:10.251 INFO  manager.WDListener - After Find Element --->By.id: email
19:26:10.266 INFO  manager.WDListener - After Find Element --->(1341, 266)
19:26:10.287 INFO  manager.WDListener - Before click element --->inputtext
19:26:10.395 INFO  manager.WDListener - After click element --->inputtext
19:26:10.541 INFO  manager.WDListener - sendKeys --->inputtext
19:26:10.622 INFO  manager.WDListener - sendKeys --->inputtext
19:26:10.723 INFO  manager.WDListener - sendKeys --->inputtext
19:26:10.724 INFO  manager.WDListener - Before Find Element --->By.id: password
19:26:10.740 INFO  manager.WDListener - After Find Element --->By.id: password
19:26:10.756 INFO  manager.WDListener - After Find Element --->(1341, 343)
19:26:10.777 INFO  manager.WDListener - Before click element --->inputtext
19:26:10.893 INFO  manager.WDListener - After click element --->inputtext
19:26:11.027 INFO  manager.WDListener - sendKeys --->inputtext
19:26:11.098 INFO  manager.WDListener - sendKeys --->inputtext
19:26:11.181 INFO  manager.WDListener - sendKeys --->inputtext
19:26:11.182 INFO  tests.TestBase - Test data ---> email: 'test12@gmail.com' & password: 'vilevinQa1234'
19:26:11.182 INFO  manager.WDListener - Before Find Element --->By.xpath: //*[@type='submit']
19:26:11.199 INFO  manager.WDListener - After Find Element --->By.xpath: //*[@type='submit']
19:26:11.214 INFO  manager.WDListener - After Find Element --->(1341, 414)
19:26:11.236 INFO  manager.WDListener - Before click element --->buttontextY’alla!
19:26:11.337 INFO  manager.WDListener - After click element --->buttontextY’alla!
19:26:13.351 INFO  manager.WDListener - Before Find Element --->By.cssSelector: .dialog-container>h2
19:26:13.366 INFO  manager.WDListener - After Find Element --->By.cssSelector: .dialog-container>h2
19:26:13.382 INFO  manager.WDListener - After Find Element --->(776, 441)
19:26:13.397 INFO  tests.TestBase - Assert check alert message 'Login or Password incorrect'
19:26:13.414 INFO  manager.WDListener - Before Find Element --->By.xpath: //button[text() = 'Ok']
19:26:13.429 INFO  manager.WDListener - After Find Element --->By.xpath: //button[text() = 'Ok']
19:26:13.445 INFO  manager.WDListener - After Find Element --->(986, 495)
19:26:13.460 INFO  manager.WDListener - Before click element --->buttontextOk
19:26:13.567 INFO  manager.WDListener - After click element --->buttontextOk
19:26:13.567 INFO  tests.TestBase - ==================================================
