19:38:40.223 INFO  manager.ApplicationManager - All tests runs in Chrome Browser
19:38:42.214 INFO  manager.ApplicationManager - The link --->https://ilcarro.web.app/search
19:38:42.227 INFO  manager.TestNGListener - Start testing on date ---> Wed May 28 19:38:42 IDT 2025
19:38:42.252 INFO  tests.TestBase - Name of Method --->searchCurrentYearSuccess
19:38:42.254 INFO  manager.TestNGListener - Start testsearchCurrentYearSuccess
19:38:42.255 INFO  manager.WDListener - Before Find Element --->By.id: city
19:38:42.297 INFO  manager.WDListener - After Find Element --->By.id: city
19:38:42.320 INFO  manager.WDListener - After Find Element --->(192, 253)
19:38:42.356 INFO  manager.WDListener - Before click element --->inputtext
19:38:42.491 INFO  manager.WDListener - After click element --->inputtext
19:38:42.630 INFO  manager.WDListener - sendKeys --->inputtext
19:38:42.700 INFO  manager.WDListener - sendKeys --->inputtext
19:38:42.783 INFO  manager.WDListener - sendKeys --->inputtext
19:38:42.784 INFO  manager.WDListener - Before Find Element --->By.id: dates
19:38:42.816 INFO  manager.WDListener - After Find Element --->By.id: dates
19:38:42.833 INFO  manager.WDListener - After Find Element --->(192, 330)
19:38:42.860 INFO  manager.WDListener - Before click element --->inputtext
19:38:43.049 INFO  manager.WDListener - After click element --->inputtext
19:38:43.053 INFO  manager.TestNGListener - Fail testsearchCurrentYearSuccess
19:38:43.056 INFO  tests.TestBase - ==================================================
19:38:43.059 INFO  manager.TestNGListener - Finish testing on date ---> Wed May 28 19:38:43 IDT 2025
