18:44:15.986 INFO  manager.ApplicationManager - All tests runs in Chrome Browser
18:44:17.997 INFO  manager.ApplicationManager - The link --->https://ilcarro.web.app/search
18:44:18.010 INFO  manager.TestNGListener - Start testing on date ---> Wed May 28 18:44:18 IDT 2025
18:44:18.039 INFO  tests.TestBase - Name of Method --->searchCurrentMonthSuccess
18:44:18.042 INFO  manager.TestNGListener - Start testsearchCurrentMonthSuccess
18:44:18.044 INFO  manager.WDListener - Before Find Element --->By.id: city
18:44:18.089 INFO  manager.WDListener - After Find Element --->By.id: city
18:44:18.110 INFO  manager.WDListener - After Find Element --->(192, 253)
18:44:18.141 INFO  manager.WDListener - Before click element --->inputtext
18:44:18.288 INFO  manager.WDListener - After click element --->inputtext
18:44:18.419 INFO  manager.WDListener - sendKeys --->inputtext
18:44:18.494 INFO  manager.WDListener - sendKeys --->inputtext
18:44:18.580 INFO  manager.WDListener - sendKeys --->inputtext
18:44:18.581 INFO  manager.WDListener - Before Find Element --->By.cssSelector: div.pac-item
18:44:19.117 INFO  manager.WDListener - After Find Element --->By.cssSelector: div.pac-item
18:44:19.134 INFO  manager.WDListener - After Find Element --->(192, 301)
18:44:19.160 INFO  manager.WDListener - Before click element --->divtextTel AvivIsrael
18:44:19.275 INFO  manager.WDListener - Before Find Element --->By.id: dates
18:44:19.308 INFO  manager.WDListener - After Find Element --->By.id: dates
18:44:19.322 INFO  manager.WDListener - After Find Element --->(192, 349)
18:44:19.347 INFO  manager.WDListener - Before click element --->inputtext
18:44:19.554 INFO  manager.WDListener - After click element --->inputtext
18:44:19.555 INFO  manager.WDListener - Before Find Element --->By.xpath: //div[text()=' 29 ']
18:44:19.588 INFO  manager.WDListener - After Find Element --->By.xpath: //div[text()=' 29 ']
18:44:19.606 INFO  manager.WDListener - After Find Element --->(362, 636)
18:44:19.629 INFO  manager.WDListener - Before click element --->divtext29
18:44:19.758 INFO  manager.WDListener - Before Find Element --->By.xpath: //div[text()=' 31 ']
18:44:19.794 INFO  manager.WDListener - After Find Element --->By.xpath: //div[text()=' 31 ']
18:44:19.810 INFO  manager.WDListener - After Find Element --->(442, 643)
18:44:19.834 INFO  manager.WDListener - Before click element --->divtext31
18:44:19.951 INFO  manager.WDListener - After click element --->divtext
18:44:19.951 INFO  manager.WDListener - Before Find Element --->By.xpath: //*[@type='submit']
18:44:19.984 INFO  manager.WDListener - After Find Element --->By.xpath: //*[@type='submit']
18:44:20.000 INFO  manager.WDListener - After Find Element --->(192, 393)
18:44:20.024 INFO  manager.WDListener - Before click element --->buttontextY’alla!
18:44:20.175 INFO  manager.WDListener - Before Find Element --->By.xpath: //*[@type='submit']
18:44:20.210 INFO  manager.WDListener - After Find Element --->By.xpath: //*[@type='submit']
18:44:20.228 INFO  manager.WDListener - After Find Element --->(546, 405)
18:44:20.249 INFO  manager.WDListener - Before click element --->buttontextSearch
18:44:20.379 INFO  manager.WDListener - After click element --->buttontextSearch
18:44:20.381 INFO  manager.TestNGListener - Success testsearchCurrentMonthSuccess
18:44:20.382 INFO  tests.TestBase - ==================================================
18:44:20.385 INFO  manager.TestNGListener - Finish testing on date ---> Wed May 28 18:44:20 IDT 2025
