18:47:37.690 INFO  manager.ApplicationManager - All tests runs in Chrome Browser
18:47:39.845 INFO  manager.ApplicationManager - The link --->https://ilcarro.web.app/search
18:47:39.858 INFO  manager.TestNGListener - Start testing on date ---> Wed May 28 18:47:39 IDT 2025
18:47:39.883 INFO  tests.TestBase - Name of Method --->searchCurrentMonthSuccess
18:47:39.885 INFO  manager.TestNGListener - Start testsearchCurrentMonthSuccess
18:47:39.887 INFO  manager.WDListener - Before Find Element --->By.id: city
18:47:39.930 INFO  manager.WDListener - After Find Element --->By.id: city
18:47:39.952 INFO  manager.WDListener - After Find Element --->(192, 253)
18:47:39.985 INFO  manager.WDListener - Before click element --->inputtext
18:47:40.131 INFO  manager.WDListener - After click element --->inputtext
18:47:40.260 INFO  manager.WDListener - sendKeys --->inputtext
18:47:40.331 INFO  manager.WDListener - sendKeys --->inputtext
18:47:40.414 INFO  manager.WDListener - sendKeys --->inputtext
18:47:40.415 INFO  manager.WDListener - Before Find Element --->By.cssSelector: div.pac-item
18:47:40.765 INFO  manager.WDListener - After Find Element --->By.cssSelector: div.pac-item
18:47:40.783 INFO  manager.WDListener - After Find Element --->(192, 301)
18:47:40.810 INFO  manager.WDListener - Before click element --->divtextTel AvivIsrael
18:47:40.924 INFO  manager.WDListener - Before Find Element --->By.id: dates
18:47:40.958 INFO  manager.WDListener - After Find Element --->By.id: dates
18:47:40.974 INFO  manager.WDListener - After Find Element --->(192, 349)
18:47:40.999 INFO  manager.WDListener - Before click element --->inputtext
18:47:41.196 INFO  manager.WDListener - After click element --->inputtext
18:47:41.197 INFO  manager.WDListener - Before Find Element --->By.xpath: //div[text()=' 29 ']
18:47:41.230 INFO  manager.WDListener - After Find Element --->By.xpath: //div[text()=' 29 ']
18:47:41.248 INFO  manager.WDListener - After Find Element --->(362, 655)
18:47:41.273 INFO  manager.WDListener - Before click element --->divtext29
18:47:41.397 INFO  manager.WDListener - Before Find Element --->By.xpath: //div[text()=' 31 ']
18:47:41.433 INFO  manager.WDListener - After Find Element --->By.xpath: //div[text()=' 31 ']
18:47:41.450 INFO  manager.WDListener - After Find Element --->(442, 662)
18:47:41.474 INFO  manager.WDListener - Before click element --->divtext31
18:47:41.599 INFO  manager.WDListener - After click element --->divtext
18:47:41.600 INFO  manager.WDListener - Before Find Element --->By.xpath: //*[@type='submit']
18:47:41.633 INFO  manager.WDListener - After Find Element --->By.xpath: //*[@type='submit']
18:47:41.651 INFO  manager.WDListener - After Find Element --->(192, 393)
18:47:41.679 INFO  manager.WDListener - Before click element --->buttontextY’alla!
18:47:41.844 INFO  manager.WDListener - Before Find Element --->By.xpath: //*[@type='submit']
18:47:41.873 INFO  manager.WDListener - After Find Element --->By.xpath: //*[@type='submit']
18:47:41.890 INFO  manager.WDListener - After Find Element --->(546, 405)
18:47:41.915 INFO  manager.WDListener - Before click element --->buttontextSearch
18:47:42.048 INFO  manager.WDListener - After click element --->buttontextSearch
18:47:57.397 INFO  manager.TestNGListener - Success testsearchCurrentMonthSuccess
18:47:57.398 INFO  tests.TestBase - ==================================================
18:47:57.401 INFO  manager.TestNGListener - Finish testing on date ---> Wed May 28 18:47:57 IDT 2025
