20:34:55.273 INFO  manager.ApplicationManager - All tests runs in Chrome Browser
20:34:57.070 INFO  manager.ApplicationManager - The link --->https://ilcarro.web.app/search
20:35:02.175 INFO  manager.WDListener - Before Find Element --->By.xpath: //a [text()=' Log in ']
20:35:02.222 INFO  manager.WDListener - After Find Element --->By.xpath: //a [text()=' Log in ']
20:35:02.249 INFO  manager.WDListener - After Find Element --->(1634, 24)
20:35:02.286 INFO  manager.WDListener - Before click element --->atextLog in
20:35:02.439 INFO  manager.WDListener - After click element --->atextLog in
20:35:02.440 INFO  manager.WDListener - Before Find Element --->By.id: email
20:35:02.477 INFO  manager.WDListener - After Find Element --->By.id: email
20:35:02.495 INFO  manager.WDListener - After Find Element --->(1341, 266)
20:35:02.521 INFO  manager.WDListener - Before click element --->inputtext
20:35:02.680 INFO  manager.WDListener - After click element --->inputtext
20:35:02.864 INFO  manager.WDListener - sendKeys --->inputtext
20:35:02.969 INFO  manager.WDListener - sendKeys --->inputtext
20:35:03.085 INFO  manager.WDListener - sendKeys --->inputtext
20:35:03.086 INFO  manager.WDListener - Before Find Element --->By.id: password
20:35:03.119 INFO  manager.WDListener - After Find Element --->By.id: password
20:35:03.135 INFO  manager.WDListener - After Find Element --->(1341, 343)
20:35:03.153 INFO  manager.WDListener - Before click element --->inputtext
20:35:03.269 INFO  manager.WDListener - After click element --->inputtext
20:35:03.385 INFO  manager.WDListener - sendKeys --->inputtext
20:35:03.453 INFO  manager.WDListener - sendKeys --->inputtext
20:35:03.551 INFO  manager.WDListener - sendKeys --->inputtext
20:35:03.552 INFO  manager.WDListener - Before Find Element --->By.xpath: //*[@type='submit']
20:35:03.585 INFO  manager.WDListener - After Find Element --->By.xpath: //*[@type='submit']
20:35:03.607 INFO  manager.WDListener - After Find Element --->(1341, 414)
20:35:03.632 INFO  manager.WDListener - Before click element --->buttontextY’alla!
20:35:03.764 INFO  manager.WDListener - After click element --->buttontextY’alla!
20:35:04.730 INFO  manager.WDListener - Before Find Element --->By.xpath: //button[text() = 'Ok']
20:35:04.766 INFO  manager.WDListener - After Find Element --->By.xpath: //button[text() = 'Ok']
20:35:04.781 INFO  manager.WDListener - After Find Element --->(984, 492)
20:35:04.813 INFO  manager.WDListener - Before click element --->buttontextOk
20:35:04.935 INFO  manager.WDListener - After click element --->buttontextOk
20:35:04.955 INFO  tests.TestBase - Name of Method --->addNewCarSuccessAll
20:35:04.955 INFO  tests.TestBase - Start
20:35:09.962 INFO  manager.WDListener - Before Find Element --->By.xpath: //a[@href='let-car-work']
20:35:10.000 INFO  manager.WDListener - After Find Element --->By.xpath: //a[@href='let-car-work']
20:35:10.017 INFO  manager.WDListener - After Find Element --->(1411, 1889)
20:35:10.041 INFO  manager.WDListener - Before click element --->atextLet the car work
20:35:10.576 INFO  manager.WDListener - Before Find Element --->By.id: pickUpPlace
20:35:10.612 INFO  manager.WDListener - After Find Element --->By.id: pickUpPlace
20:35:10.634 INFO  manager.WDListener - After Find Element --->(172, 360)
20:35:10.660 INFO  manager.WDListener - Before click element --->inputtext
20:35:10.796 INFO  manager.WDListener - After click element --->inputtext
20:35:10.922 INFO  manager.WDListener - sendKeys --->inputtext
20:35:10.994 INFO  manager.WDListener - sendKeys --->inputtext
20:35:11.097 INFO  manager.WDListener - sendKeys --->inputtext
20:35:11.097 INFO  manager.WDListener - Before Find Element --->By.cssSelector: div.pac-item
20:35:11.701 INFO  manager.WDListener - After Find Element --->By.cssSelector: div.pac-item
20:35:11.717 INFO  manager.WDListener - After Find Element --->(173, 408)
20:35:11.732 INFO  manager.WDListener - Before click element --->divtextTel AvivIsrael
20:35:11.862 INFO  manager.WDListener - Before Find Element --->By.id: make
20:35:11.887 INFO  manager.WDListener - After Find Element --->By.id: make
20:35:11.902 INFO  manager.WDListener - After Find Element --->(172, 553)
20:35:11.918 INFO  manager.WDListener - Before click element --->inputtext
20:35:12.054 INFO  manager.WDListener - After click element --->inputtext
20:35:12.161 INFO  manager.WDListener - sendKeys --->inputtext
20:35:12.237 INFO  manager.WDListener - sendKeys --->inputtext
20:35:12.303 INFO  manager.WDListener - sendKeys --->inputtext
20:35:12.303 INFO  manager.WDListener - Before Find Element --->By.id: model
20:35:12.339 INFO  manager.WDListener - After Find Element --->By.id: model
20:35:12.370 INFO  manager.WDListener - After Find Element --->(172, 636)
20:35:12.398 INFO  manager.WDListener - Before click element --->inputtext
20:35:12.537 INFO  manager.WDListener - After click element --->inputtext
20:35:12.673 INFO  manager.WDListener - sendKeys --->inputtext
20:35:12.752 INFO  manager.WDListener - sendKeys --->inputtext
20:35:12.832 INFO  manager.WDListener - sendKeys --->inputtext
20:35:12.833 INFO  manager.WDListener - Before Find Element --->By.id: year
20:35:12.862 INFO  manager.WDListener - After Find Element --->By.id: year
20:35:12.884 INFO  manager.WDListener - After Find Element --->(172, 713)
20:35:12.900 INFO  manager.WDListener - Before click element --->inputtext
20:35:13.051 INFO  manager.WDListener - After click element --->inputtext
20:35:13.199 INFO  manager.WDListener - sendKeys --->inputtext
20:35:13.298 INFO  manager.WDListener - sendKeys --->inputtext
20:35:13.398 INFO  manager.WDListener - sendKeys --->inputtext
20:35:13.401 INFO  manager.WDListener - Before Find Element --->By.id: fuel
20:35:13.428 INFO  manager.WDListener - After Find Element --->By.id: fuel
20:35:13.447 INFO  manager.WDListener - After Find Element --->(172, 789)
20:35:13.568 INFO  manager.WDListener - Before click element --->optiontextPetrol
20:35:13.643 INFO  manager.WDListener - After click element --->optiontextPetrol
20:35:13.643 INFO  manager.WDListener - Before Find Element --->By.id: seats
20:35:13.673 INFO  manager.WDListener - After Find Element --->By.id: seats
20:35:13.693 INFO  manager.WDListener - After Find Element --->(172, 868)
20:35:13.717 INFO  manager.WDListener - Before click element --->inputtext
20:35:13.854 INFO  manager.WDListener - After click element --->inputtext
20:35:13.987 INFO  manager.WDListener - sendKeys --->inputtext
20:35:14.075 INFO  manager.WDListener - sendKeys --->inputtext
20:35:14.161 INFO  manager.WDListener - sendKeys --->inputtext
20:35:14.161 INFO  manager.WDListener - Before Find Element --->By.id: class
20:35:14.187 INFO  manager.WDListener - After Find Element --->By.id: class
20:35:14.203 INFO  manager.WDListener - After Find Element --->(172, 944)
20:35:14.224 INFO  manager.WDListener - Before click element --->inputtext
20:35:14.348 INFO  manager.WDListener - After click element --->inputtext
20:35:14.463 INFO  manager.WDListener - sendKeys --->inputtext
20:35:14.539 INFO  manager.WDListener - sendKeys --->inputtext
20:35:14.615 INFO  manager.WDListener - sendKeys --->inputtext
20:35:14.615 INFO  manager.WDListener - Before Find Element --->By.id: serialNumber
20:35:14.643 INFO  manager.WDListener - After Find Element --->By.id: serialNumber
20:35:14.662 INFO  manager.WDListener - After Find Element --->(172, 1021)
20:35:14.687 INFO  manager.WDListener - Before click element --->inputtext
20:35:14.826 INFO  manager.WDListener - After click element --->inputtext
20:35:14.944 INFO  manager.WDListener - sendKeys --->inputtext
20:35:15.014 INFO  manager.WDListener - sendKeys --->inputtext
20:35:15.113 INFO  manager.WDListener - sendKeys --->inputtext
20:35:15.119 INFO  manager.WDListener - Before Find Element --->By.id: price
20:35:15.148 INFO  manager.WDListener - After Find Element --->By.id: price
20:35:15.170 INFO  manager.WDListener - After Find Element --->(172, 1097)
20:35:15.198 INFO  manager.WDListener - Before click element --->inputtext
20:35:15.348 INFO  manager.WDListener - After click element --->inputtext
20:35:15.498 INFO  manager.WDListener - sendKeys --->inputtext
20:35:15.598 INFO  manager.WDListener - sendKeys --->inputtext
20:35:15.704 INFO  manager.WDListener - sendKeys --->inputtext
20:35:15.704 INFO  manager.WDListener - Before Find Element --->By.id: about
20:35:15.732 INFO  manager.WDListener - After Find Element --->By.id: about
20:35:15.751 INFO  manager.WDListener - After Find Element --->(172, 1215)
20:35:15.775 INFO  manager.WDListener - Before click element --->textareatext
20:35:15.918 INFO  manager.WDListener - After click element --->textareatext
20:35:16.028 INFO  manager.WDListener - sendKeys --->textareatext
20:35:16.101 INFO  manager.WDListener - sendKeys --->textareatext
20:35:16.196 INFO  manager.WDListener - sendKeys --->textareatext
20:35:16.196 INFO  manager.WDListener - Before Find Element --->By.id: photos
20:35:16.223 INFO  manager.WDListener - After Find Element --->By.id: photos
20:35:16.242 INFO  manager.WDListener - After Find Element --->(172, 1556)
20:35:16.330 INFO  manager.WDListener - sendKeys --->inputtext
20:35:16.330 INFO  manager.WDListener - Before Find Element --->By.xpath: //*[@type='submit']
20:35:16.353 INFO  manager.WDListener - After Find Element --->By.xpath: //*[@type='submit']
20:35:16.371 INFO  manager.WDListener - After Find Element --->(172, 1656)
20:35:16.394 INFO  manager.WDListener - Before click element --->buttontextSubmit
20:35:16.544 INFO  manager.WDListener - After click element --->buttontextSubmit
20:35:19.793 INFO  manager.WDListener - Before Find Element --->By.cssSelector: .dialog-container>h2
20:35:19.826 INFO  manager.WDListener - After Find Element --->By.cssSelector: .dialog-container>h2
20:35:19.847 INFO  manager.WDListener - After Find Element --->(776, 441)
20:35:21.875 INFO  manager.WDListener - Before Find Element --->By.cssSelector: .dialog-container>h2
20:35:21.899 INFO  manager.WDListener - After Find Element --->By.cssSelector: .dialog-container>h2
20:35:21.919 INFO  manager.WDListener - After Find Element --->(776, 441)
20:35:21.934 INFO  tests.TestBase - End
20:35:21.937 INFO  manager.WDListener - Before Find Element --->By.xpath: //button[text()='Search cars']
20:35:21.966 INFO  manager.WDListener - After Find Element --->By.xpath: //button[text()='Search cars']
20:35:21.984 INFO  manager.WDListener - After Find Element --->(922, 495)
20:35:22.007 INFO  manager.WDListener - Before click element --->buttontextSearch cars
20:35:22.128 INFO  manager.WDListener - After click element --->buttontextSearch cars
20:35:22.129 INFO  tests.TestBase - ==================================================
20:35:22.131 INFO  tests.TestBase - Name of Method --->addNewCarSuccessRequired
20:35:22.132 INFO  tests.TestBase - Start
20:35:27.146 INFO  manager.WDListener - Before Find Element --->By.xpath: //a[@href='let-car-work']
20:35:27.170 INFO  manager.WDListener - After Find Element --->By.xpath: //a[@href='let-car-work']
20:35:27.189 INFO  manager.WDListener - After Find Element --->(1411, 1889)
20:35:27.212 INFO  manager.WDListener - Before click element --->atextLet the car work
20:35:27.538 INFO  manager.WDListener - Before Find Element --->By.id: pickUpPlace
20:35:27.558 INFO  manager.WDListener - After Find Element --->By.id: pickUpPlace
20:35:27.576 INFO  manager.WDListener - After Find Element --->(172, 360)
20:35:27.599 INFO  manager.WDListener - Before click element --->inputtext
20:35:27.722 INFO  manager.WDListener - After click element --->inputtext
20:35:27.831 INFO  manager.WDListener - sendKeys --->inputtext
20:35:27.902 INFO  manager.WDListener - sendKeys --->inputtext
20:35:27.996 INFO  manager.WDListener - sendKeys --->inputtext
20:35:27.997 INFO  manager.WDListener - Before Find Element --->By.cssSelector: div.pac-item
20:35:28.327 INFO  manager.WDListener - After Find Element --->By.cssSelector: div.pac-item
20:35:28.343 INFO  manager.WDListener - After Find Element --->(173, 408)
20:35:28.367 INFO  manager.WDListener - Before click element --->divtextTel AvivIsrael
20:35:28.462 INFO  manager.WDListener - Before Find Element --->By.id: make
20:35:28.479 INFO  manager.WDListener - After Find Element --->By.id: make
20:35:28.497 INFO  manager.WDListener - After Find Element --->(172, 553)
20:35:28.519 INFO  manager.WDListener - Before click element --->inputtext
20:35:28.648 INFO  manager.WDListener - After click element --->inputtext
20:35:28.758 INFO  manager.WDListener - sendKeys --->inputtext
20:35:28.831 INFO  manager.WDListener - sendKeys --->inputtext
20:35:28.902 INFO  manager.WDListener - sendKeys --->inputtext
20:35:28.902 INFO  manager.WDListener - Before Find Element --->By.id: model
20:35:28.922 INFO  manager.WDListener - After Find Element --->By.id: model
20:35:28.939 INFO  manager.WDListener - After Find Element --->(172, 636)
20:35:28.963 INFO  manager.WDListener - Before click element --->inputtext
20:35:29.100 INFO  manager.WDListener - After click element --->inputtext
20:35:29.202 INFO  manager.WDListener - sendKeys --->inputtext
20:35:29.252 INFO  manager.WDListener - sendKeys --->inputtext
20:35:29.335 INFO  manager.WDListener - sendKeys --->inputtext
20:35:29.335 INFO  manager.WDListener - Before Find Element --->By.id: year
20:35:29.352 INFO  manager.WDListener - After Find Element --->By.id: year
20:35:29.369 INFO  manager.WDListener - After Find Element --->(172, 713)
20:35:29.391 INFO  manager.WDListener - Before click element --->inputtext
20:35:29.487 INFO  manager.WDListener - After click element --->inputtext
20:35:29.620 INFO  manager.WDListener - sendKeys --->inputtext
20:35:29.704 INFO  manager.WDListener - sendKeys --->inputtext
20:35:29.804 INFO  manager.WDListener - sendKeys --->inputtext
20:35:29.804 INFO  manager.WDListener - Before Find Element --->By.id: fuel
20:35:29.823 INFO  manager.WDListener - After Find Element --->By.id: fuel
20:35:29.836 INFO  manager.WDListener - After Find Element --->(172, 789)
20:35:29.929 INFO  manager.WDListener - Before click element --->optiontextPetrol
20:35:29.983 INFO  manager.WDListener - After click element --->optiontextPetrol
20:35:29.983 INFO  manager.WDListener - Before Find Element --->By.id: seats
20:35:30.003 INFO  manager.WDListener - After Find Element --->By.id: seats
20:35:30.019 INFO  manager.WDListener - After Find Element --->(172, 868)
20:35:30.037 INFO  manager.WDListener - Before click element --->inputtext
20:35:30.157 INFO  manager.WDListener - After click element --->inputtext
20:35:30.287 INFO  manager.WDListener - sendKeys --->inputtext
20:35:30.371 INFO  manager.WDListener - sendKeys --->inputtext
20:35:30.454 INFO  manager.WDListener - sendKeys --->inputtext
20:35:30.454 INFO  manager.WDListener - Before Find Element --->By.id: class
20:35:30.486 INFO  manager.WDListener - After Find Element --->By.id: class
20:35:30.502 INFO  manager.WDListener - After Find Element --->(172, 944)
20:35:30.518 INFO  manager.WDListener - Before click element --->inputtext
20:35:30.667 INFO  manager.WDListener - After click element --->inputtext
20:35:30.770 INFO  manager.WDListener - sendKeys --->inputtext
20:35:30.839 INFO  manager.WDListener - sendKeys --->inputtext
20:35:30.903 INFO  manager.WDListener - sendKeys --->inputtext
20:35:30.903 INFO  manager.WDListener - Before Find Element --->By.id: serialNumber
20:35:30.921 INFO  manager.WDListener - After Find Element --->By.id: serialNumber
20:35:30.938 INFO  manager.WDListener - After Find Element --->(172, 1021)
20:35:30.960 INFO  manager.WDListener - Before click element --->inputtext
20:35:31.092 INFO  manager.WDListener - After click element --->inputtext
20:35:31.198 INFO  manager.WDListener - sendKeys --->inputtext
20:35:31.267 INFO  manager.WDListener - sendKeys --->inputtext
20:35:31.358 INFO  manager.WDListener - sendKeys --->inputtext
20:35:31.358 INFO  manager.WDListener - Before Find Element --->By.id: price
20:35:31.377 INFO  manager.WDListener - After Find Element --->By.id: price
20:35:31.394 INFO  manager.WDListener - After Find Element --->(172, 1097)
20:35:31.419 INFO  manager.WDListener - Before click element --->inputtext
20:35:31.539 INFO  manager.WDListener - After click element --->inputtext
20:35:31.661 INFO  manager.WDListener - sendKeys --->inputtext
20:35:31.742 INFO  manager.WDListener - sendKeys --->inputtext
20:35:31.828 INFO  manager.WDListener - sendKeys --->inputtext
20:35:31.828 INFO  manager.WDListener - Before Find Element --->By.id: about
20:35:31.846 INFO  manager.WDListener - After Find Element --->By.id: about
20:35:31.862 INFO  manager.WDListener - After Find Element --->(172, 1215)
20:35:31.883 INFO  manager.WDListener - Before click element --->textareatext
20:35:31.997 INFO  manager.WDListener - After click element --->textareatext
20:35:32.097 INFO  manager.WDListener - sendKeys --->textareatext
20:35:32.167 INFO  manager.WDListener - sendKeys --->textareatext
20:35:32.168 INFO  manager.WDListener - Before Find Element --->By.xpath: //*[@type='submit']
20:35:32.186 INFO  manager.WDListener - After Find Element --->By.xpath: //*[@type='submit']
20:35:32.204 INFO  manager.WDListener - After Find Element --->(172, 1607)
20:35:32.226 INFO  manager.WDListener - Before click element --->buttontextSubmit
20:35:32.342 INFO  manager.WDListener - After click element --->buttontextSubmit
20:35:35.355 INFO  manager.WDListener - Before Find Element --->By.cssSelector: .dialog-container>h2
20:35:35.376 INFO  manager.WDListener - After Find Element --->By.cssSelector: .dialog-container>h2
20:35:35.393 INFO  manager.WDListener - After Find Element --->(776, 441)
20:35:37.414 INFO  manager.WDListener - Before Find Element --->By.cssSelector: .dialog-container>h2
20:35:37.429 INFO  manager.WDListener - After Find Element --->By.cssSelector: .dialog-container>h2
20:35:37.445 INFO  manager.WDListener - After Find Element --->(776, 441)
20:35:37.461 INFO  tests.TestBase - End
20:35:37.461 INFO  manager.WDListener - Before Find Element --->By.xpath: //button[text()='Search cars']
20:35:37.476 INFO  manager.WDListener - After Find Element --->By.xpath: //button[text()='Search cars']
20:35:37.492 INFO  manager.WDListener - After Find Element --->(922, 495)
20:35:37.524 INFO  manager.WDListener - Before click element --->buttontextSearch cars
20:35:37.620 INFO  manager.WDListener - After click element --->buttontextSearch cars
20:35:37.620 INFO  tests.TestBase - ==================================================
20:35:37.620 INFO  tests.TestBase - Name of Method --->addNewCarWrongPrice
20:35:37.620 INFO  tests.TestBase - Start
20:35:42.622 INFO  manager.WDListener - Before Find Element --->By.xpath: //a[@href='let-car-work']
20:35:42.637 INFO  manager.WDListener - After Find Element --->By.xpath: //a[@href='let-car-work']
20:35:42.653 INFO  manager.WDListener - After Find Element --->(1411, 1889)
20:35:42.684 INFO  manager.WDListener - Before click element --->atextLet the car work
20:35:43.007 INFO  manager.WDListener - Before Find Element --->By.id: pickUpPlace
20:35:43.027 INFO  manager.WDListener - After Find Element --->By.id: pickUpPlace
20:35:43.043 INFO  manager.WDListener - After Find Element --->(172, 360)
20:35:43.064 INFO  manager.WDListener - Before click element --->inputtext
20:35:43.180 INFO  manager.WDListener - After click element --->inputtext
20:35:43.283 INFO  manager.WDListener - sendKeys --->inputtext
20:35:43.345 INFO  manager.WDListener - sendKeys --->inputtext
20:35:43.437 INFO  manager.WDListener - sendKeys --->inputtext
20:35:43.437 INFO  manager.WDListener - Before Find Element --->By.cssSelector: div.pac-item
20:35:43.763 INFO  manager.WDListener - After Find Element --->By.cssSelector: div.pac-item
20:35:43.780 INFO  manager.WDListener - After Find Element --->(173, 408)
20:35:43.803 INFO  manager.WDListener - Before click element --->divtextTel AvivIsrael
20:35:43.895 INFO  manager.WDListener - Before Find Element --->By.id: make
20:35:43.913 INFO  manager.WDListener - After Find Element --->By.id: make
20:35:43.929 INFO  manager.WDListener - After Find Element --->(172, 553)
20:35:43.951 INFO  manager.WDListener - Before click element --->inputtext
20:35:44.080 INFO  manager.WDListener - After click element --->inputtext
20:35:44.183 INFO  manager.WDListener - sendKeys --->inputtext
20:35:44.246 INFO  manager.WDListener - sendKeys --->inputtext
20:35:44.334 INFO  manager.WDListener - sendKeys --->inputtext
20:35:44.335 INFO  manager.WDListener - Before Find Element --->By.id: model
20:35:44.353 INFO  manager.WDListener - After Find Element --->By.id: model
20:35:44.367 INFO  manager.WDListener - After Find Element --->(172, 636)
20:35:44.391 INFO  manager.WDListener - Before click element --->inputtext
20:35:44.531 INFO  manager.WDListener - After click element --->inputtext
20:35:44.655 INFO  manager.WDListener - sendKeys --->inputtext
20:35:44.727 INFO  manager.WDListener - sendKeys --->inputtext
20:35:44.832 INFO  manager.WDListener - sendKeys --->inputtext
20:35:44.833 INFO  manager.WDListener - Before Find Element --->By.id: year
20:35:44.850 INFO  manager.WDListener - After Find Element --->By.id: year
20:35:44.872 INFO  manager.WDListener - After Find Element --->(172, 713)
20:35:44.897 INFO  manager.WDListener - Before click element --->inputtext
20:35:45.038 INFO  manager.WDListener - After click element --->inputtext
20:35:45.173 INFO  manager.WDListener - sendKeys --->inputtext
20:35:45.267 INFO  manager.WDListener - sendKeys --->inputtext
20:35:45.365 INFO  manager.WDListener - sendKeys --->inputtext
20:35:45.365 INFO  manager.WDListener - Before Find Element --->By.id: fuel
20:35:45.384 INFO  manager.WDListener - After Find Element --->By.id: fuel
20:35:45.401 INFO  manager.WDListener - After Find Element --->(172, 789)
20:35:45.498 INFO  manager.WDListener - Before click element --->optiontextPetrol
20:35:45.553 INFO  manager.WDListener - After click element --->optiontextPetrol
20:35:45.553 INFO  manager.WDListener - Before Find Element --->By.id: seats
20:35:45.571 INFO  manager.WDListener - After Find Element --->By.id: seats
20:35:45.589 INFO  manager.WDListener - After Find Element --->(172, 868)
20:35:45.612 INFO  manager.WDListener - Before click element --->inputtext
20:35:45.725 INFO  manager.WDListener - After click element --->inputtext
20:35:45.842 INFO  manager.WDListener - sendKeys --->inputtext
20:35:45.926 INFO  manager.WDListener - sendKeys --->inputtext
20:35:46.006 INFO  manager.WDListener - sendKeys --->inputtext
20:35:46.006 INFO  manager.WDListener - Before Find Element --->By.id: class
20:35:46.025 INFO  manager.WDListener - After Find Element --->By.id: class
20:35:46.040 INFO  manager.WDListener - After Find Element --->(172, 944)
20:35:46.061 INFO  manager.WDListener - Before click element --->inputtext
20:35:46.184 INFO  manager.WDListener - After click element --->inputtext
20:35:46.285 INFO  manager.WDListener - sendKeys --->inputtext
20:35:46.349 INFO  manager.WDListener - sendKeys --->inputtext
20:35:46.411 INFO  manager.WDListener - sendKeys --->inputtext
20:35:46.412 INFO  manager.WDListener - Before Find Element --->By.id: serialNumber
20:35:46.429 INFO  manager.WDListener - After Find Element --->By.id: serialNumber
20:35:46.445 INFO  manager.WDListener - After Find Element --->(172, 1021)
20:35:46.466 INFO  manager.WDListener - Before click element --->inputtext
20:35:46.617 INFO  manager.WDListener - After click element --->inputtext
20:35:46.743 INFO  manager.WDListener - sendKeys --->inputtext
20:35:46.823 INFO  manager.WDListener - sendKeys --->inputtext
20:35:46.925 INFO  manager.WDListener - sendKeys --->inputtext
20:35:46.926 INFO  manager.WDListener - Before Find Element --->By.id: price
20:35:46.947 INFO  manager.WDListener - After Find Element --->By.id: price
20:35:46.968 INFO  manager.WDListener - After Find Element --->(172, 1097)
20:35:46.994 INFO  manager.WDListener - Before click element --->inputtext
20:35:47.137 INFO  manager.WDListener - After click element --->inputtext
20:35:47.288 INFO  manager.WDListener - sendKeys --->inputtext
20:35:47.402 INFO  manager.WDListener - sendKeys --->inputtext
20:35:47.501 INFO  manager.WDListener - sendKeys --->inputtext
20:35:47.501 INFO  manager.WDListener - Before Find Element --->By.id: about
20:35:47.520 INFO  manager.WDListener - After Find Element --->By.id: about
20:35:47.536 INFO  manager.WDListener - After Find Element --->(172, 1215)
20:35:47.567 INFO  manager.WDListener - Before click element --->textareatext
20:35:47.714 INFO  manager.WDListener - After click element --->textareatext
20:35:47.839 INFO  manager.WDListener - sendKeys --->textareatext
20:35:47.914 INFO  manager.WDListener - sendKeys --->textareatext
20:35:48.024 INFO  manager.WDListener - sendKeys --->textareatext
20:35:48.024 INFO  manager.WDListener - Before Find Element --->By.xpath: //*[@type='submit']
20:35:48.036 INFO  manager.WDListener - After Find Element --->By.xpath: //*[@type='submit']
20:35:48.052 INFO  manager.WDListener - After Find Element --->(172, 1607)
20:35:48.083 INFO  manager.WDListener - Before click element --->buttontextSubmit
20:35:48.223 INFO  manager.WDListener - After click element --->buttontextSubmit
20:35:51.241 INFO  manager.WDListener - Before Find Element --->By.cssSelector: .dialog-container>h2
20:35:51.256 INFO  manager.WDListener - After Find Element --->By.cssSelector: .dialog-container>h2
20:35:51.286 INFO  manager.WDListener - After Find Element --->(776, 441)
20:35:53.312 INFO  manager.WDListener - Before Find Element --->By.cssSelector: .dialog-container>h2
20:35:53.336 INFO  manager.WDListener - After Find Element --->By.cssSelector: .dialog-container>h2
20:35:53.358 INFO  manager.WDListener - After Find Element --->(776, 441)
20:35:53.374 INFO  tests.TestBase - End
20:35:53.375 INFO  manager.WDListener - Before Find Element --->By.xpath: //button[text()='Search cars']
20:35:53.395 INFO  manager.WDListener - After Find Element --->By.xpath: //button[text()='Search cars']
20:35:53.415 INFO  manager.WDListener - After Find Element --->(922, 495)
20:35:53.441 INFO  manager.WDListener - Before click element --->buttontextSearch cars
20:35:53.560 INFO  manager.WDListener - After click element --->buttontextSearch cars
20:35:53.561 INFO  tests.TestBase - ==================================================
