19:26:08.581 INFO  manager.ApplicationManager - All tests runs in Chrome Browser
19:26:10.955 INFO  manager.ApplicationManager - The link --->https://ilcarro.web.app/search
19:26:10.968 INFO  manager.TestNGListener - Start testing on date ---> Wed Jun 04 19:26:10 IDT 2025
19:26:10.992 INFO  tests.TestBase - Name of Method --->searchCurrentYearSuccess
19:26:10.995 INFO  manager.TestNGListener - Start testsearchCurrentYearSuccess
19:26:10.997 INFO  manager.WDListener - Before Find Element --->By.id: city
19:26:11.038 INFO  manager.WDListener - After Find Element --->By.id: city
19:26:11.061 INFO  manager.WDListener - After Find Element --->(192, 253)
19:26:11.201 INFO  manager.WDListener - sendKeys --->inputtext
19:26:11.270 INFO  manager.WDListener - sendKeys --->inputtext
19:26:11.270 INFO  manager.WDListener - Before Find Element --->By.id: city
19:26:11.301 INFO  manager.WDListener - After Find Element --->By.id: city
19:26:11.324 INFO  manager.WDListener - After Find Element --->(192, 253)
19:26:11.390 INFO  manager.WDListener - sendKeys --->inputtext
19:26:11.463 INFO  manager.WDListener - sendKeys --->inputtext
19:26:11.463 INFO  manager.WDListener - Before Find Element --->By.id: city
19:26:11.490 INFO  manager.WDListener - After Find Element --->By.id: city
19:26:11.507 INFO  manager.WDListener - After Find Element --->(192, 253)
19:26:11.531 INFO  manager.WDListener - Before click element --->inputtext
19:26:11.646 INFO  manager.WDListener - After click element --->inputtext
19:26:11.753 INFO  manager.WDListener - sendKeys --->inputtext
19:26:11.817 INFO  manager.WDListener - sendKeys --->inputtext
19:26:11.895 INFO  manager.WDListener - sendKeys --->inputtext
19:26:11.896 INFO  manager.WDListener - Before Find Element --->By.id: dates
19:26:11.925 INFO  manager.WDListener - After Find Element --->By.id: dates
19:26:11.941 INFO  manager.WDListener - After Find Element --->(192, 330)
19:26:12.042 INFO  manager.WDListener - sendKeys --->inputtext
19:26:12.107 INFO  manager.WDListener - sendKeys --->inputtext
19:26:14.114 INFO  manager.WDListener - Before Find Element --->By.cssSelector: div.pac-item
19:26:14.147 INFO  manager.WDListener - After Find Element --->By.cssSelector: div.pac-item
19:26:14.163 INFO  manager.WDListener - After Find Element --->(0, 0)
19:26:14.187 INFO  manager.WDListener - Before click element --->divtext
19:26:19.248 INFO  manager.WDListener - Huston, we have a problem!
19:26:19.248 INFO  manager.WDListener - ********************
19:26:19.249 INFO  manager.WDListener - Object target  ---> [[ChromeDriver: chrome on windows (f3d89266dd4f3d6b5afe2c2877b86fd9)] -> css selector: div.pac-item]
19:26:19.249 INFO  manager.WDListener - ********************
19:26:19.249 INFO  manager.WDListener - Method name --->public abstract void org.openqa.selenium.WebElement.click()
19:26:19.249 INFO  manager.WDListener - ********************
19:26:19.252 INFO  manager.WDListener - InvocationTargetException --->org.openqa.selenium.ElementNotInteractableException: element not interactable
  (Session info: chrome=137.0.7151.57)
Build info: version: '4.16.1', revision: '9b4c83354e'
System info: os.name: 'Windows 11', os.arch: 'amd64', os.version: '10.0', java.version: '11.0.21'
Driver info: org.openqa.selenium.chrome.ChromeDriver
Command: [f3d89266dd4f3d6b5afe2c2877b86fd9, clickElement {id=f.CD92748E7CAB265619BA882BA4CFC95D.d.BB495F971A9B541E1BD16B42B0A02335.e.26}]
Capabilities {acceptInsecureCerts: false, browserName: chrome, browserVersion: 137.0.7151.57, chrome: {chromedriverVersion: 136.0.7103.113 (76fa3c17824..., userDataDir: C:\Users\user\AppData\Local...}, fedcm:accounts: true, goog:chromeOptions: {debuggerAddress: localhost:53944}, networkConnectionEnabled: false, pageLoadStrategy: normal, platformName: windows, proxy: Proxy(), se:cdp: ws://localhost:53944/devtoo..., se:cdpVersion: 137.0.7151.57, setWindowRect: true, strictFileInteractability: false, timeouts: {implicit: 0, pageLoad: 300000, script: 30000}, unhandledPromptBehavior: dismiss and notify, webauthn:extension:credBlob: true, webauthn:extension:largeBlob: true, webauthn:extension:minPinLength: true, webauthn:extension:prf: true, webauthn:virtualAuthenticators: true}
Element: [[ChromeDriver: chrome on windows (f3d89266dd4f3d6b5afe2c2877b86fd9)] -> css selector: div.pac-item]
Session ID: f3d89266dd4f3d6b5afe2c2877b86fd9
19:26:19.253 INFO  manager.WDListener - ********************
19:26:19.261 INFO  manager.TestNGListener - Fail testsearchCurrentYearSuccess
19:26:19.264 INFO  manager.WDListener - Before Find Element --->By.cssSelector: a.logo
19:26:19.296 INFO  manager.WDListener - After Find Element --->By.cssSelector: a.logo
19:26:19.311 INFO  manager.WDListener - After Find Element --->(192, 16)
19:26:19.334 INFO  manager.WDListener - Before click element --->atext
19:26:19.738 INFO  tests.TestBase - ==================================================
19:26:19.741 INFO  manager.TestNGListener - Finish testing on date ---> Wed Jun 04 19:26:19 IDT 2025
