22:13:47.431 INFO  manager.ApplicationManager - All tests runs in Chrome Browser
22:13:50.840 INFO  manager.ApplicationManager - The link is --->https://ilcarro.web.app/search
22:13:50.852 INFO  manager.TestNGListener - Start testing on date ---> Sat Jun 07 22:13:50 IDT 2025
22:13:50.882 INFO  tests.TestBase - Name of Method --->loginSuccessDPF
22:13:55.944 INFO  manager.TestNGListener - Start testloginSuccessDPF
22:13:55.957 INFO  manager.WDListener - Before Find Element --->By.xpath: //a [text()=' Log in ']
22:13:56.008 INFO  manager.WDListener - After Find Element --->By.xpath: //a [text()=' Log in ']
22:13:56.037 INFO  manager.WDListener - After Find Element --->(1634, 24)
22:13:56.074 INFO  manager.WDListener - Before click element --->atextLog in
22:13:56.236 INFO  manager.WDListener - After click element --->atextLog in
22:13:57.245 INFO  manager.WDListener - Before Find Element --->By.id: email
22:13:57.289 INFO  manager.WDListener - After Find Element --->By.id: email
22:13:57.319 INFO  manager.WDListener - After Find Element --->(1341, 266)
22:13:57.350 INFO  manager.WDListener - Before click element --->inputtext
22:13:57.522 INFO  manager.WDListener - After click element --->inputtext
22:13:57.708 INFO  manager.WDListener - sendKeys --->inputtext
22:13:57.807 INFO  manager.WDListener - sendKeys --->inputtext
22:13:57.942 INFO  manager.WDListener - sendKeys --->inputtext
22:14:00.944 INFO  manager.WDListener - Before Find Element --->By.id: password
22:14:00.983 INFO  manager.WDListener - After Find Element --->By.id: password
22:14:01.002 INFO  manager.WDListener - After Find Element --->(1341, 343)
22:14:01.026 INFO  manager.WDListener - Before click element --->inputtext
22:14:01.159 INFO  manager.WDListener - After click element --->inputtext
22:14:01.279 INFO  manager.WDListener - sendKeys --->inputtext
22:14:01.364 INFO  manager.WDListener - sendKeys --->inputtext
22:14:01.461 INFO  manager.WDListener - sendKeys --->inputtext
22:14:04.462 INFO  tests.TestBase - TEST DATA  - - - >  User{firstName='null', lastName='null', email='﻿snow55@gmail.com', password='Ssnow12345$'}
22:14:04.463 INFO  manager.WDListener - Before Find Element --->By.xpath: //*[@type='submit']
22:14:04.503 INFO  manager.WDListener - After Find Element --->By.xpath: //*[@type='submit']
22:14:04.524 INFO  manager.WDListener - After Find Element --->(1341, 433)
22:14:04.551 INFO  manager.WDListener - Before click element --->buttontextY’alla!
22:14:04.679 INFO  manager.WDListener - After click element --->buttontextY’alla!
22:14:07.074 INFO  manager.WDListener - Before Find Element --->By.cssSelector: .dialog-container>h2
22:14:12.131 INFO  manager.WDListener - Huston, we have a problem!
22:14:12.131 INFO  manager.WDListener - ********************
22:14:12.132 INFO  manager.WDListener - Object target  ---> ChromeDriver: chrome on windows (75d375b223c22a57e9c14bb5a8bc3a55)
22:14:12.132 INFO  manager.WDListener - ********************
22:14:12.132 INFO  manager.WDListener - Method name --->public abstract org.openqa.selenium.WebElement org.openqa.selenium.WebDriver.findElement(org.openqa.selenium.By)
22:14:12.132 INFO  manager.WDListener - ********************
22:14:12.134 INFO  manager.WDListener - InvocationTargetException --->org.openqa.selenium.NoSuchElementException: no such element: Unable to locate element: {"method":"css selector","selector":".dialog-container>h2"}
  (Session info: chrome=137.0.7151.69)
For documentation on this error, please visit: https://www.selenium.dev/documentation/webdriver/troubleshooting/errors#no-such-element-exception
Build info: version: '4.16.1', revision: '9b4c83354e'
System info: os.name: 'Windows 11', os.arch: 'amd64', os.version: '10.0', java.version: '11.0.21'
Driver info: org.openqa.selenium.chrome.ChromeDriver
Command: [75d375b223c22a57e9c14bb5a8bc3a55, findElement {using=css selector, value=.dialog-container>h2}]
Capabilities {acceptInsecureCerts: false, browserName: chrome, browserVersion: 137.0.7151.69, chrome: {chromedriverVersion: 137.0.7151.55 (254bc711794d..., userDataDir: C:\Users\user\AppData\Local...}, fedcm:accounts: true, goog:chromeOptions: {debuggerAddress: localhost:50782}, networkConnectionEnabled: false, pageLoadStrategy: normal, platformName: windows, proxy: Proxy(), se:cdp: ws://localhost:50782/devtoo..., se:cdpVersion: 137.0.7151.69, setWindowRect: true, strictFileInteractability: false, timeouts: {implicit: 0, pageLoad: 300000, script: 30000}, unhandledPromptBehavior: dismiss and notify, webauthn:extension:credBlob: true, webauthn:extension:largeBlob: true, webauthn:extension:minPinLength: true, webauthn:extension:prf: true, webauthn:virtualAuthenticators: true}
Session ID: 75d375b223c22a57e9c14bb5a8bc3a55
22:14:12.134 INFO  manager.WDListener - ********************
22:14:12.481 INFO  manager.WDListener - Screen with error is --->src/test/screenshots/screen_1244.png
22:14:12.484 INFO  manager.TestNGListener - Fail testloginSuccessDPF
22:14:17.521 INFO  tests.TestBase - ==================================================
22:14:17.522 INFO  tests.TestBase - Name of Method --->loginSuccessDPF
22:14:22.568 INFO  manager.TestNGListener - Start testloginSuccessDPF
22:14:22.569 INFO  manager.WDListener - Before Find Element --->By.xpath: //a [text()=' Log in ']
22:14:22.594 INFO  manager.WDListener - After Find Element --->By.xpath: //a [text()=' Log in ']
22:14:22.612 INFO  manager.WDListener - After Find Element --->(1634, 24)
22:14:22.635 INFO  manager.WDListener - Before click element --->atextLog in
22:14:22.762 INFO  manager.WDListener - After click element --->atextLog in
22:14:23.774 INFO  manager.WDListener - Before Find Element --->By.id: email
22:14:23.801 INFO  manager.WDListener - After Find Element --->By.id: email
22:14:23.821 INFO  manager.WDListener - After Find Element --->(1341, 266)
22:14:23.848 INFO  manager.WDListener - Before click element --->inputtext
22:14:23.965 INFO  manager.WDListener - After click element --->inputtext
22:14:24.101 INFO  manager.WDListener - sendKeys --->inputtext
22:14:24.193 INFO  manager.WDListener - sendKeys --->inputtext
22:14:24.314 INFO  manager.WDListener - sendKeys --->inputtext
22:14:27.329 INFO  manager.WDListener - Before Find Element --->By.id: password
22:14:27.356 INFO  manager.WDListener - After Find Element --->By.id: password
22:14:27.377 INFO  manager.WDListener - After Find Element --->(1341, 343)
22:14:27.401 INFO  manager.WDListener - Before click element --->inputtext
22:14:27.513 INFO  manager.WDListener - After click element --->inputtext
22:14:27.654 INFO  manager.WDListener - sendKeys --->inputtext
22:14:27.720 INFO  manager.WDListener - sendKeys --->inputtext
22:14:27.815 INFO  manager.WDListener - sendKeys --->inputtext
22:14:30.825 INFO  tests.TestBase - TEST DATA  - - - >  User{firstName='null', lastName='null', email='test12@gmail.com', password='vilevinQa!1234'}
22:14:30.825 INFO  manager.WDListener - Before Find Element --->By.xpath: //*[@type='submit']
22:14:30.852 INFO  manager.WDListener - After Find Element --->By.xpath: //*[@type='submit']
22:14:30.871 INFO  manager.WDListener - After Find Element --->(1341, 414)
22:14:30.895 INFO  manager.WDListener - Before click element --->buttontextY’alla!
22:14:31.015 INFO  manager.WDListener - After click element --->buttontextY’alla!
22:14:33.378 INFO  manager.WDListener - Before Find Element --->By.cssSelector: .dialog-container>h2
22:14:33.404 INFO  manager.WDListener - After Find Element --->By.cssSelector: .dialog-container>h2
22:14:33.421 INFO  manager.WDListener - After Find Element --->(776, 441)
22:14:33.438 INFO  tests.TestBase - Assert check alert message 'Logged in success'
22:14:33.439 INFO  manager.TestNGListener - Success testloginSuccessDPF
22:14:33.462 INFO  manager.WDListener - Before Find Element --->By.xpath: //button[text() = 'Ok']
22:14:33.494 INFO  manager.WDListener - After Find Element --->By.xpath: //button[text() = 'Ok']
22:14:33.510 INFO  manager.WDListener - After Find Element --->(986, 495)
22:14:33.535 INFO  manager.WDListener - Before click element --->buttontextOk
22:14:33.654 INFO  manager.WDListener - After click element --->buttontextOk
22:14:33.654 INFO  tests.TestBase - ==================================================
22:14:33.655 INFO  tests.TestBase - Name of Method --->loginSuccessDPF
22:14:33.679 INFO  manager.WDListener - Before Find Element --->By.xpath: //*[text()=' Logout ']
22:14:33.731 INFO  manager.WDListener - After Find Element --->By.xpath: //*[text()=' Logout ']
22:14:33.751 INFO  manager.WDListener - After Find Element --->(1446, 24)
22:14:33.777 INFO  manager.WDListener - Before click element --->atextLogout
22:14:33.918 INFO  tests.TestBase - Before method finish logout
22:14:33.919 INFO  manager.TestNGListener - Start testloginSuccessDPF
22:14:33.919 INFO  manager.WDListener - Before Find Element --->By.xpath: //a [text()=' Log in ']
22:14:33.945 INFO  manager.WDListener - After Find Element --->By.xpath: //a [text()=' Log in ']
22:14:33.963 INFO  manager.WDListener - After Find Element --->(1634, 24)
22:14:33.988 INFO  manager.WDListener - Before click element --->atextLog in
22:14:34.113 INFO  manager.WDListener - After click element --->atextLog in
22:14:35.122 INFO  manager.WDListener - Before Find Element --->By.id: email
22:14:35.148 INFO  manager.WDListener - After Find Element --->By.id: email
22:14:35.170 INFO  manager.WDListener - After Find Element --->(1341, 266)
22:14:35.198 INFO  manager.WDListener - Before click element --->inputtext
22:14:35.374 INFO  manager.WDListener - After click element --->inputtext
22:14:35.513 INFO  manager.WDListener - sendKeys --->inputtext
22:14:35.611 INFO  manager.WDListener - sendKeys --->inputtext
22:14:35.739 INFO  manager.WDListener - sendKeys --->inputtext
22:14:38.744 INFO  manager.WDListener - Before Find Element --->By.id: password
22:14:38.764 INFO  manager.WDListener - After Find Element --->By.id: password
22:14:38.779 INFO  manager.WDListener - After Find Element --->(1341, 343)
22:14:38.801 INFO  manager.WDListener - Before click element --->inputtext
22:14:38.927 INFO  manager.WDListener - After click element --->inputtext
22:14:39.041 INFO  manager.WDListener - sendKeys --->inputtext
22:14:39.109 INFO  manager.WDListener - sendKeys --->inputtext
22:14:39.202 INFO  manager.WDListener - sendKeys --->inputtext
22:14:42.217 INFO  tests.TestBase - TEST DATA  - - - >  User{firstName='null', lastName='null', email='snow29622962@gmail.com', password='Ssnow12345$'}
22:14:42.218 INFO  manager.WDListener - Before Find Element --->By.xpath: //*[@type='submit']
22:14:42.242 INFO  manager.WDListener - After Find Element --->By.xpath: //*[@type='submit']
22:14:42.260 INFO  manager.WDListener - After Find Element --->(1341, 414)
22:14:42.283 INFO  manager.WDListener - Before click element --->buttontextY’alla!
22:14:42.401 INFO  manager.WDListener - After click element --->buttontextY’alla!
22:14:44.762 INFO  manager.WDListener - Before Find Element --->By.cssSelector: .dialog-container>h2
22:14:44.787 INFO  manager.WDListener - After Find Element --->By.cssSelector: .dialog-container>h2
22:14:44.809 INFO  manager.WDListener - After Find Element --->(776, 441)
22:14:44.825 INFO  tests.TestBase - Assert check alert message 'Logged in success'
22:14:44.825 INFO  manager.TestNGListener - Success testloginSuccessDPF
22:14:44.848 INFO  manager.WDListener - Before Find Element --->By.xpath: //button[text() = 'Ok']
22:14:44.869 INFO  manager.WDListener - After Find Element --->By.xpath: //button[text() = 'Ok']
22:14:44.886 INFO  manager.WDListener - After Find Element --->(986, 495)
22:14:44.910 INFO  manager.WDListener - Before click element --->buttontextOk
22:14:45.009 INFO  manager.WDListener - After click element --->buttontextOk
22:14:45.010 INFO  tests.TestBase - ==================================================
22:14:45.011 INFO  tests.TestBase - Name of Method --->loginSuccessDPF
22:14:45.033 INFO  manager.WDListener - Before Find Element --->By.xpath: //*[text()=' Logout ']
22:14:45.053 INFO  manager.WDListener - After Find Element --->By.xpath: //*[text()=' Logout ']
22:14:45.072 INFO  manager.WDListener - After Find Element --->(1446, 24)
22:14:45.120 INFO  manager.WDListener - Before click element --->atextLogout
22:14:45.253 INFO  tests.TestBase - Before method finish logout
22:14:45.253 INFO  manager.TestNGListener - Start testloginSuccessDPF
22:14:45.253 INFO  manager.WDListener - Before Find Element --->By.xpath: //a [text()=' Log in ']
22:14:45.275 INFO  manager.WDListener - After Find Element --->By.xpath: //a [text()=' Log in ']
22:14:45.294 INFO  manager.WDListener - After Find Element --->(1634, 24)
22:14:45.320 INFO  manager.WDListener - Before click element --->atextLog in
22:14:45.447 INFO  manager.WDListener - After click element --->atextLog in
22:14:46.451 INFO  manager.WDListener - Before Find Element --->By.id: email
22:14:46.475 INFO  manager.WDListener - After Find Element --->By.id: email
22:14:46.493 INFO  manager.WDListener - After Find Element --->(1341, 266)
22:14:46.517 INFO  manager.WDListener - Before click element --->inputtext
22:14:46.682 INFO  manager.WDListener - After click element --->inputtext
22:14:46.818 INFO  manager.WDListener - sendKeys --->inputtext
22:14:46.907 INFO  manager.WDListener - sendKeys --->inputtext
22:14:47.038 INFO  manager.WDListener - sendKeys --->inputtext
22:14:50.048 INFO  manager.WDListener - Before Find Element --->By.id: password
22:14:50.073 INFO  manager.WDListener - After Find Element --->By.id: password
22:14:50.092 INFO  manager.WDListener - After Find Element --->(1341, 343)
22:14:50.117 INFO  manager.WDListener - Before click element --->inputtext
22:14:50.240 INFO  manager.WDListener - After click element --->inputtext
22:14:50.350 INFO  manager.WDListener - sendKeys --->inputtext
22:14:50.422 INFO  manager.WDListener - sendKeys --->inputtext
22:14:50.512 INFO  manager.WDListener - sendKeys --->inputtext
22:14:53.526 INFO  tests.TestBase - TEST DATA  - - - >  User{firstName='null', lastName='null', email='snow28662866@gmail.com', password='Ssnow12345$'}
22:14:53.526 INFO  manager.WDListener - Before Find Element --->By.xpath: //*[@type='submit']
22:14:53.549 INFO  manager.WDListener - After Find Element --->By.xpath: //*[@type='submit']
22:14:53.566 INFO  manager.WDListener - After Find Element --->(1341, 414)
22:14:53.588 INFO  manager.WDListener - Before click element --->buttontextY’alla!
22:14:53.702 INFO  manager.WDListener - After click element --->buttontextY’alla!
22:14:56.064 INFO  manager.WDListener - Before Find Element --->By.cssSelector: .dialog-container>h2
22:14:56.087 INFO  manager.WDListener - After Find Element --->By.cssSelector: .dialog-container>h2
22:14:56.107 INFO  manager.WDListener - After Find Element --->(776, 441)
22:14:56.122 INFO  tests.TestBase - Assert check alert message 'Logged in success'
22:14:56.122 INFO  manager.TestNGListener - Success testloginSuccessDPF
22:14:56.145 INFO  manager.WDListener - Before Find Element --->By.xpath: //button[text() = 'Ok']
22:14:56.167 INFO  manager.WDListener - After Find Element --->By.xpath: //button[text() = 'Ok']
22:14:56.185 INFO  manager.WDListener - After Find Element --->(986, 495)
22:14:56.209 INFO  manager.WDListener - Before click element --->buttontextOk
22:14:56.325 INFO  manager.WDListener - After click element --->buttontextOk
22:14:56.326 INFO  tests.TestBase - ==================================================
22:14:56.327 INFO  tests.TestBase - Name of Method --->loginSuccessDPF
22:14:56.350 INFO  manager.WDListener - Before Find Element --->By.xpath: //*[text()=' Logout ']
22:14:56.372 INFO  manager.WDListener - After Find Element --->By.xpath: //*[text()=' Logout ']
22:14:56.411 INFO  manager.WDListener - After Find Element --->(1446, 24)
22:14:56.438 INFO  manager.WDListener - Before click element --->atextLogout
22:14:56.563 INFO  tests.TestBase - Before method finish logout
22:14:56.564 INFO  manager.TestNGListener - Start testloginSuccessDPF
22:14:56.564 INFO  manager.WDListener - Before Find Element --->By.xpath: //a [text()=' Log in ']
22:14:56.586 INFO  manager.WDListener - After Find Element --->By.xpath: //a [text()=' Log in ']
22:14:56.606 INFO  manager.WDListener - After Find Element --->(1634, 24)
22:14:56.630 INFO  manager.WDListener - Before click element --->atextLog in
22:14:56.755 INFO  manager.WDListener - After click element --->atextLog in
22:14:57.768 INFO  manager.WDListener - Before Find Element --->By.id: email
22:14:57.791 INFO  manager.WDListener - After Find Element --->By.id: email
22:14:57.809 INFO  manager.WDListener - After Find Element --->(1341, 266)
22:14:57.834 INFO  manager.WDListener - Before click element --->inputtext
22:14:57.999 INFO  manager.WDListener - After click element --->inputtext
22:14:58.142 INFO  manager.WDListener - sendKeys --->inputtext
22:14:58.232 INFO  manager.WDListener - sendKeys --->inputtext
22:14:58.368 INFO  manager.WDListener - sendKeys --->inputtext
22:15:01.382 INFO  manager.WDListener - Before Find Element --->By.id: password
22:15:01.401 INFO  manager.WDListener - After Find Element --->By.id: password
22:15:01.418 INFO  manager.WDListener - After Find Element --->(1341, 343)
22:15:01.440 INFO  manager.WDListener - Before click element --->inputtext
22:15:01.571 INFO  manager.WDListener - After click element --->inputtext
22:15:01.689 INFO  manager.WDListener - sendKeys --->inputtext
22:15:01.754 INFO  manager.WDListener - sendKeys --->inputtext
22:15:01.851 INFO  manager.WDListener - sendKeys --->inputtext
22:15:04.856 INFO  tests.TestBase - TEST DATA  - - - >  User{firstName='null', lastName='null', email='snow13011301@gmail.com', password='Ssnow12345$'}
22:15:04.856 INFO  manager.WDListener - Before Find Element --->By.xpath: //*[@type='submit']
22:15:04.879 INFO  manager.WDListener - After Find Element --->By.xpath: //*[@type='submit']
22:15:04.896 INFO  manager.WDListener - After Find Element --->(1341, 414)
22:15:04.920 INFO  manager.WDListener - Before click element --->buttontextY’alla!
22:15:05.042 INFO  manager.WDListener - After click element --->buttontextY’alla!
22:15:07.396 INFO  manager.WDListener - Before Find Element --->By.cssSelector: .dialog-container>h2
22:15:07.418 INFO  manager.WDListener - After Find Element --->By.cssSelector: .dialog-container>h2
22:15:07.437 INFO  manager.WDListener - After Find Element --->(776, 441)
22:15:07.452 INFO  tests.TestBase - Assert check alert message 'Logged in success'
22:15:07.452 INFO  manager.TestNGListener - Success testloginSuccessDPF
22:15:07.473 INFO  manager.WDListener - Before Find Element --->By.xpath: //button[text() = 'Ok']
22:15:07.500 INFO  manager.WDListener - After Find Element --->By.xpath: //button[text() = 'Ok']
22:15:07.518 INFO  manager.WDListener - After Find Element --->(986, 495)
22:15:07.541 INFO  manager.WDListener - Before click element --->buttontextOk
22:15:07.652 INFO  manager.WDListener - After click element --->buttontextOk
22:15:07.652 INFO  tests.TestBase - ==================================================
22:15:07.653 INFO  tests.TestBase - Name of Method --->loginSuccessDPF
22:15:07.673 INFO  manager.WDListener - Before Find Element --->By.xpath: //*[text()=' Logout ']
22:15:07.693 INFO  manager.WDListener - After Find Element --->By.xpath: //*[text()=' Logout ']
22:15:07.728 INFO  manager.WDListener - After Find Element --->(1446, 24)
22:15:07.754 INFO  manager.WDListener - Before click element --->atextLogout
22:15:07.872 INFO  tests.TestBase - Before method finish logout
22:15:07.872 INFO  manager.TestNGListener - Start testloginSuccessDPF
22:15:07.872 INFO  manager.WDListener - Before Find Element --->By.xpath: //a [text()=' Log in ']
22:15:07.892 INFO  manager.WDListener - After Find Element --->By.xpath: //a [text()=' Log in ']
22:15:07.910 INFO  manager.WDListener - After Find Element --->(1634, 24)
22:15:07.934 INFO  manager.WDListener - Before click element --->atextLog in
22:15:08.062 INFO  manager.WDListener - After click element --->atextLog in
22:15:09.067 INFO  manager.WDListener - Before Find Element --->By.id: email
22:15:09.086 INFO  manager.WDListener - After Find Element --->By.id: email
22:15:09.104 INFO  manager.WDListener - After Find Element --->(1341, 266)
22:15:09.128 INFO  manager.WDListener - Before click element --->inputtext
22:15:09.292 INFO  manager.WDListener - After click element --->inputtext
22:15:09.430 INFO  manager.WDListener - sendKeys --->inputtext
22:15:09.527 INFO  manager.WDListener - sendKeys --->inputtext
22:15:09.700 INFO  manager.WDListener - sendKeys --->inputtext
22:15:12.703 INFO  manager.WDListener - Before Find Element --->By.id: password
22:15:12.735 INFO  manager.WDListener - After Find Element --->By.id: password
22:15:12.754 INFO  manager.WDListener - After Find Element --->(1341, 343)
22:15:12.783 INFO  manager.WDListener - Before click element --->inputtext
22:15:12.922 INFO  manager.WDListener - After click element --->inputtext
22:15:13.059 INFO  manager.WDListener - sendKeys --->inputtext
22:15:13.134 INFO  manager.WDListener - sendKeys --->inputtext
22:15:13.225 INFO  manager.WDListener - sendKeys --->inputtext
22:15:16.232 INFO  tests.TestBase - TEST DATA  - - - >  User{firstName='null', lastName='null', email='snow29622962@gmail.com', password='Ssnow12345$'}
22:15:16.232 INFO  manager.WDListener - Before Find Element --->By.xpath: //*[@type='submit']
22:15:16.259 INFO  manager.WDListener - After Find Element --->By.xpath: //*[@type='submit']
22:15:16.278 INFO  manager.WDListener - After Find Element --->(1341, 414)
22:15:16.302 INFO  manager.WDListener - Before click element --->buttontextY’alla!
22:15:16.426 INFO  manager.WDListener - After click element --->buttontextY’alla!
22:15:18.789 INFO  manager.WDListener - Before Find Element --->By.cssSelector: .dialog-container>h2
22:15:18.816 INFO  manager.WDListener - After Find Element --->By.cssSelector: .dialog-container>h2
22:15:18.835 INFO  manager.WDListener - After Find Element --->(776, 441)
22:15:18.850 INFO  tests.TestBase - Assert check alert message 'Logged in success'
22:15:18.851 INFO  manager.TestNGListener - Success testloginSuccessDPF
22:15:18.876 INFO  manager.WDListener - Before Find Element --->By.xpath: //button[text() = 'Ok']
22:15:18.900 INFO  manager.WDListener - After Find Element --->By.xpath: //button[text() = 'Ok']
22:15:18.919 INFO  manager.WDListener - After Find Element --->(986, 495)
22:15:18.944 INFO  manager.WDListener - Before click element --->buttontextOk
22:15:19.063 INFO  manager.WDListener - After click element --->buttontextOk
22:15:19.064 INFO  tests.TestBase - ==================================================
22:15:19.067 INFO  manager.TestNGListener - Finish testing on date ---> Sat Jun 07 22:15:19 IDT 2025
