19:50:53.874 INFO  manager.ApplicationManager - All tests runs in Chrome Browser
19:50:55.804 INFO  manager.ApplicationManager - The link --->https://ilcarro.web.app/search
19:50:55.817 INFO  manager.TestNGListener - Start testing on date ---> Wed May 28 19:50:55 IDT 2025
19:50:55.842 INFO  tests.TestBase - Name of Method --->searchCurrentYearSuccess
19:50:55.844 INFO  manager.TestNGListener - Start testsearchCurrentYearSuccess
19:50:55.845 INFO  manager.WDListener - Before Find Element --->By.id: city
19:50:55.890 INFO  manager.WDListener - After Find Element --->By.id: city
19:50:55.913 INFO  manager.WDListener - After Find Element --->(192, 253)
19:50:55.951 INFO  manager.WDListener - Before click element --->inputtext
19:50:56.091 INFO  manager.WDListener - After click element --->inputtext
19:50:56.221 INFO  manager.WDListener - sendKeys --->inputtext
19:50:56.295 INFO  manager.WDListener - sendKeys --->inputtext
19:50:56.375 INFO  manager.WDListener - sendKeys --->inputtext
19:50:56.375 INFO  manager.WDListener - Before Find Element --->By.id: dates
19:50:56.408 INFO  manager.WDListener - After Find Element --->By.id: dates
19:50:56.424 INFO  manager.WDListener - After Find Element --->(192, 330)
19:50:56.448 INFO  manager.WDListener - Before click element --->inputtext
19:50:56.639 INFO  manager.WDListener - After click element --->inputtext
19:50:56.643 INFO  manager.TestNGListener - Fail testsearchCurrentYearSuccess
19:50:56.647 INFO  tests.TestBase - ==================================================
19:50:56.650 INFO  manager.TestNGListener - Finish testing on date ---> Wed May 28 19:50:56 IDT 2025
