18:43:24.805 INFO  manager.ApplicationManager - All tests runs in Chrome Browser
18:43:26.881 INFO  manager.ApplicationManager - The link --->https://ilcarro.web.app/search
18:43:26.893 INFO  manager.TestNGListener - Start testing on date ---> Wed May 28 18:43:26 IDT 2025
18:43:26.920 INFO  tests.TestBase - Name of Method --->searchCurrentMonthSuccess
18:43:26.922 INFO  manager.TestNGListener - Start testsearchCurrentMonthSuccess
18:43:26.923 INFO  manager.WDListener - Before Find Element --->By.id: city
18:43:26.966 INFO  manager.WDListener - After Find Element --->By.id: city
18:43:26.988 INFO  manager.WDListener - After Find Element --->(192, 253)
18:43:27.021 INFO  manager.WDListener - Before click element --->inputtext
18:43:27.169 INFO  manager.WDListener - After click element --->inputtext
18:43:27.301 INFO  manager.WDListener - sendKeys --->inputtext
18:43:27.376 INFO  manager.WDListener - sendKeys --->inputtext
18:43:27.460 INFO  manager.WDListener - sendKeys --->inputtext
18:43:27.461 INFO  manager.WDListener - Before Find Element --->By.cssSelector: div.pac-item
18:43:27.864 INFO  manager.WDListener - After Find Element --->By.cssSelector: div.pac-item
18:43:27.881 INFO  manager.WDListener - After Find Element --->(192, 301)
18:43:27.906 INFO  manager.WDListener - Before click element --->divtextTel AvivIsrael
18:43:28.021 INFO  manager.WDListener - Before Find Element --->By.id: dates
18:43:28.053 INFO  manager.WDListener - After Find Element --->By.id: dates
18:43:28.071 INFO  manager.WDListener - After Find Element --->(192, 349)
18:43:28.095 INFO  manager.WDListener - Before click element --->inputtext
18:43:28.298 INFO  manager.WDListener - After click element --->inputtext
18:43:28.299 INFO  manager.WDListener - Before Find Element --->By.xpath: //div[text()=' 29 ']
18:43:28.331 INFO  manager.WDListener - After Find Element --->By.xpath: //div[text()=' 29 ']
18:43:28.351 INFO  manager.WDListener - After Find Element --->(362, 640)
18:43:28.377 INFO  manager.WDListener - Before click element --->divtext29
18:43:28.499 INFO  manager.WDListener - Before Find Element --->By.xpath: div[text()=' 31 ']
18:43:33.520 INFO  manager.WDListener - Huston, we have a problem!
18:43:33.520 INFO  manager.WDListener - ********************
18:43:33.521 INFO  manager.WDListener - Object target  ---> ChromeDriver: chrome on windows (25bd03cc6536bd58d4646bbf1a72d1bd)
18:43:33.521 INFO  manager.WDListener - ********************
18:43:33.521 INFO  manager.WDListener - Method name --->public abstract org.openqa.selenium.WebElement org.openqa.selenium.WebDriver.findElement(org.openqa.selenium.By)
18:43:33.521 INFO  manager.WDListener - ********************
18:43:33.523 INFO  manager.WDListener - InvocationTargetException --->org.openqa.selenium.NoSuchElementException: no such element: Unable to locate element: {"method":"xpath","selector":"div[text()=' 31 ']"}
  (Session info: chrome=137.0.7151.55)
For documentation on this error, please visit: https://www.selenium.dev/documentation/webdriver/troubleshooting/errors#no-such-element-exception
Build info: version: '4.16.1', revision: '9b4c83354e'
System info: os.name: 'Windows 11', os.arch: 'amd64', os.version: '10.0', java.version: '11.0.21'
Driver info: org.openqa.selenium.chrome.ChromeDriver
Command: [25bd03cc6536bd58d4646bbf1a72d1bd, findElement {using=xpath, value=div[text()=' 31 ']}]
Capabilities {acceptInsecureCerts: false, browserName: chrome, browserVersion: 137.0.7151.55, chrome: {chromedriverVersion: 136.0.7103.113 (76fa3c17824..., userDataDir: C:\Users\user\AppData\Local...}, fedcm:accounts: true, goog:chromeOptions: {debuggerAddress: localhost:63610}, networkConnectionEnabled: false, pageLoadStrategy: normal, platformName: windows, proxy: Proxy(), se:cdp: ws://localhost:63610/devtoo..., se:cdpVersion: 137.0.7151.55, setWindowRect: true, strictFileInteractability: false, timeouts: {implicit: 0, pageLoad: 300000, script: 30000}, unhandledPromptBehavior: dismiss and notify, webauthn:extension:credBlob: true, webauthn:extension:largeBlob: true, webauthn:extension:minPinLength: true, webauthn:extension:prf: true, webauthn:virtualAuthenticators: true}
Session ID: 25bd03cc6536bd58d4646bbf1a72d1bd
18:43:33.523 INFO  manager.WDListener - ********************
18:43:33.954 INFO  manager.WDListener - Screen with error is --->src/test/screenshots/screen_1116.png
18:43:33.956 INFO  manager.TestNGListener - Fail testsearchCurrentMonthSuccess
18:43:33.959 INFO  tests.TestBase - ==================================================
18:43:33.962 INFO  manager.TestNGListener - Finish testing on date ---> Wed May 28 18:43:33 IDT 2025
