20:29:44.382 INFO  manager.ApplicationManager - All tests runs in Chrome Browser
20:29:46.282 INFO  manager.ApplicationManager - The link --->https://ilcarro.web.app/search
20:29:51.362 INFO  manager.WDListener - Before Find Element --->By.xpath: //a [text()=' Log in ']
20:29:51.410 INFO  manager.WDListener - After Find Element --->By.xpath: //a [text()=' Log in ']
20:29:51.437 INFO  manager.WDListener - After Find Element --->(1634, 24)
20:29:51.480 INFO  manager.WDListener - Before click element --->atextLog in
20:29:51.631 INFO  manager.WDListener - After click element --->atextLog in
20:29:51.633 INFO  manager.WDListener - Before Find Element --->By.id: email
20:29:51.670 INFO  manager.WDListener - After Find Element --->By.id: email
20:29:51.688 INFO  manager.WDListener - After Find Element --->(1341, 266)
20:29:51.716 INFO  manager.WDListener - Before click element --->inputtext
20:29:51.884 INFO  manager.WDListener - After click element --->inputtext
20:29:52.073 INFO  manager.WDListener - sendKeys --->inputtext
20:29:52.181 INFO  manager.WDListener - sendKeys --->inputtext
20:29:52.297 INFO  manager.WDListener - sendKeys --->inputtext
20:29:52.298 INFO  manager.WDListener - Before Find Element --->By.id: password
20:29:52.332 INFO  manager.WDListener - After Find Element --->By.id: password
20:29:52.352 INFO  manager.WDListener - After Find Element --->(1341, 343)
20:29:52.374 INFO  manager.WDListener - Before click element --->inputtext
20:29:52.501 INFO  manager.WDListener - After click element --->inputtext
20:29:52.613 INFO  manager.WDListener - sendKeys --->inputtext
20:29:52.686 INFO  manager.WDListener - sendKeys --->inputtext
20:29:52.776 INFO  manager.WDListener - sendKeys --->inputtext
20:29:52.776 INFO  manager.WDListener - Before Find Element --->By.xpath: //*[@type='submit']
20:29:52.812 INFO  manager.WDListener - After Find Element --->By.xpath: //*[@type='submit']
20:29:52.831 INFO  manager.WDListener - After Find Element --->(1341, 414)
20:29:52.857 INFO  manager.WDListener - Before click element --->buttontextY’alla!
20:29:52.991 INFO  manager.WDListener - After click element --->buttontextY’alla!
20:29:53.970 INFO  manager.WDListener - Before Find Element --->By.xpath: //button[text() = 'Ok']
20:29:54.007 INFO  manager.WDListener - After Find Element --->By.xpath: //button[text() = 'Ok']
20:29:54.028 INFO  manager.WDListener - After Find Element --->(985, 493)
20:29:54.054 INFO  manager.WDListener - Before click element --->buttontextOk
20:29:54.178 INFO  manager.WDListener - After click element --->buttontextOk
20:29:54.191 INFO  tests.TestBase - Name of Method --->addNewCarSuccessAll
20:29:54.193 INFO  tests.TestBase - Start
20:29:59.205 INFO  manager.WDListener - Before Find Element --->By.xpath: //a[@href='let-car-work']
20:29:59.241 INFO  manager.WDListener - After Find Element --->By.xpath: //a[@href='let-car-work']
20:29:59.258 INFO  manager.WDListener - After Find Element --->(1411, 1889)
20:29:59.285 INFO  manager.WDListener - Before click element --->atextLet the car work
20:29:59.835 INFO  manager.WDListener - Before Find Element --->By.id: pickUpPlace
20:29:59.870 INFO  manager.WDListener - After Find Element --->By.id: pickUpPlace
20:29:59.891 INFO  manager.WDListener - After Find Element --->(172, 360)
20:29:59.920 INFO  manager.WDListener - Before click element --->inputtext
20:30:00.065 INFO  manager.WDListener - After click element --->inputtext
20:30:00.185 INFO  manager.WDListener - sendKeys --->inputtext
20:30:00.258 INFO  manager.WDListener - sendKeys --->inputtext
20:30:00.362 INFO  manager.WDListener - sendKeys --->inputtext
20:30:00.362 INFO  manager.WDListener - Before Find Element --->By.cssSelector: div.pac-item
20:30:00.728 INFO  manager.WDListener - After Find Element --->By.cssSelector: div.pac-item
20:30:00.745 INFO  manager.WDListener - After Find Element --->(173, 408)
20:30:00.771 INFO  manager.WDListener - Before click element --->divtextTel AvivIsrael
20:30:00.886 INFO  manager.WDListener - Before Find Element --->By.id: make
20:30:00.917 INFO  manager.WDListener - After Find Element --->By.id: make
20:30:00.935 INFO  manager.WDListener - After Find Element --->(172, 553)
20:30:00.958 INFO  manager.WDListener - Before click element --->inputtext
20:30:01.066 INFO  manager.WDListener - After click element --->inputtext
20:30:01.183 INFO  manager.WDListener - sendKeys --->inputtext
20:30:01.250 INFO  manager.WDListener - sendKeys --->inputtext
20:30:01.333 INFO  manager.WDListener - sendKeys --->inputtext
20:30:01.333 INFO  manager.WDListener - Before Find Element --->By.id: model
20:30:01.371 INFO  manager.WDListener - After Find Element --->By.id: model
20:30:01.382 INFO  manager.WDListener - After Find Element --->(172, 636)
20:30:01.413 INFO  manager.WDListener - Before click element --->inputtext
20:30:01.533 INFO  manager.WDListener - After click element --->inputtext
20:30:01.666 INFO  manager.WDListener - sendKeys --->inputtext
20:30:01.749 INFO  manager.WDListener - sendKeys --->inputtext
20:30:01.841 INFO  manager.WDListener - sendKeys --->inputtext
20:30:01.841 INFO  manager.WDListener - Before Find Element --->By.id: year
20:30:01.865 INFO  manager.WDListener - After Find Element --->By.id: year
20:30:01.881 INFO  manager.WDListener - After Find Element --->(172, 713)
20:30:01.912 INFO  manager.WDListener - Before click element --->inputtext
20:30:02.065 INFO  manager.WDListener - After click element --->inputtext
20:30:02.215 INFO  manager.WDListener - sendKeys --->inputtext
20:30:02.315 INFO  manager.WDListener - sendKeys --->inputtext
20:30:02.431 INFO  manager.WDListener - sendKeys --->inputtext
20:30:02.434 INFO  manager.WDListener - Before Find Element --->By.id: fuel
20:30:02.448 INFO  manager.WDListener - After Find Element --->By.id: fuel
20:30:02.480 INFO  manager.WDListener - After Find Element --->(172, 789)
20:30:02.605 INFO  manager.WDListener - Before click element --->optiontextPetrol
20:30:02.684 INFO  manager.WDListener - After click element --->optiontextPetrol
20:30:02.684 INFO  manager.WDListener - Before Find Element --->By.id: seats
20:30:02.716 INFO  manager.WDListener - After Find Element --->By.id: seats
20:30:02.733 INFO  manager.WDListener - After Find Element --->(172, 868)
20:30:02.767 INFO  manager.WDListener - Before click element --->inputtext
20:30:02.900 INFO  manager.WDListener - After click element --->inputtext
20:30:03.042 INFO  manager.WDListener - sendKeys --->inputtext
20:30:03.136 INFO  manager.WDListener - sendKeys --->inputtext
20:30:03.230 INFO  manager.WDListener - sendKeys --->inputtext
20:30:03.230 INFO  manager.WDListener - Before Find Element --->By.id: class
20:30:03.257 INFO  manager.WDListener - After Find Element --->By.id: class
20:30:03.274 INFO  manager.WDListener - After Find Element --->(172, 944)
20:30:03.295 INFO  manager.WDListener - Before click element --->inputtext
20:30:03.423 INFO  manager.WDListener - After click element --->inputtext
20:30:03.532 INFO  manager.WDListener - sendKeys --->inputtext
20:30:03.605 INFO  manager.WDListener - sendKeys --->inputtext
20:30:03.683 INFO  manager.WDListener - sendKeys --->inputtext
20:30:03.684 INFO  manager.WDListener - Before Find Element --->By.id: serialNumber
20:30:03.712 INFO  manager.WDListener - After Find Element --->By.id: serialNumber
20:30:03.732 INFO  manager.WDListener - After Find Element --->(172, 1021)
20:30:03.757 INFO  manager.WDListener - Before click element --->inputtext
20:30:03.896 INFO  manager.WDListener - After click element --->inputtext
20:30:04.019 INFO  manager.WDListener - sendKeys --->inputtext
20:30:04.085 INFO  manager.WDListener - sendKeys --->inputtext
20:30:04.186 INFO  manager.WDListener - sendKeys --->inputtext
20:30:04.193 INFO  manager.WDListener - Before Find Element --->By.id: pre
20:30:09.210 INFO  manager.WDListener - Huston, we have a problem!
20:30:09.210 INFO  manager.WDListener - ********************
20:30:09.225 INFO  manager.WDListener - Object target  ---> ChromeDriver: chrome on windows (512590d3986256689b7b5598f23b99d5)
20:30:09.225 INFO  manager.WDListener - ********************
20:30:09.225 INFO  manager.WDListener - Method name --->public abstract org.openqa.selenium.WebElement org.openqa.selenium.WebDriver.findElement(org.openqa.selenium.By)
20:30:09.225 INFO  manager.WDListener - ********************
20:30:09.225 INFO  manager.WDListener - InvocationTargetException --->org.openqa.selenium.NoSuchElementException: no such element: Unable to locate element: {"method":"css selector","selector":"#pre"}
  (Session info: chrome=137.0.7151.41)
For documentation on this error, please visit: https://www.selenium.dev/documentation/webdriver/troubleshooting/errors#no-such-element-exception
Build info: version: '4.16.1', revision: '9b4c83354e'
System info: os.name: 'Windows 11', os.arch: 'amd64', os.version: '10.0', java.version: '11.0.21'
Driver info: org.openqa.selenium.chrome.ChromeDriver
Command: [512590d3986256689b7b5598f23b99d5, findElement {using=id, value=pre}]
Capabilities {acceptInsecureCerts: false, browserName: chrome, browserVersion: 137.0.7151.41, chrome: {chromedriverVersion: 136.0.7103.113 (76fa3c17824..., userDataDir: C:\Users\user\AppData\Local...}, fedcm:accounts: true, goog:chromeOptions: {debuggerAddress: localhost:56988}, networkConnectionEnabled: false, pageLoadStrategy: normal, platformName: windows, proxy: Proxy(), se:cdp: ws://localhost:56988/devtoo..., se:cdpVersion: 137.0.7151.41, setWindowRect: true, strictFileInteractability: false, timeouts: {implicit: 0, pageLoad: 300000, script: 30000}, unhandledPromptBehavior: dismiss and notify, webauthn:extension:credBlob: true, webauthn:extension:largeBlob: true, webauthn:extension:minPinLength: true, webauthn:extension:prf: true, webauthn:virtualAuthenticators: true}
Session ID: 512590d3986256689b7b5598f23b99d5
20:30:09.225 INFO  manager.WDListener - ********************
20:30:09.382 INFO  manager.WDListener - Screen with error is --->src/test/screenshots/screen_1786.png
20:30:09.386 INFO  manager.WDListener - Before Find Element --->By.xpath: //button[text()='Search cars']
20:30:14.415 INFO  manager.WDListener - Huston, we have a problem!
20:30:14.415 INFO  manager.WDListener - ********************
20:30:14.415 INFO  manager.WDListener - Object target  ---> ChromeDriver: chrome on windows (512590d3986256689b7b5598f23b99d5)
20:30:14.415 INFO  manager.WDListener - ********************
20:30:14.415 INFO  manager.WDListener - Method name --->public abstract org.openqa.selenium.WebElement org.openqa.selenium.WebDriver.findElement(org.openqa.selenium.By)
20:30:14.415 INFO  manager.WDListener - ********************
20:30:14.415 INFO  manager.WDListener - InvocationTargetException --->org.openqa.selenium.NoSuchElementException: no such element: Unable to locate element: {"method":"xpath","selector":"//button[text()='Search cars']"}
  (Session info: chrome=137.0.7151.41)
For documentation on this error, please visit: https://www.selenium.dev/documentation/webdriver/troubleshooting/errors#no-such-element-exception
Build info: version: '4.16.1', revision: '9b4c83354e'
System info: os.name: 'Windows 11', os.arch: 'amd64', os.version: '10.0', java.version: '11.0.21'
Driver info: org.openqa.selenium.chrome.ChromeDriver
Command: [512590d3986256689b7b5598f23b99d5, findElement {using=xpath, value=//button[text()='Search cars']}]
Capabilities {acceptInsecureCerts: false, browserName: chrome, browserVersion: 137.0.7151.41, chrome: {chromedriverVersion: 136.0.7103.113 (76fa3c17824..., userDataDir: C:\Users\user\AppData\Local...}, fedcm:accounts: true, goog:chromeOptions: {debuggerAddress: localhost:56988}, networkConnectionEnabled: false, pageLoadStrategy: normal, platformName: windows, proxy: Proxy(), se:cdp: ws://localhost:56988/devtoo..., se:cdpVersion: 137.0.7151.41, setWindowRect: true, strictFileInteractability: false, timeouts: {implicit: 0, pageLoad: 300000, script: 30000}, unhandledPromptBehavior: dismiss and notify, webauthn:extension:credBlob: true, webauthn:extension:largeBlob: true, webauthn:extension:minPinLength: true, webauthn:extension:prf: true, webauthn:virtualAuthenticators: true}
Session ID: 512590d3986256689b7b5598f23b99d5
20:30:14.415 INFO  manager.WDListener - ********************
20:30:14.572 INFO  manager.WDListener - Screen with error is --->src/test/screenshots/screen_1524.png
