19:07:25.171 INFO  manager.ApplicationManager - All tests runs in Chrome Browser
19:07:27.134 INFO  manager.ApplicationManager - The link --->https://ilcarro.web.app/search
19:07:27.147 INFO  manager.TestNGListener - Start testing on date ---> Wed May 28 19:07:27 IDT 2025
19:07:27.174 INFO  tests.TestBase - Name of Method --->searchCurrentYearSuccess
19:07:27.177 INFO  manager.TestNGListener - Start testsearchCurrentYearSuccess
19:07:27.178 INFO  manager.WDListener - Before Find Element --->By.id: city
19:07:27.247 INFO  manager.WDListener - After Find Element --->By.id: city
19:07:27.271 INFO  manager.WDListener - After Find Element --->(192, 253)
19:07:27.310 INFO  manager.WDListener - Before click element --->inputtext
19:07:27.447 INFO  manager.WDListener - After click element --->inputtext
19:07:27.579 INFO  manager.WDListener - sendKeys --->inputtext
19:07:27.657 INFO  manager.WDListener - sendKeys --->inputtext
19:07:27.749 INFO  manager.WDListener - sendKeys --->inputtext
19:07:27.749 INFO  manager.WDListener - Before Find Element --->By.id: dates
19:07:27.783 INFO  manager.WDListener - After Find Element --->By.id: dates
19:07:27.806 INFO  manager.WDListener - After Find Element --->(192, 330)
19:07:27.837 INFO  manager.WDListener - Before click element --->inputtext
19:07:28.071 INFO  manager.WDListener - After click element --->inputtext
19:07:28.073 INFO  manager.WDListener - Before Find Element --->By.xpath: //*[@type='submit']
19:07:28.107 INFO  manager.WDListener - After Find Element --->By.xpath: //*[@type='submit']
19:07:28.123 INFO  manager.WDListener - After Find Element --->(192, 432)
19:07:28.148 INFO  manager.WDListener - Before click element --->buttontextY’alla!
19:07:29.276 INFO  manager.WDListener - Huston, we have a problem!
19:07:29.276 INFO  manager.WDListener - ********************
19:07:29.277 INFO  manager.WDListener - Object target  ---> [[ChromeDriver: chrome on windows (a80f9fd97e43d6e9b4a1597acbc96234)] -> xpath: //*[@type='submit']]
19:07:29.277 INFO  manager.WDListener - ********************
19:07:29.277 INFO  manager.WDListener - Method name --->public abstract void org.openqa.selenium.WebElement.click()
19:07:29.277 INFO  manager.WDListener - ********************
19:07:29.279 INFO  manager.WDListener - InvocationTargetException --->org.openqa.selenium.ElementClickInterceptedException: element click intercepted: Element <button _ngcontent-ovt-c106="" type="submit" disabled="">...</button> is not clickable at point (275, 447). Other element would receive the click: <button mat-button="" type="button" cdkarialive="polite" class="mat-focus-indicator mat-calendar-period-button mat-button mat-button-base" ng-reflect-politeness="polite" aria-label="Choose month and year">...</button>
  (Session info: chrome=137.0.7151.55)
Build info: version: '4.16.1', revision: '9b4c83354e'
System info: os.name: 'Windows 11', os.arch: 'amd64', os.version: '10.0', java.version: '11.0.21'
Driver info: org.openqa.selenium.chrome.ChromeDriver
Command: [a80f9fd97e43d6e9b4a1597acbc96234, clickElement {id=f.A1FAC36F11A0F9E135F4699386F2C1C7.d.61D786637D5D5744D7C280DCBA6CFFC5.e.10}]
Capabilities {acceptInsecureCerts: false, browserName: chrome, browserVersion: 137.0.7151.55, chrome: {chromedriverVersion: 136.0.7103.113 (76fa3c17824..., userDataDir: C:\Users\user\AppData\Local...}, fedcm:accounts: true, goog:chromeOptions: {debuggerAddress: localhost:59750}, networkConnectionEnabled: false, pageLoadStrategy: normal, platformName: windows, proxy: Proxy(), se:cdp: ws://localhost:59750/devtoo..., se:cdpVersion: 137.0.7151.55, setWindowRect: true, strictFileInteractability: false, timeouts: {implicit: 0, pageLoad: 300000, script: 30000}, unhandledPromptBehavior: dismiss and notify, webauthn:extension:credBlob: true, webauthn:extension:largeBlob: true, webauthn:extension:minPinLength: true, webauthn:extension:prf: true, webauthn:virtualAuthenticators: true}
Element: [[ChromeDriver: chrome on windows (a80f9fd97e43d6e9b4a1597acbc96234)] -> xpath: //*[@type='submit']]
Session ID: a80f9fd97e43d6e9b4a1597acbc96234
19:07:29.280 INFO  manager.WDListener - ********************
19:07:29.287 INFO  manager.TestNGListener - Fail testsearchCurrentYearSuccess
19:07:29.290 INFO  tests.TestBase - ==================================================
19:07:29.302 INFO  manager.TestNGListener - Finish testing on date ---> Wed May 28 19:07:29 IDT 2025
