21:38:17.295 INFO  manager.ApplicationManager - All tests runs in Chrome Browser
21:38:20.235 INFO  manager.ApplicationManager - The link --->https://ilcarro.web.app/search
21:38:20.246 INFO  manager.TestNGListener - Start testing on date ---> Sat May 31 21:38:20 IDT 2025
21:38:20.271 INFO  tests.TestBase - Name of Method --->searchAnyPeriodSuccess
21:38:20.273 INFO  manager.TestNGListener - Start testsearchAnyPeriodSuccess
21:38:20.274 INFO  manager.WDListener - Before Find Element --->By.id: city
21:38:20.303 INFO  manager.WDListener - After Find Element --->By.id: city
21:38:20.336 INFO  manager.WDListener - After Find Element --->(192, 253)
21:38:20.369 INFO  manager.WDListener - Before click element --->inputtext
21:38:20.502 INFO  manager.WDListener - After click element --->inputtext
21:38:20.635 INFO  manager.WDListener - sendKeys --->inputtext
21:38:20.702 INFO  manager.WDListener - sendKeys --->inputtext
21:38:20.785 INFO  manager.WDListener - sendKeys --->inputtext
21:38:22.793 INFO  manager.WDListener - Before Find Element --->By.cssSelector: div.pac-item
21:38:22.832 INFO  manager.WDListener - After Find Element --->By.cssSelector: div.pac-item
21:38:22.856 INFO  manager.WDListener - After Find Element --->(192, 301)
21:38:22.883 INFO  manager.WDListener - Before click element --->divtextTel AvivIsrael
21:38:22.992 INFO  manager.WDListener - Before Find Element --->By.id: dates
21:38:23.022 INFO  manager.WDListener - After Find Element --->By.id: dates
21:38:23.039 INFO  manager.WDListener - After Find Element --->(192, 349)
21:38:23.063 INFO  manager.WDListener - Before click element --->inputtext
21:38:23.246 INFO  manager.WDListener - After click element --->inputtext
21:38:23.249 INFO  manager.WDListener - Before Find Element --->By.xpath: //button[@aria-label = 'Next month']
21:38:23.281 INFO  manager.WDListener - After Find Element --->By.xpath: //button[@aria-label = 'Next month']
21:38:23.296 INFO  manager.WDListener - After Find Element --->(442, 397)
21:38:23.319 INFO  manager.WDListener - Before click element --->buttontext
21:38:23.453 INFO  manager.WDListener - After click element --->buttontext
21:38:23.453 INFO  manager.WDListener - Before Find Element --->By.xpath: //button[@aria-label = 'Next month']
21:38:23.470 INFO  manager.WDListener - After Find Element --->By.xpath: //button[@aria-label = 'Next month']
21:38:23.486 INFO  manager.WDListener - After Find Element --->(442, 398)
21:38:23.520 INFO  manager.WDListener - Before click element --->buttontext
21:38:23.636 INFO  manager.WDListener - After click element --->buttontext
21:38:23.636 INFO  manager.WDListener - Before Find Element --->By.xpath: //button[@aria-label = 'Next month']
21:38:23.653 INFO  manager.WDListener - After Find Element --->By.xpath: //button[@aria-label = 'Next month']
21:38:23.669 INFO  manager.WDListener - After Find Element --->(442, 398)
21:38:23.702 INFO  manager.WDListener - Before click element --->buttontext
21:38:23.819 INFO  manager.WDListener - After click element --->buttontext
21:38:23.819 INFO  manager.WDListener - Before Find Element --->By.xpath: //button[@aria-label = 'Next month']
21:38:23.836 INFO  manager.WDListener - After Find Element --->By.xpath: //button[@aria-label = 'Next month']
21:38:23.852 INFO  manager.WDListener - After Find Element --->(442, 398)
21:38:23.870 INFO  manager.WDListener - Before click element --->buttontext
21:38:23.985 INFO  manager.WDListener - After click element --->buttontext
21:38:23.985 INFO  manager.WDListener - Before Find Element --->By.xpath: //button[@aria-label = 'Next month']
21:38:24.002 INFO  manager.WDListener - After Find Element --->By.xpath: //button[@aria-label = 'Next month']
21:38:24.019 INFO  manager.WDListener - After Find Element --->(442, 398)
21:38:24.053 INFO  manager.WDListener - Before click element --->buttontext
21:38:24.169 INFO  manager.WDListener - After click element --->buttontext
21:38:24.169 INFO  manager.WDListener - Before Find Element --->By.xpath: //div[text()=' 9 ']
21:38:24.202 INFO  manager.WDListener - After Find Element --->By.xpath: //div[text()=' 9 ']
21:38:24.219 INFO  manager.WDListener - After Find Element --->(362, 523)
21:38:24.237 INFO  manager.WDListener - Before click element --->divtext9
21:38:24.344 INFO  manager.WDListener - Before Find Element --->By.xpath: //button[@aria-label = 'Next month']
21:38:24.370 INFO  manager.WDListener - After Find Element --->By.xpath: //button[@aria-label = 'Next month']
21:38:24.386 INFO  manager.WDListener - After Find Element --->(442, 398)
21:38:24.403 INFO  manager.WDListener - Before click element --->buttontext
21:38:24.518 INFO  manager.WDListener - After click element --->buttontext
21:38:24.518 INFO  manager.WDListener - Before Find Element --->By.xpath: //button[@aria-label = 'Next month']
21:38:24.543 INFO  manager.WDListener - After Find Element --->By.xpath: //button[@aria-label = 'Next month']
21:38:24.553 INFO  manager.WDListener - After Find Element --->(442, 398)
21:38:24.569 INFO  manager.WDListener - Before click element --->buttontext
21:38:24.702 INFO  manager.WDListener - After click element --->buttontext
21:38:24.702 INFO  manager.WDListener - Before Find Element --->By.xpath: //button[@aria-label = 'Next month']
21:38:24.719 INFO  manager.WDListener - After Find Element --->By.xpath: //button[@aria-label = 'Next month']
21:38:24.735 INFO  manager.WDListener - After Find Element --->(442, 398)
21:38:24.752 INFO  manager.WDListener - Before click element --->buttontext
21:38:24.868 INFO  manager.WDListener - After click element --->buttontext
21:38:24.868 INFO  manager.WDListener - Before Find Element --->By.xpath: //button[@aria-label = 'Next month']
21:38:24.886 INFO  manager.WDListener - After Find Element --->By.xpath: //button[@aria-label = 'Next month']
21:38:24.903 INFO  manager.WDListener - After Find Element --->(442, 398)
21:38:24.919 INFO  manager.WDListener - Before click element --->buttontext
21:38:25.036 INFO  manager.WDListener - After click element --->buttontext
21:38:25.036 INFO  manager.WDListener - Before Find Element --->By.xpath: //button[@aria-label = 'Next month']
21:38:25.061 INFO  manager.WDListener - After Find Element --->By.xpath: //button[@aria-label = 'Next month']
21:38:25.069 INFO  manager.WDListener - After Find Element --->(442, 398)
21:38:25.101 INFO  manager.WDListener - Before click element --->buttontext
21:38:25.210 INFO  manager.WDListener - After click element --->buttontext
21:38:25.210 INFO  manager.WDListener - Before Find Element --->By.xpath: //button[@aria-label = 'Next month']
21:38:25.229 INFO  manager.WDListener - After Find Element --->By.xpath: //button[@aria-label = 'Next month']
21:38:25.244 INFO  manager.WDListener - After Find Element --->(442, 398)
21:38:25.267 INFO  manager.WDListener - Before click element --->buttontext
21:38:25.378 INFO  manager.WDListener - After click element --->buttontext
21:38:25.378 INFO  manager.WDListener - Before Find Element --->By.xpath: //button[@aria-label = 'Next month']
21:38:25.399 INFO  manager.WDListener - After Find Element --->By.xpath: //button[@aria-label = 'Next month']
21:38:25.415 INFO  manager.WDListener - After Find Element --->(442, 398)
21:38:25.437 INFO  manager.WDListener - Before click element --->buttontext
21:38:25.555 INFO  manager.WDListener - After click element --->buttontext
21:38:25.555 INFO  manager.WDListener - Before Find Element --->By.xpath: //button[@aria-label = 'Next month']
21:38:25.575 INFO  manager.WDListener - After Find Element --->By.xpath: //button[@aria-label = 'Next month']
21:38:25.591 INFO  manager.WDListener - After Find Element --->(442, 398)
21:38:25.614 INFO  manager.WDListener - Before click element --->buttontext
21:38:25.708 INFO  manager.WDListener - After click element --->buttontext
21:38:25.708 INFO  manager.WDListener - Before Find Element --->By.xpath: //button[@aria-label = 'Next month']
21:38:25.726 INFO  manager.WDListener - After Find Element --->By.xpath: //button[@aria-label = 'Next month']
21:38:25.740 INFO  manager.WDListener - After Find Element --->(442, 398)
21:38:25.762 INFO  manager.WDListener - Before click element --->buttontext
21:38:25.854 INFO  manager.WDListener - After click element --->buttontext
21:38:25.854 INFO  manager.WDListener - Before Find Element --->By.xpath: //button[@aria-label = 'Next month']
21:38:25.873 INFO  manager.WDListener - After Find Element --->By.xpath: //button[@aria-label = 'Next month']
21:38:25.887 INFO  manager.WDListener - After Find Element --->(442, 398)
21:38:25.909 INFO  manager.WDListener - Before click element --->buttontext
21:38:26.000 INFO  manager.WDListener - After click element --->buttontext
21:38:26.000 INFO  manager.WDListener - Before Find Element --->By.xpath: //button[@aria-label = 'Next month']
21:38:26.017 INFO  manager.WDListener - After Find Element --->By.xpath: //button[@aria-label = 'Next month']
21:38:26.032 INFO  manager.WDListener - After Find Element --->(442, 398)
21:38:26.054 INFO  manager.WDListener - Before click element --->buttontext
21:38:26.143 INFO  manager.WDListener - After click element --->buttontext
21:38:26.143 INFO  manager.WDListener - Before Find Element --->By.xpath: //button[@aria-label = 'Next month']
21:38:26.162 INFO  manager.WDListener - After Find Element --->By.xpath: //button[@aria-label = 'Next month']
21:38:26.176 INFO  manager.WDListener - After Find Element --->(442, 398)
21:38:26.197 INFO  manager.WDListener - Before click element --->buttontext
21:38:26.289 INFO  manager.WDListener - After click element --->buttontext
21:38:26.289 INFO  manager.WDListener - Before Find Element --->By.xpath: //button[@aria-label = 'Next month']
21:38:26.307 INFO  manager.WDListener - After Find Element --->By.xpath: //button[@aria-label = 'Next month']
21:38:26.322 INFO  manager.WDListener - After Find Element --->(442, 398)
21:38:26.342 INFO  manager.WDListener - Before click element --->buttontext
21:38:26.431 INFO  manager.WDListener - After click element --->buttontext
21:38:26.432 INFO  manager.WDListener - Before Find Element --->By.xpath: //button[@aria-label = 'Next month']
21:38:26.449 INFO  manager.WDListener - After Find Element --->By.xpath: //button[@aria-label = 'Next month']
21:38:26.462 INFO  manager.WDListener - After Find Element --->(442, 398)
21:38:26.482 INFO  manager.WDListener - Before click element --->buttontext
21:38:26.569 INFO  manager.WDListener - After click element --->buttontext
21:38:26.569 INFO  manager.WDListener - Before Find Element --->By.xpath: //button[@aria-label = 'Next month']
21:38:26.586 INFO  manager.WDListener - After Find Element --->By.xpath: //button[@aria-label = 'Next month']
21:38:26.600 INFO  manager.WDListener - After Find Element --->(442, 398)
21:38:26.620 INFO  manager.WDListener - Before click element --->buttontext
21:38:26.709 INFO  manager.WDListener - After click element --->buttontext
21:38:26.710 INFO  manager.WDListener - Before Find Element --->By.xpath: //button[@aria-label = 'Next month']
21:38:26.726 INFO  manager.WDListener - After Find Element --->By.xpath: //button[@aria-label = 'Next month']
21:38:26.741 INFO  manager.WDListener - After Find Element --->(442, 398)
21:38:26.762 INFO  manager.WDListener - Before click element --->buttontext
21:38:26.851 INFO  manager.WDListener - After click element --->buttontext
21:38:26.851 INFO  manager.WDListener - Before Find Element --->By.xpath: //button[@aria-label = 'Next month']
21:38:26.867 INFO  manager.WDListener - After Find Element --->By.xpath: //button[@aria-label = 'Next month']
21:38:26.882 INFO  manager.WDListener - After Find Element --->(442, 398)
21:38:26.905 INFO  manager.WDListener - Before click element --->buttontext
21:38:26.997 INFO  manager.WDListener - After click element --->buttontext
21:38:26.998 INFO  manager.WDListener - Before Find Element --->By.xpath: //div[text()=' 9 ']
21:38:27.016 INFO  manager.WDListener - After Find Element --->By.xpath: //div[text()=' 9 ']
21:38:27.031 INFO  manager.WDListener - After Find Element --->(442, 523)
21:38:27.052 INFO  manager.WDListener - Before click element --->divtext9
21:38:27.185 INFO  manager.WDListener - After click element --->divtext
21:38:27.185 INFO  manager.WDListener - Before Find Element --->By.xpath: //*[@type='submit']
21:38:27.203 INFO  manager.WDListener - After Find Element --->By.xpath: //*[@type='submit']
21:38:27.219 INFO  manager.WDListener - After Find Element --->(192, 393)
21:38:27.252 INFO  manager.WDListener - Before click element --->buttontextY’alla!
21:38:39.304 INFO  manager.TestNGListener - Success testsearchAnyPeriodSuccess
21:38:39.305 INFO  tests.TestBase - ==================================================
21:38:39.308 INFO  manager.TestNGListener - Finish testing on date ---> Sat May 31 21:38:39 IDT 2025
