19:39:08.639 INFO  manager.ApplicationManager - All tests runs in Chrome Browser
19:39:10.540 INFO  manager.ApplicationManager - The link --->https://ilcarro.web.app/search
19:39:10.552 INFO  manager.TestNGListener - Start testing on date ---> Wed May 28 19:39:10 IDT 2025
19:39:10.578 INFO  tests.TestBase - Name of Method --->searchCurrentYearSuccess
19:39:10.579 INFO  manager.TestNGListener - Start testsearchCurrentYearSuccess
19:39:10.580 INFO  manager.WDListener - Before Find Element --->By.id: city
19:39:10.623 INFO  manager.WDListener - After Find Element --->By.id: city
19:39:10.646 INFO  manager.WDListener - After Find Element --->(192, 253)
19:39:10.678 INFO  manager.WDListener - Before click element --->inputtext
19:39:10.814 INFO  manager.WDListener - After click element --->inputtext
19:39:10.948 INFO  manager.WDListener - sendKeys --->inputtext
19:39:11.022 INFO  manager.WDListener - sendKeys --->inputtext
19:39:11.106 INFO  manager.WDListener - sendKeys --->inputtext
19:39:11.108 INFO  manager.WDListener - Before Find Element --->By.id: dates
19:39:11.140 INFO  manager.WDListener - After Find Element --->By.id: dates
19:39:11.156 INFO  manager.WDListener - After Find Element --->(192, 330)
19:39:11.184 INFO  manager.WDListener - Before click element --->inputtext
19:39:11.380 INFO  manager.WDListener - After click element --->inputtext
19:39:11.384 INFO  manager.TestNGListener - Fail testsearchCurrentYearSuccess
19:39:11.387 INFO  tests.TestBase - ==================================================
19:39:11.390 INFO  manager.TestNGListener - Finish testing on date ---> Wed May 28 19:39:11 IDT 2025
