19:11:09.257 INFO  manager.ApplicationManager - All tests runs in Chrome Browser
19:11:11.590 INFO  manager.ApplicationManager - The link --->https://ilcarro.web.app/search
19:11:11.602 INFO  manager.TestNGListener - Start testing on date ---> Wed Jun 04 19:11:11 IDT 2025
19:11:11.629 INFO  tests.TestBase - Name of Method --->searchAnyPeriodSuccess
19:11:11.631 INFO  manager.TestNGListener - Start testsearchAnyPeriodSuccess
19:11:11.632 INFO  manager.WDListener - Before Find Element --->By.id: city
19:11:11.675 INFO  manager.WDListener - After Find Element --->By.id: city
19:11:11.699 INFO  manager.WDListener - After Find Element --->(192, 253)
19:11:11.840 INFO  manager.WDListener - sendKeys --->inputtext
19:11:11.908 INFO  manager.WDListener - sendKeys --->inputtext
19:11:11.908 INFO  manager.WDListener - Before Find Element --->By.id: city
19:11:11.940 INFO  manager.WDListener - After Find Element --->By.id: city
19:11:11.963 INFO  manager.WDListener - After Find Element --->(192, 253)
19:11:12.029 INFO  manager.WDListener - sendKeys --->inputtext
19:11:12.093 INFO  manager.WDListener - sendKeys --->inputtext
19:11:12.094 INFO  manager.WDListener - Before Find Element --->By.id: city
19:11:12.121 INFO  manager.WDListener - After Find Element --->By.id: city
19:11:12.140 INFO  manager.WDListener - After Find Element --->(192, 253)
19:11:12.163 INFO  manager.WDListener - Before click element --->inputtext
19:11:12.272 INFO  manager.WDListener - After click element --->inputtext
19:11:12.382 INFO  manager.WDListener - sendKeys --->inputtext
19:11:12.444 INFO  manager.WDListener - sendKeys --->inputtext
19:11:12.525 INFO  manager.WDListener - sendKeys --->inputtext
19:11:12.525 INFO  manager.WDListener - Before Find Element --->By.id: dates
19:11:12.553 INFO  manager.WDListener - After Find Element --->By.id: dates
19:11:12.570 INFO  manager.WDListener - After Find Element --->(192, 330)
19:11:12.677 INFO  manager.WDListener - sendKeys --->inputtext
19:11:12.741 INFO  manager.WDListener - sendKeys --->inputtext
19:11:14.752 INFO  manager.WDListener - Before Find Element --->By.cssSelector: div.pac-item
19:11:14.782 INFO  manager.WDListener - After Find Element --->By.cssSelector: div.pac-item
19:11:14.799 INFO  manager.WDListener - After Find Element --->(0, 0)
19:11:14.823 INFO  manager.WDListener - Before click element --->divtext
19:11:19.871 INFO  manager.WDListener - Huston, we have a problem!
19:11:19.871 INFO  manager.WDListener - ********************
19:11:19.871 INFO  manager.WDListener - Object target  ---> [[ChromeDriver: chrome on windows (4fcb7fe83263c8b076f9006e77a143a3)] -> css selector: div.pac-item]
19:11:19.871 INFO  manager.WDListener - ********************
19:11:19.872 INFO  manager.WDListener - Method name --->public abstract void org.openqa.selenium.WebElement.click()
19:11:19.872 INFO  manager.WDListener - ********************
19:11:19.874 INFO  manager.WDListener - InvocationTargetException --->org.openqa.selenium.ElementNotInteractableException: element not interactable
  (Session info: chrome=137.0.7151.57)
Build info: version: '4.16.1', revision: '9b4c83354e'
System info: os.name: 'Windows 11', os.arch: 'amd64', os.version: '10.0', java.version: '11.0.21'
Driver info: org.openqa.selenium.chrome.ChromeDriver
Command: [4fcb7fe83263c8b076f9006e77a143a3, clickElement {id=f.1852359AFA06CEDF5FFD61ACEB8342FF.d.FE100A1C1A49445635B644A94B93D03C.e.26}]
Capabilities {acceptInsecureCerts: false, browserName: chrome, browserVersion: 137.0.7151.57, chrome: {chromedriverVersion: 136.0.7103.113 (76fa3c17824..., userDataDir: C:\Users\user\AppData\Local...}, fedcm:accounts: true, goog:chromeOptions: {debuggerAddress: localhost:53756}, networkConnectionEnabled: false, pageLoadStrategy: normal, platformName: windows, proxy: Proxy(), se:cdp: ws://localhost:53756/devtoo..., se:cdpVersion: 137.0.7151.57, setWindowRect: true, strictFileInteractability: false, timeouts: {implicit: 0, pageLoad: 300000, script: 30000}, unhandledPromptBehavior: dismiss and notify, webauthn:extension:credBlob: true, webauthn:extension:largeBlob: true, webauthn:extension:minPinLength: true, webauthn:extension:prf: true, webauthn:virtualAuthenticators: true}
Element: [[ChromeDriver: chrome on windows (4fcb7fe83263c8b076f9006e77a143a3)] -> css selector: div.pac-item]
Session ID: 4fcb7fe83263c8b076f9006e77a143a3
19:11:19.874 INFO  manager.WDListener - ********************
19:11:19.883 INFO  manager.TestNGListener - Fail testsearchAnyPeriodSuccess
19:11:19.888 INFO  manager.WDListener - Before Find Element --->By.cssSelector: a.logo
19:11:19.922 INFO  manager.WDListener - After Find Element --->By.cssSelector: a.logo
19:11:19.938 INFO  manager.WDListener - After Find Element --->(192, 16)
19:11:19.959 INFO  manager.WDListener - Before click element --->atext
19:11:20.365 INFO  tests.TestBase - ==================================================
19:11:20.369 INFO  tests.TestBase - Name of Method --->searchCurrentMonthSuccess
19:11:20.369 INFO  manager.TestNGListener - Start testsearchCurrentMonthSuccess
19:11:20.370 INFO  manager.WDListener - Before Find Element --->By.id: city
19:11:20.395 INFO  manager.WDListener - After Find Element --->By.id: city
19:11:20.410 INFO  manager.WDListener - After Find Element --->(192, 253)
19:11:20.500 INFO  manager.WDListener - sendKeys --->inputtext
19:11:20.562 INFO  manager.WDListener - sendKeys --->inputtext
19:11:20.562 INFO  manager.WDListener - Before Find Element --->By.id: city
19:11:20.587 INFO  manager.WDListener - After Find Element --->By.id: city
19:11:20.605 INFO  manager.WDListener - After Find Element --->(192, 253)
19:11:20.632 INFO  manager.WDListener - Before click element --->inputtext
19:11:20.741 INFO  manager.WDListener - After click element --->inputtext
19:11:20.844 INFO  manager.WDListener - sendKeys --->inputtext
19:11:20.907 INFO  manager.WDListener - sendKeys --->inputtext
19:11:20.983 INFO  manager.WDListener - sendKeys --->inputtext
19:11:20.983 INFO  manager.WDListener - Before Find Element --->By.id: dates
19:11:21.006 INFO  manager.WDListener - After Find Element --->By.id: dates
19:11:21.022 INFO  manager.WDListener - After Find Element --->(192, 330)
19:11:21.125 INFO  manager.WDListener - sendKeys --->inputtext
19:11:21.192 INFO  manager.WDListener - sendKeys --->inputtext
19:11:23.197 INFO  manager.WDListener - Before Find Element --->By.cssSelector: div.pac-item
19:11:23.222 INFO  manager.WDListener - After Find Element --->By.cssSelector: div.pac-item
19:11:23.238 INFO  manager.WDListener - After Find Element --->(192, 301)
19:11:23.262 INFO  manager.WDListener - Before click element --->divtextTel AvivIsrael
19:11:23.365 INFO  manager.WDListener - Before Find Element --->By.id: dates
19:11:23.387 INFO  manager.WDListener - After Find Element --->By.id: dates
19:11:23.404 INFO  manager.WDListener - After Find Element --->(192, 349)
19:11:23.497 INFO  manager.WDListener - sendKeys --->inputtext
19:11:23.588 INFO  manager.WDListener - sendKeys --->inputtext
19:11:23.588 INFO  manager.WDListener - Before Find Element --->By.id: dates
19:11:23.608 INFO  manager.WDListener - After Find Element --->By.id: dates
19:11:23.627 INFO  manager.WDListener - After Find Element --->(192, 330)
19:11:23.649 INFO  manager.WDListener - Before click element --->inputtext
19:11:23.844 INFO  manager.WDListener - After click element --->inputtext
19:11:23.845 INFO  manager.WDListener - Before Find Element --->By.xpath: //div[text()=' 6 ']
19:11:23.880 INFO  manager.WDListener - After Find Element --->By.xpath: //div[text()=' 6 ']
19:11:23.898 INFO  manager.WDListener - After Find Element --->(402, 519)
19:11:23.925 INFO  manager.WDListener - Before click element --->divtext6
19:11:24.060 INFO  manager.WDListener - Before Find Element --->By.xpath: //div[text()=' 25 ']
19:11:24.094 INFO  manager.WDListener - After Find Element --->By.xpath: //div[text()=' 25 ']
19:11:24.112 INFO  manager.WDListener - After Find Element --->(322, 643)
19:11:24.140 INFO  manager.WDListener - Before click element --->divtext25
19:11:24.261 INFO  manager.WDListener - After click element --->divtext
19:11:24.261 INFO  manager.WDListener - Before Find Element --->By.xpath: //*[@type='submit']
19:11:24.297 INFO  manager.WDListener - After Find Element --->By.xpath: //*[@type='submit']
19:11:24.315 INFO  manager.WDListener - After Find Element --->(192, 393)
19:11:24.344 INFO  manager.WDListener - Before click element --->buttontextY’alla!
19:11:24.830 INFO  manager.WDListener - Before Find Element --->By.xpath: //*[@type='submit']
19:11:24.855 INFO  manager.WDListener - After Find Element --->By.xpath: //*[@type='submit']
19:11:24.874 INFO  manager.WDListener - After Find Element --->(96, 405)
19:11:24.896 INFO  manager.WDListener - Before click element --->buttontextSearch
19:11:25.029 INFO  manager.WDListener - After click element --->buttontextSearch
19:11:39.883 INFO  manager.TestNGListener - Success testsearchCurrentMonthSuccess
19:11:39.884 INFO  manager.WDListener - Before Find Element --->By.cssSelector: a.logo
19:11:39.904 INFO  manager.WDListener - After Find Element --->By.cssSelector: a.logo
19:11:39.920 INFO  manager.WDListener - After Find Element --->(192, 16)
19:11:39.942 INFO  manager.WDListener - Before click element --->atext
19:11:40.353 INFO  tests.TestBase - ==================================================
19:11:40.355 INFO  tests.TestBase - Name of Method --->searchCurrentYearSuccess
19:11:40.355 INFO  manager.TestNGListener - Start testsearchCurrentYearSuccess
19:11:40.356 INFO  manager.WDListener - Before Find Element --->By.id: city
19:11:40.378 INFO  manager.WDListener - After Find Element --->By.id: city
19:11:40.394 INFO  manager.WDListener - After Find Element --->(192, 253)
19:11:40.482 INFO  manager.WDListener - sendKeys --->inputtext
19:11:40.548 INFO  manager.WDListener - sendKeys --->inputtext
19:11:40.549 INFO  manager.WDListener - Before Find Element --->By.id: city
19:11:40.565 INFO  manager.WDListener - After Find Element --->By.id: city
19:11:40.583 INFO  manager.WDListener - After Find Element --->(192, 253)
19:11:40.642 INFO  manager.WDListener - sendKeys --->inputtext
19:11:40.700 INFO  manager.WDListener - sendKeys --->inputtext
19:11:40.700 INFO  manager.WDListener - Before Find Element --->By.id: city
19:11:40.716 INFO  manager.WDListener - After Find Element --->By.id: city
19:11:40.731 INFO  manager.WDListener - After Find Element --->(192, 253)
19:11:40.752 INFO  manager.WDListener - Before click element --->inputtext
19:11:40.847 INFO  manager.WDListener - After click element --->inputtext
19:11:41.119 INFO  manager.WDListener - sendKeys --->inputtext
19:11:41.178 INFO  manager.WDListener - sendKeys --->inputtext
19:11:41.249 INFO  manager.WDListener - sendKeys --->inputtext
19:11:41.249 INFO  manager.WDListener - Before Find Element --->By.id: dates
19:11:41.263 INFO  manager.WDListener - After Find Element --->By.id: dates
19:11:41.278 INFO  manager.WDListener - After Find Element --->(192, 330)
19:11:41.363 INFO  manager.WDListener - sendKeys --->inputtext
19:11:41.423 INFO  manager.WDListener - sendKeys --->inputtext
19:11:43.431 INFO  manager.WDListener - Before Find Element --->By.cssSelector: div.pac-item
19:11:43.451 INFO  manager.WDListener - After Find Element --->By.cssSelector: div.pac-item
19:11:43.467 INFO  manager.WDListener - After Find Element --->(0, 0)
19:11:43.487 INFO  manager.WDListener - Before click element --->divtext
19:11:48.522 INFO  manager.WDListener - Huston, we have a problem!
19:11:48.522 INFO  manager.WDListener - ********************
19:11:48.522 INFO  manager.WDListener - Object target  ---> [[ChromeDriver: chrome on windows (4fcb7fe83263c8b076f9006e77a143a3)] -> css selector: div.pac-item]
19:11:48.522 INFO  manager.WDListener - ********************
19:11:48.522 INFO  manager.WDListener - Method name --->public abstract void org.openqa.selenium.WebElement.click()
19:11:48.522 INFO  manager.WDListener - ********************
19:11:48.522 INFO  manager.WDListener - InvocationTargetException --->org.openqa.selenium.ElementNotInteractableException: element not interactable
  (Session info: chrome=137.0.7151.57)
Build info: version: '4.16.1', revision: '9b4c83354e'
System info: os.name: 'Windows 11', os.arch: 'amd64', os.version: '10.0', java.version: '11.0.21'
Driver info: org.openqa.selenium.chrome.ChromeDriver
Command: [4fcb7fe83263c8b076f9006e77a143a3, clickElement {id=f.1852359AFA06CEDF5FFD61ACEB8342FF.d.88812B4A57FB0E7B6FE830CB5471DC4D.e.2765}]
Capabilities {acceptInsecureCerts: false, browserName: chrome, browserVersion: 137.0.7151.57, chrome: {chromedriverVersion: 136.0.7103.113 (76fa3c17824..., userDataDir: C:\Users\user\AppData\Local...}, fedcm:accounts: true, goog:chromeOptions: {debuggerAddress: localhost:53756}, networkConnectionEnabled: false, pageLoadStrategy: normal, platformName: windows, proxy: Proxy(), se:cdp: ws://localhost:53756/devtoo..., se:cdpVersion: 137.0.7151.57, setWindowRect: true, strictFileInteractability: false, timeouts: {implicit: 0, pageLoad: 300000, script: 30000}, unhandledPromptBehavior: dismiss and notify, webauthn:extension:credBlob: true, webauthn:extension:largeBlob: true, webauthn:extension:minPinLength: true, webauthn:extension:prf: true, webauthn:virtualAuthenticators: true}
Element: [[ChromeDriver: chrome on windows (4fcb7fe83263c8b076f9006e77a143a3)] -> css selector: div.pac-item]
Session ID: 4fcb7fe83263c8b076f9006e77a143a3
19:11:48.522 INFO  manager.WDListener - ********************
19:11:48.524 INFO  manager.TestNGListener - Fail testsearchCurrentYearSuccess
19:11:48.525 INFO  manager.WDListener - Before Find Element --->By.cssSelector: a.logo
19:11:48.549 INFO  manager.WDListener - After Find Element --->By.cssSelector: a.logo
19:11:48.563 INFO  manager.WDListener - After Find Element --->(192, 16)
19:11:48.584 INFO  manager.WDListener - Before click element --->atext
19:11:48.901 INFO  tests.TestBase - ==================================================
19:11:48.902 INFO  manager.TestNGListener - Finish testing on date ---> Wed Jun 04 19:11:48 IDT 2025
