20:53:39.732 INFO  manager.ApplicationManager - All tests runs in Chrome Browser
20:53:41.720 INFO  manager.ApplicationManager - The link --->https://ilcarro.web.app/search
20:53:41.731 INFO  manager.TestNGListener - Start testing on date ---> Tue May 27 20:53:41 IDT 2025
20:53:41.754 INFO  tests.TestBase - Name of Method --->loginSuccess
20:53:46.830 INFO  manager.TestNGListener - Start testloginSuccess
20:53:46.830 INFO  manager.WDListener - Before Find Element --->By.xpath: //a [text()=' Log in ']
20:53:46.881 INFO  manager.WDListener - After Find Element --->By.xpath: //a [text()=' Log in ']
20:53:46.909 INFO  manager.WDListener - After Find Element --->(1634, 24)
20:53:46.940 INFO  manager.WDListener - Before click element --->atextLog in
20:53:47.105 INFO  manager.WDListener - After click element --->atextLog in
20:53:47.106 INFO  manager.WDListener - Before Find Element --->By.id: email
20:53:47.144 INFO  manager.WDListener - After Find Element --->By.id: email
20:53:47.163 INFO  manager.WDListener - After Find Element --->(1341, 266)
20:53:47.189 INFO  manager.WDListener - Before click element --->inputtext
20:53:47.355 INFO  manager.WDListener - After click element --->inputtext
20:53:47.538 INFO  manager.WDListener - sendKeys --->inputtext
20:53:47.639 INFO  manager.WDListener - sendKeys --->inputtext
20:53:47.754 INFO  manager.WDListener - sendKeys --->inputtext
20:53:47.755 INFO  manager.WDListener - Before Find Element --->By.id: password
20:53:47.789 INFO  manager.WDListener - After Find Element --->By.id: password
20:53:47.806 INFO  manager.WDListener - After Find Element --->(1341, 343)
20:53:47.831 INFO  manager.WDListener - Before click element --->inputtext
20:53:47.956 INFO  manager.WDListener - After click element --->inputtext
20:53:48.071 INFO  manager.WDListener - sendKeys --->inputtext
20:53:48.139 INFO  manager.WDListener - sendKeys --->inputtext
20:53:48.231 INFO  manager.WDListener - sendKeys --->inputtext
20:53:48.231 INFO  tests.TestBase - Test data ---> email: 'test12@gmail.com' & password: 'vilevinQa!1234'
20:53:48.231 INFO  manager.WDListener - Before Find Element --->By.xpath: //*[@type='submit']
20:53:48.266 INFO  manager.WDListener - After Find Element --->By.xpath: //*[@type='submit']
20:53:48.286 INFO  manager.WDListener - After Find Element --->(1341, 414)
20:53:48.311 INFO  manager.WDListener - Before click element --->buttontextY’alla!
20:53:48.443 INFO  manager.WDListener - After click element --->buttontextY’alla!
20:53:50.448 INFO  manager.WDListener - Before Find Element --->By.cssSelector: .dialog-container>h2
20:53:50.484 INFO  manager.WDListener - After Find Element --->By.cssSelector: .dialog-container>h2
20:53:50.495 INFO  manager.WDListener - After Find Element --->(776, 441)
20:53:50.511 INFO  tests.TestBase - Assert check message 'Logged in success'
20:53:50.527 INFO  manager.TestNGListener - Success testloginSuccess
20:53:50.558 INFO  manager.WDListener - Before Find Element --->By.xpath: //button[text() = 'Ok']
20:53:50.590 INFO  manager.WDListener - After Find Element --->By.xpath: //button[text() = 'Ok']
20:53:50.605 INFO  manager.WDListener - After Find Element --->(986, 495)
20:53:50.636 INFO  manager.WDListener - Before click element --->buttontextOk
20:53:50.749 INFO  manager.WDListener - After click element --->buttontextOk
20:53:50.749 INFO  tests.TestBase - ==================================================
20:53:50.766 INFO  tests.TestBase - Name of Method --->loginSuccessModel
20:53:50.784 INFO  manager.WDListener - Before Find Element --->By.xpath: //*[text()=' Logout ']
20:53:50.850 INFO  manager.WDListener - After Find Element --->By.xpath: //*[text()=' Logout ']
20:53:50.865 INFO  manager.WDListener - After Find Element --->(1446, 24)
20:53:50.884 INFO  manager.WDListener - Before click element --->atextLogout
20:53:51.040 INFO  tests.TestBase - Before method finish logout
20:53:51.041 INFO  manager.TestNGListener - Start testloginSuccessModel
20:53:51.041 INFO  manager.WDListener - Before Find Element --->By.xpath: //a [text()=' Log in ']
20:53:51.067 INFO  manager.WDListener - After Find Element --->By.xpath: //a [text()=' Log in ']
20:53:51.087 INFO  manager.WDListener - After Find Element --->(1634, 24)
20:53:51.112 INFO  manager.WDListener - Before click element --->atextLog in
20:53:51.266 INFO  manager.WDListener - After click element --->atextLog in
20:53:51.266 INFO  manager.WDListener - Before Find Element --->By.id: email
20:53:51.290 INFO  manager.WDListener - After Find Element --->By.id: email
20:53:51.311 INFO  manager.WDListener - After Find Element --->(1341, 266)
20:53:51.339 INFO  manager.WDListener - Before click element --->inputtext
20:53:51.515 INFO  manager.WDListener - After click element --->inputtext
20:53:51.682 INFO  manager.WDListener - sendKeys --->inputtext
20:53:51.791 INFO  manager.WDListener - sendKeys --->inputtext
20:53:51.909 INFO  manager.WDListener - sendKeys --->inputtext
20:53:51.909 INFO  manager.WDListener - Before Find Element --->By.id: password
20:53:51.932 INFO  manager.WDListener - After Find Element --->By.id: password
20:53:51.951 INFO  manager.WDListener - After Find Element --->(1341, 343)
20:53:51.978 INFO  manager.WDListener - Before click element --->inputtext
20:53:52.104 INFO  manager.WDListener - After click element --->inputtext
20:53:52.223 INFO  manager.WDListener - sendKeys --->inputtext
20:53:52.296 INFO  manager.WDListener - sendKeys --->inputtext
20:53:52.385 INFO  manager.WDListener - sendKeys --->inputtext
20:53:52.386 INFO  tests.TestBase - Test data ---> email: 'test12@gmail.com' & password: 'vilevinQa!1234'
20:53:52.386 INFO  manager.WDListener - Before Find Element --->By.xpath: //*[@type='submit']
20:53:52.406 INFO  manager.WDListener - After Find Element --->By.xpath: //*[@type='submit']
20:53:52.422 INFO  manager.WDListener - After Find Element --->(1341, 414)
20:53:52.447 INFO  manager.WDListener - Before click element --->buttontextY’alla!
20:53:52.560 INFO  manager.WDListener - After click element --->buttontextY’alla!
20:53:54.572 INFO  manager.WDListener - Before Find Element --->By.cssSelector: .dialog-container>h2
20:53:54.595 INFO  manager.WDListener - After Find Element --->By.cssSelector: .dialog-container>h2
20:53:54.611 INFO  manager.WDListener - After Find Element --->(776, 441)
20:53:54.611 INFO  tests.TestBase - Assert check alert message 'Logged in success'
20:53:54.611 INFO  manager.TestNGListener - Success testloginSuccessModel
20:53:54.638 INFO  manager.WDListener - Before Find Element --->By.xpath: //button[text() = 'Ok']
20:53:54.669 INFO  manager.WDListener - After Find Element --->By.xpath: //button[text() = 'Ok']
20:53:54.685 INFO  manager.WDListener - After Find Element --->(986, 495)
20:53:54.709 INFO  manager.WDListener - Before click element --->buttontextOk
20:53:54.816 INFO  manager.WDListener - After click element --->buttontextOk
20:53:54.816 INFO  tests.TestBase - ==================================================
20:53:54.816 INFO  tests.TestBase - Name of Method --->loginSuccessObject
20:53:54.835 INFO  manager.WDListener - Before Find Element --->By.xpath: //*[text()=' Logout ']
20:53:54.867 INFO  manager.WDListener - After Find Element --->By.xpath: //*[text()=' Logout ']
20:53:54.897 INFO  manager.WDListener - After Find Element --->(1446, 24)
20:53:54.916 INFO  manager.WDListener - Before click element --->atextLogout
20:53:55.045 INFO  tests.TestBase - Before method finish logout
20:53:55.045 INFO  manager.TestNGListener - Start testloginSuccessObject
20:53:55.046 INFO  manager.WDListener - Before Find Element --->By.xpath: //a [text()=' Log in ']
20:53:55.067 INFO  manager.WDListener - After Find Element --->By.xpath: //a [text()=' Log in ']
20:53:55.086 INFO  manager.WDListener - After Find Element --->(1634, 24)
20:53:55.111 INFO  manager.WDListener - Before click element --->atextLog in
20:53:55.239 INFO  manager.WDListener - After click element --->atextLog in
20:53:55.240 INFO  manager.WDListener - Before Find Element --->By.id: email
20:53:55.260 INFO  manager.WDListener - After Find Element --->By.id: email
20:53:55.279 INFO  manager.WDListener - After Find Element --->(1341, 266)
20:53:55.304 INFO  manager.WDListener - Before click element --->inputtext
20:53:55.460 INFO  manager.WDListener - After click element --->inputtext
20:53:55.606 INFO  manager.WDListener - sendKeys --->inputtext
20:53:55.719 INFO  manager.WDListener - sendKeys --->inputtext
20:53:55.841 INFO  manager.WDListener - sendKeys --->inputtext
20:53:55.842 INFO  manager.WDListener - Before Find Element --->By.id: password
20:53:55.862 INFO  manager.WDListener - After Find Element --->By.id: password
20:53:55.881 INFO  manager.WDListener - After Find Element --->(1341, 343)
20:53:55.911 INFO  manager.WDListener - Before click element --->inputtext
20:53:56.053 INFO  manager.WDListener - After click element --->inputtext
20:53:56.180 INFO  manager.WDListener - sendKeys --->inputtext
20:53:56.251 INFO  manager.WDListener - sendKeys --->inputtext
20:53:56.341 INFO  manager.WDListener - sendKeys --->inputtext
20:53:56.342 INFO  tests.TestBase - Test data ---> email: 'test12@gmail.com' & password: 'vilevinQa!1234'
20:53:56.342 INFO  manager.WDListener - Before Find Element --->By.xpath: //*[@type='submit']
20:53:56.361 INFO  manager.WDListener - After Find Element --->By.xpath: //*[@type='submit']
20:53:56.378 INFO  manager.WDListener - After Find Element --->(1341, 414)
20:53:56.402 INFO  manager.WDListener - Before click element --->buttontextY’alla!
20:53:56.516 INFO  manager.WDListener - After click element --->buttontextY’alla!
20:53:58.518 INFO  manager.WDListener - Before Find Element --->By.cssSelector: .dialog-container>h2
20:53:58.534 INFO  manager.WDListener - After Find Element --->By.cssSelector: .dialog-container>h2
20:53:58.549 INFO  manager.WDListener - After Find Element --->(776, 441)
20:53:58.565 INFO  tests.TestBase - Assert check message 'Logged in success'
20:53:58.565 INFO  manager.TestNGListener - Success testloginSuccessObject
20:53:58.597 INFO  manager.WDListener - Before Find Element --->By.xpath: //button[text() = 'Ok']
20:53:58.612 INFO  manager.WDListener - After Find Element --->By.xpath: //button[text() = 'Ok']
20:53:58.628 INFO  manager.WDListener - After Find Element --->(986, 495)
20:53:58.659 INFO  manager.WDListener - Before click element --->buttontextOk
20:53:58.750 INFO  manager.WDListener - After click element --->buttontextOk
20:53:58.750 INFO  tests.TestBase - ==================================================
20:53:58.766 INFO  tests.TestBase - Name of Method --->loginUnregisteredUser
20:53:58.783 INFO  manager.WDListener - Before Find Element --->By.xpath: //*[text()=' Logout ']
20:53:58.800 INFO  manager.WDListener - After Find Element --->By.xpath: //*[text()=' Logout ']
20:53:58.839 INFO  manager.WDListener - After Find Element --->(1446, 24)
20:53:58.849 INFO  manager.WDListener - Before click element --->atextLogout
20:53:58.981 INFO  tests.TestBase - Before method finish logout
20:53:58.981 INFO  manager.TestNGListener - Start testloginUnregisteredUser
20:53:58.981 INFO  manager.WDListener - Before Find Element --->By.xpath: //a [text()=' Log in ']
20:53:58.999 INFO  manager.WDListener - After Find Element --->By.xpath: //a [text()=' Log in ']
20:53:59.018 INFO  manager.WDListener - After Find Element --->(1634, 24)
20:53:59.042 INFO  manager.WDListener - Before click element --->atextLog in
20:53:59.155 INFO  manager.WDListener - After click element --->atextLog in
20:53:59.155 INFO  manager.WDListener - Before Find Element --->By.id: email
20:53:59.173 INFO  manager.WDListener - After Find Element --->By.id: email
20:53:59.189 INFO  manager.WDListener - After Find Element --->(1341, 266)
20:53:59.211 INFO  manager.WDListener - Before click element --->inputtext
20:53:59.347 INFO  manager.WDListener - After click element --->inputtext
20:53:59.472 INFO  manager.WDListener - sendKeys --->inputtext
20:53:59.568 INFO  manager.WDListener - sendKeys --->inputtext
20:53:59.695 INFO  manager.WDListener - sendKeys --->inputtext
20:53:59.695 INFO  manager.WDListener - Before Find Element --->By.id: password
20:53:59.714 INFO  manager.WDListener - After Find Element --->By.id: password
20:53:59.737 INFO  manager.WDListener - After Find Element --->(1341, 343)
20:53:59.765 INFO  manager.WDListener - Before click element --->inputtext
20:53:59.911 INFO  manager.WDListener - After click element --->inputtext
20:54:00.042 INFO  manager.WDListener - sendKeys --->inputtext
20:54:00.122 INFO  manager.WDListener - sendKeys --->inputtext
20:54:00.219 INFO  manager.WDListener - sendKeys --->inputtext
20:54:00.219 INFO  tests.TestBase - Test data ---> email: '0535592367vi@gmail.com' & password: 'vilevinQa!1234'
20:54:00.219 INFO  manager.WDListener - Before Find Element --->By.xpath: //*[@type='submit']
20:54:00.238 INFO  manager.WDListener - After Find Element --->By.xpath: //*[@type='submit']
20:54:00.256 INFO  manager.WDListener - After Find Element --->(1341, 414)
20:54:00.281 INFO  manager.WDListener - Before click element --->buttontextY’alla!
20:54:00.404 INFO  manager.WDListener - After click element --->buttontextY’alla!
20:54:02.407 INFO  manager.WDListener - Before Find Element --->By.cssSelector: .dialog-container>h2
20:54:02.432 INFO  manager.WDListener - After Find Element --->By.cssSelector: .dialog-container>h2
20:54:02.452 INFO  manager.WDListener - After Find Element --->(776, 441)
20:54:02.468 INFO  tests.TestBase - Assert check alert message 'Login or Password incorrect'
20:54:02.469 INFO  manager.TestNGListener - Success testloginUnregisteredUser
20:54:02.490 INFO  manager.WDListener - Before Find Element --->By.xpath: //button[text() = 'Ok']
20:54:02.511 INFO  manager.WDListener - After Find Element --->By.xpath: //button[text() = 'Ok']
20:54:02.529 INFO  manager.WDListener - After Find Element --->(986, 495)
20:54:02.553 INFO  manager.WDListener - Before click element --->buttontextOk
20:54:02.661 INFO  manager.WDListener - After click element --->buttontextOk
20:54:02.663 INFO  tests.TestBase - ==================================================
20:54:02.664 INFO  tests.TestBase - Name of Method --->loginWrongEmail
20:54:07.695 INFO  manager.TestNGListener - Start testloginWrongEmail
20:54:07.708 INFO  manager.WDListener - Before Find Element --->By.xpath: //a [text()=' Log in ']
20:54:07.727 INFO  manager.WDListener - After Find Element --->By.xpath: //a [text()=' Log in ']
20:54:07.743 INFO  manager.WDListener - After Find Element --->(1634, 24)
20:54:07.774 INFO  manager.WDListener - Before click element --->atextLog in
20:54:07.902 INFO  manager.WDListener - After click element --->atextLog in
20:54:07.902 INFO  manager.WDListener - Before Find Element --->By.id: email
20:54:07.916 INFO  manager.WDListener - After Find Element --->By.id: email
20:54:07.932 INFO  manager.WDListener - After Find Element --->(1341, 266)
20:54:07.962 INFO  manager.WDListener - Before click element --->inputtext
20:54:08.093 INFO  manager.WDListener - After click element --->inputtext
20:54:08.258 INFO  manager.WDListener - sendKeys --->inputtext
20:54:08.334 INFO  manager.WDListener - sendKeys --->inputtext
20:54:08.445 INFO  manager.WDListener - sendKeys --->inputtext
20:54:08.445 INFO  manager.WDListener - Before Find Element --->By.id: password
20:54:08.463 INFO  manager.WDListener - After Find Element --->By.id: password
20:54:08.466 INFO  manager.WDListener - After Find Element --->(1341, 362)
20:54:08.498 INFO  manager.WDListener - Before click element --->inputtext
20:54:08.615 INFO  manager.WDListener - After click element --->inputtext
20:54:08.752 INFO  manager.WDListener - sendKeys --->inputtext
20:54:08.816 INFO  manager.WDListener - sendKeys --->inputtext
20:54:08.899 INFO  manager.WDListener - sendKeys --->inputtext
20:54:08.899 INFO  tests.TestBase - Test data ---> email: 'testest12gmail.com' & password: 'vilevinQa!1234'
20:54:08.899 INFO  manager.WDListener - Before Find Element --->By.xpath: //*[@type='submit']
20:54:08.917 INFO  manager.WDListener - After Find Element --->By.xpath: //*[@type='submit']
20:54:08.933 INFO  manager.WDListener - After Find Element --->(1341, 433)
20:54:08.964 INFO  manager.WDListener - Before click element --->buttontextY’alla!
20:54:09.114 INFO  manager.WDListener - After click element --->buttontextY’alla!
20:54:09.115 INFO  manager.WDListener - Before Find Element --->By.cssSelector: div.error
20:54:09.141 INFO  manager.WDListener - After Find Element --->By.cssSelector: div.error
20:54:09.162 INFO  manager.WDListener - After Find Element --->(1341, 312)
20:54:09.177 INFO  tests.TestBase - Assert check alert message 'It'snot look like email'
20:54:09.205 INFO  manager.WDListener - Before Find Element --->By.cssSelector: button[type = 'submit']
20:54:09.233 INFO  manager.WDListener - After Find Element --->By.cssSelector: button[type = 'submit']
20:54:09.254 INFO  manager.WDListener - After Find Element --->(1341, 433)
20:54:09.268 INFO  manager.TestNGListener - Success testloginWrongEmail
20:54:14.292 INFO  tests.TestBase - ==================================================
20:54:14.292 INFO  tests.TestBase - Name of Method --->loginWrongPassword
20:54:19.333 INFO  manager.TestNGListener - Start testloginWrongPassword
20:54:19.334 INFO  manager.WDListener - Before Find Element --->By.xpath: //a [text()=' Log in ']
20:54:19.355 INFO  manager.WDListener - After Find Element --->By.xpath: //a [text()=' Log in ']
20:54:19.373 INFO  manager.WDListener - After Find Element --->(1634, 24)
20:54:19.395 INFO  manager.WDListener - Before click element --->atextLog in
20:54:19.509 INFO  manager.WDListener - After click element --->atextLog in
20:54:19.510 INFO  manager.WDListener - Before Find Element --->By.id: email
20:54:19.527 INFO  manager.WDListener - After Find Element --->By.id: email
20:54:19.542 INFO  manager.WDListener - After Find Element --->(1341, 266)
20:54:19.563 INFO  manager.WDListener - Before click element --->inputtext
20:54:19.673 INFO  manager.WDListener - After click element --->inputtext
20:54:19.823 INFO  manager.WDListener - sendKeys --->inputtext
20:54:19.912 INFO  manager.WDListener - sendKeys --->inputtext
20:54:20.016 INFO  manager.WDListener - sendKeys --->inputtext
20:54:20.016 INFO  manager.WDListener - Before Find Element --->By.id: password
20:54:20.034 INFO  manager.WDListener - After Find Element --->By.id: password
20:54:20.050 INFO  manager.WDListener - After Find Element --->(1341, 343)
20:54:20.071 INFO  manager.WDListener - Before click element --->inputtext
20:54:20.188 INFO  manager.WDListener - After click element --->inputtext
20:54:20.328 INFO  manager.WDListener - sendKeys --->inputtext
20:54:20.395 INFO  manager.WDListener - sendKeys --->inputtext
20:54:20.480 INFO  manager.WDListener - sendKeys --->inputtext
20:54:20.480 INFO  tests.TestBase - Test data ---> email: 'test12@gmail.com' & password: 'vilevinQa1234'
20:54:20.480 INFO  manager.WDListener - Before Find Element --->By.xpath: //*[@type='submit']
20:54:20.498 INFO  manager.WDListener - After Find Element --->By.xpath: //*[@type='submit']
20:54:20.513 INFO  manager.WDListener - After Find Element --->(1341, 414)
20:54:20.534 INFO  manager.WDListener - Before click element --->buttontextY’alla!
20:54:20.639 INFO  manager.WDListener - After click element --->buttontextY’alla!
20:54:22.643 INFO  manager.WDListener - Before Find Element --->By.cssSelector: .dialog-container>h2
20:54:22.665 INFO  manager.WDListener - After Find Element --->By.cssSelector: .dialog-container>h2
20:54:22.682 INFO  manager.WDListener - After Find Element --->(776, 441)
20:54:22.696 INFO  tests.TestBase - Assert check alert message 'Login or Password incorrect'
20:54:22.697 INFO  manager.TestNGListener - Success testloginWrongPassword
20:54:22.716 INFO  manager.WDListener - Before Find Element --->By.xpath: //button[text() = 'Ok']
20:54:22.735 INFO  manager.WDListener - After Find Element --->By.xpath: //button[text() = 'Ok']
20:54:22.750 INFO  manager.WDListener - After Find Element --->(986, 495)
20:54:22.771 INFO  manager.WDListener - Before click element --->buttontextOk
20:54:22.873 INFO  manager.WDListener - After click element --->buttontextOk
20:54:22.874 INFO  tests.TestBase - ==================================================
20:54:22.875 INFO  manager.TestNGListener - Finish testing on date ---> Tue May 27 20:54:22 IDT 2025
