16:13:36.170 INFO  manager.ApplicationManager - All tests runs in Chrome Browser
16:13:38.219 INFO  manager.ApplicationManager - The link --->https://ilcarro.web.app/search
16:13:38.231 INFO  manager.TestNGListener - Start testing on date ---> Mon Jun 02 16:13:38 IDT 2025
16:13:38.258 INFO  tests.TestBase - Name of Method --->loginSuccess
16:13:43.283 INFO  manager.TestNGListener - Start testloginSuccess
16:13:43.284 INFO  manager.WDListener - Before Find Element --->By.xpath: //a [text()=' Log in ']
16:13:43.332 INFO  manager.WDListener - After Find Element --->By.xpath: //a [text()=' Log in ']
16:13:43.354 INFO  manager.WDListener - After Find Element --->(1634, 24)
16:13:43.386 INFO  manager.WDListener - Before click element --->atextLog in
16:13:43.524 INFO  manager.WDListener - After click element --->atextLog in
16:13:44.528 INFO  manager.WDListener - Before Find Element --->By.id: email
16:13:44.571 INFO  manager.WDListener - After Find Element --->By.id: email
16:13:44.589 INFO  manager.WDListener - After Find Element --->(1341, 266)
16:13:44.614 INFO  manager.WDListener - Before click element --->inputtext
16:13:44.732 INFO  manager.WDListener - After click element --->inputtext
16:13:44.879 INFO  manager.WDListener - sendKeys --->inputtext
16:13:44.965 INFO  manager.WDListener - sendKeys --->inputtext
16:13:45.086 INFO  manager.WDListener - sendKeys --->inputtext
16:13:48.094 INFO  manager.WDListener - Before Find Element --->By.id: password
16:13:48.127 INFO  manager.WDListener - After Find Element --->By.id: password
16:13:48.146 INFO  manager.WDListener - After Find Element --->(1341, 343)
16:13:48.170 INFO  manager.WDListener - Before click element --->inputtext
16:13:48.282 INFO  manager.WDListener - After click element --->inputtext
16:13:48.390 INFO  manager.WDListener - sendKeys --->inputtext
16:13:48.456 INFO  manager.WDListener - sendKeys --->inputtext
16:13:48.544 INFO  manager.WDListener - sendKeys --->inputtext
16:13:51.547 INFO  tests.TestBase - TEST DATA  - - - >   email: snow29622962@gmail.com password: Ssnow12345$
16:13:51.548 INFO  manager.WDListener - Before Find Element --->By.xpath: //*[@type='submit']
16:13:51.579 INFO  manager.WDListener - After Find Element --->By.xpath: //*[@type='submit']
16:13:51.595 INFO  manager.WDListener - After Find Element --->(1341, 414)
16:13:51.618 INFO  manager.WDListener - Before click element --->buttontextY’alla!
16:13:51.735 INFO  manager.WDListener - After click element --->buttontextY’alla!
16:13:54.178 INFO  manager.WDListener - Before Find Element --->By.cssSelector: .dialog-container>h2
16:13:54.209 INFO  manager.WDListener - After Find Element --->By.cssSelector: .dialog-container>h2
16:13:54.227 INFO  manager.WDListener - After Find Element --->(776, 441)
16:13:54.242 INFO  tests.TestBase - Assert check message 'Logged in success'
16:13:54.244 INFO  manager.TestNGListener - Success testloginSuccess
16:13:54.273 INFO  manager.WDListener - Before Find Element --->By.xpath: //button[text() = 'Ok']
16:13:54.300 INFO  manager.WDListener - After Find Element --->By.xpath: //button[text() = 'Ok']
16:13:54.316 INFO  manager.WDListener - After Find Element --->(986, 495)
16:13:54.338 INFO  manager.WDListener - Before click element --->buttontextOk
16:13:54.439 INFO  manager.WDListener - After click element --->buttontextOk
16:13:54.440 INFO  tests.TestBase - ==================================================
16:13:54.441 INFO  tests.TestBase - Name of Method --->loginSuccess
16:13:54.466 INFO  manager.WDListener - Before Find Element --->By.xpath: //*[text()=' Logout ']
16:13:54.497 INFO  manager.WDListener - After Find Element --->By.xpath: //*[text()=' Logout ']
16:13:54.530 INFO  manager.WDListener - After Find Element --->(1446, 24)
16:13:54.552 INFO  manager.WDListener - Before click element --->atextLogout
16:13:54.676 INFO  tests.TestBase - Before method finish logout
16:13:54.677 INFO  manager.TestNGListener - Start testloginSuccess
16:13:54.677 INFO  manager.WDListener - Before Find Element --->By.xpath: //a [text()=' Log in ']
16:13:54.702 INFO  manager.WDListener - After Find Element --->By.xpath: //a [text()=' Log in ']
16:13:54.720 INFO  manager.WDListener - After Find Element --->(1634, 24)
16:13:54.742 INFO  manager.WDListener - Before click element --->atextLog in
16:13:54.855 INFO  manager.WDListener - After click element --->atextLog in
16:13:55.859 INFO  manager.WDListener - Before Find Element --->By.id: email
16:13:55.885 INFO  manager.WDListener - After Find Element --->By.id: email
16:13:55.902 INFO  manager.WDListener - After Find Element --->(1341, 266)
16:13:55.925 INFO  manager.WDListener - Before click element --->inputtext
16:13:56.069 INFO  manager.WDListener - After click element --->inputtext
16:13:56.193 INFO  manager.WDListener - sendKeys --->inputtext
16:13:56.274 INFO  manager.WDListener - sendKeys --->inputtext
16:13:56.430 INFO  manager.WDListener - sendKeys --->inputtext
16:13:59.444 INFO  manager.WDListener - Before Find Element --->By.id: password
16:13:59.468 INFO  manager.WDListener - After Find Element --->By.id: password
16:13:59.485 INFO  manager.WDListener - After Find Element --->(1341, 343)
16:13:59.507 INFO  manager.WDListener - Before click element --->inputtext
16:13:59.615 INFO  manager.WDListener - After click element --->inputtext
16:13:59.715 INFO  manager.WDListener - sendKeys --->inputtext
16:13:59.773 INFO  manager.WDListener - sendKeys --->inputtext
16:13:59.861 INFO  manager.WDListener - sendKeys --->inputtext
16:14:02.874 INFO  tests.TestBase - TEST DATA  - - - >   email: snow28662866@gmail.com password: Ssnow12345$
16:14:02.875 INFO  manager.WDListener - Before Find Element --->By.xpath: //*[@type='submit']
16:14:02.898 INFO  manager.WDListener - After Find Element --->By.xpath: //*[@type='submit']
16:14:02.917 INFO  manager.WDListener - After Find Element --->(1341, 414)
16:14:02.941 INFO  manager.WDListener - Before click element --->buttontextY’alla!
16:14:03.041 INFO  manager.WDListener - After click element --->buttontextY’alla!
16:14:05.464 INFO  manager.WDListener - Before Find Element --->By.cssSelector: .dialog-container>h2
16:14:05.491 INFO  manager.WDListener - After Find Element --->By.cssSelector: .dialog-container>h2
16:14:05.509 INFO  manager.WDListener - After Find Element --->(776, 441)
16:14:05.522 INFO  tests.TestBase - Assert check message 'Logged in success'
16:14:05.522 INFO  manager.TestNGListener - Success testloginSuccess
16:14:05.544 INFO  manager.WDListener - Before Find Element --->By.xpath: //button[text() = 'Ok']
16:14:05.564 INFO  manager.WDListener - After Find Element --->By.xpath: //button[text() = 'Ok']
16:14:05.580 INFO  manager.WDListener - After Find Element --->(986, 495)
16:14:05.603 INFO  manager.WDListener - Before click element --->buttontextOk
16:14:05.693 INFO  manager.WDListener - After click element --->buttontextOk
16:14:05.693 INFO  tests.TestBase - ==================================================
16:14:05.695 INFO  tests.TestBase - Name of Method --->loginSuccess
16:14:05.714 INFO  manager.WDListener - Before Find Element --->By.xpath: //*[text()=' Logout ']
16:14:05.733 INFO  manager.WDListener - After Find Element --->By.xpath: //*[text()=' Logout ']
16:14:05.762 INFO  manager.WDListener - After Find Element --->(1446, 24)
16:14:05.786 INFO  manager.WDListener - Before click element --->atextLogout
16:14:05.899 INFO  tests.TestBase - Before method finish logout
16:14:05.899 INFO  manager.TestNGListener - Start testloginSuccess
16:14:05.900 INFO  manager.WDListener - Before Find Element --->By.xpath: //a [text()=' Log in ']
16:14:05.921 INFO  manager.WDListener - After Find Element --->By.xpath: //a [text()=' Log in ']
16:14:05.937 INFO  manager.WDListener - After Find Element --->(1634, 24)
16:14:05.960 INFO  manager.WDListener - Before click element --->atextLog in
16:14:06.075 INFO  manager.WDListener - After click element --->atextLog in
16:14:07.078 INFO  manager.WDListener - Before Find Element --->By.id: email
16:14:07.102 INFO  manager.WDListener - After Find Element --->By.id: email
16:14:07.119 INFO  manager.WDListener - After Find Element --->(1341, 266)
16:14:07.141 INFO  manager.WDListener - Before click element --->inputtext
16:14:07.285 INFO  manager.WDListener - After click element --->inputtext
16:14:07.404 INFO  manager.WDListener - sendKeys --->inputtext
16:14:07.481 INFO  manager.WDListener - sendKeys --->inputtext
16:14:07.593 INFO  manager.WDListener - sendKeys --->inputtext
16:14:10.594 INFO  manager.WDListener - Before Find Element --->By.id: password
16:14:10.618 INFO  manager.WDListener - After Find Element --->By.id: password
16:14:10.636 INFO  manager.WDListener - After Find Element --->(1341, 343)
16:14:10.659 INFO  manager.WDListener - Before click element --->inputtext
16:14:10.765 INFO  manager.WDListener - After click element --->inputtext
16:14:10.861 INFO  manager.WDListener - sendKeys --->inputtext
16:14:10.920 INFO  manager.WDListener - sendKeys --->inputtext
16:14:10.998 INFO  manager.WDListener - sendKeys --->inputtext
16:14:14.010 INFO  tests.TestBase - TEST DATA  - - - >   email: snow13011301@gmail.com password: Ssnow12345$
16:14:14.010 INFO  manager.WDListener - Before Find Element --->By.xpath: //*[@type='submit']
16:14:14.031 INFO  manager.WDListener - After Find Element --->By.xpath: //*[@type='submit']
16:14:14.047 INFO  manager.WDListener - After Find Element --->(1341, 414)
16:14:14.071 INFO  manager.WDListener - Before click element --->buttontextY’alla!
16:14:14.168 INFO  manager.WDListener - After click element --->buttontextY’alla!
16:14:16.565 INFO  manager.WDListener - Before Find Element --->By.cssSelector: .dialog-container>h2
16:14:16.588 INFO  manager.WDListener - After Find Element --->By.cssSelector: .dialog-container>h2
16:14:16.605 INFO  manager.WDListener - After Find Element --->(776, 441)
16:14:16.619 INFO  tests.TestBase - Assert check message 'Logged in success'
16:14:16.619 INFO  manager.TestNGListener - Success testloginSuccess
16:14:16.639 INFO  manager.WDListener - Before Find Element --->By.xpath: //button[text() = 'Ok']
16:14:16.657 INFO  manager.WDListener - After Find Element --->By.xpath: //button[text() = 'Ok']
16:14:16.672 INFO  manager.WDListener - After Find Element --->(986, 495)
16:14:16.691 INFO  manager.WDListener - Before click element --->buttontextOk
16:14:16.780 INFO  manager.WDListener - After click element --->buttontextOk
16:14:16.781 INFO  tests.TestBase - ==================================================
16:14:16.782 INFO  tests.TestBase - Name of Method --->loginSuccess
16:14:16.802 INFO  manager.WDListener - Before Find Element --->By.xpath: //*[text()=' Logout ']
16:14:16.820 INFO  manager.WDListener - After Find Element --->By.xpath: //*[text()=' Logout ']
16:14:16.852 INFO  manager.WDListener - After Find Element --->(1446, 24)
16:14:16.876 INFO  manager.WDListener - Before click element --->atextLogout
16:14:16.987 INFO  tests.TestBase - Before method finish logout
16:14:16.987 INFO  manager.TestNGListener - Start testloginSuccess
16:14:16.987 INFO  manager.WDListener - Before Find Element --->By.xpath: //a [text()=' Log in ']
16:14:17.007 INFO  manager.WDListener - After Find Element --->By.xpath: //a [text()=' Log in ']
16:14:17.021 INFO  manager.WDListener - After Find Element --->(1634, 24)
16:14:17.042 INFO  manager.WDListener - Before click element --->atextLog in
16:14:17.149 INFO  manager.WDListener - After click element --->atextLog in
16:14:18.160 INFO  manager.WDListener - Before Find Element --->By.id: email
16:14:18.182 INFO  manager.WDListener - After Find Element --->By.id: email
16:14:18.198 INFO  manager.WDListener - After Find Element --->(1341, 266)
16:14:18.219 INFO  manager.WDListener - Before click element --->inputtext
16:14:18.356 INFO  manager.WDListener - After click element --->inputtext
16:14:18.471 INFO  manager.WDListener - sendKeys --->inputtext
16:14:18.545 INFO  manager.WDListener - sendKeys --->inputtext
16:14:18.651 INFO  manager.WDListener - sendKeys --->inputtext
16:14:21.666 INFO  manager.WDListener - Before Find Element --->By.id: password
16:14:21.686 INFO  manager.WDListener - After Find Element --->By.id: password
16:14:21.701 INFO  manager.WDListener - After Find Element --->(1341, 343)
16:14:21.720 INFO  manager.WDListener - Before click element --->inputtext
16:14:21.822 INFO  manager.WDListener - After click element --->inputtext
16:14:21.919 INFO  manager.WDListener - sendKeys --->inputtext
16:14:21.978 INFO  manager.WDListener - sendKeys --->inputtext
16:14:22.065 INFO  manager.WDListener - sendKeys --->inputtext
16:14:25.074 INFO  tests.TestBase - TEST DATA  - - - >   email: test12@gmail.com password: vilevinQa!1234
16:14:25.074 INFO  manager.WDListener - Before Find Element --->By.xpath: //*[@type='submit']
16:14:25.097 INFO  manager.WDListener - After Find Element --->By.xpath: //*[@type='submit']
16:14:25.114 INFO  manager.WDListener - After Find Element --->(1341, 414)
16:14:25.136 INFO  manager.WDListener - Before click element --->buttontextY’alla!
16:14:25.236 INFO  manager.WDListener - After click element --->buttontextY’alla!
16:14:27.617 INFO  manager.WDListener - Before Find Element --->By.cssSelector: .dialog-container>h2
16:14:27.638 INFO  manager.WDListener - After Find Element --->By.cssSelector: .dialog-container>h2
16:14:27.655 INFO  manager.WDListener - After Find Element --->(776, 441)
16:14:27.667 INFO  tests.TestBase - Assert check message 'Logged in success'
16:14:27.669 INFO  manager.TestNGListener - Success testloginSuccess
16:14:27.689 INFO  manager.WDListener - Before Find Element --->By.xpath: //button[text() = 'Ok']
16:14:27.707 INFO  manager.WDListener - After Find Element --->By.xpath: //button[text() = 'Ok']
16:14:27.721 INFO  manager.WDListener - After Find Element --->(986, 495)
16:14:27.741 INFO  manager.WDListener - Before click element --->buttontextOk
16:14:27.831 INFO  manager.WDListener - After click element --->buttontextOk
16:14:27.832 INFO  tests.TestBase - ==================================================
16:14:27.835 INFO  manager.TestNGListener - Finish testing on date ---> Mon Jun 02 16:14:27 IDT 2025
