18:44:30.459 INFO  manager.ApplicationManager - All tests runs in Chrome Browser
18:44:33.709 INFO  manager.ApplicationManager - The link --->https://ilcarro.web.app/search
18:44:33.723 INFO  manager.TestNGListener - Start testing on date ---> Wed May 28 18:44:33 IDT 2025
18:44:33.749 INFO  tests.TestBase - Name of Method --->searchCurrentMonthSuccess
18:44:33.751 INFO  manager.TestNGListener - Start testsearchCurrentMonthSuccess
18:44:33.752 INFO  manager.WDListener - Before Find Element --->By.id: city
18:44:33.798 INFO  manager.WDListener - After Find Element --->By.id: city
18:44:33.928 INFO  manager.WDListener - After Find Element --->(192, 253)
18:44:33.962 INFO  manager.WDListener - Before click element --->inputtext
18:44:34.107 INFO  manager.WDListener - After click element --->inputtext
18:44:34.248 INFO  manager.WDListener - sendKeys --->inputtext
18:44:34.319 INFO  manager.WDListener - sendKeys --->inputtext
18:44:34.414 INFO  manager.WDListener - sendKeys --->inputtext
18:44:34.415 INFO  manager.WDListener - Before Find Element --->By.cssSelector: div.pac-item
18:44:35.019 INFO  manager.WDListener - After Find Element --->By.cssSelector: div.pac-item
18:44:35.038 INFO  manager.WDListener - After Find Element --->(192, 301)
18:44:35.064 INFO  manager.WDListener - Before click element --->divtextTel AvivIsrael
18:44:35.179 INFO  manager.WDListener - Before Find Element --->By.id: dates
18:44:35.212 INFO  manager.WDListener - After Find Element --->By.id: dates
18:44:35.228 INFO  manager.WDListener - After Find Element --->(192, 349)
18:44:35.253 INFO  manager.WDListener - Before click element --->inputtext
18:44:35.461 INFO  manager.WDListener - After click element --->inputtext
18:44:35.462 INFO  manager.WDListener - Before Find Element --->By.xpath: //div[text()=' 29 ']
18:44:35.504 INFO  manager.WDListener - After Find Element --->By.xpath: //div[text()=' 29 ']
18:44:35.521 INFO  manager.WDListener - After Find Element --->(362, 640)
18:44:35.548 INFO  manager.WDListener - Before click element --->divtext29
18:44:35.670 INFO  manager.WDListener - Before Find Element --->By.xpath: //div[text()=' 31 ']
18:44:35.704 INFO  manager.WDListener - After Find Element --->By.xpath: //div[text()=' 31 ']
18:44:35.722 INFO  manager.WDListener - After Find Element --->(442, 643)
18:44:35.744 INFO  manager.WDListener - Before click element --->divtext31
18:44:35.868 INFO  manager.WDListener - After click element --->divtext
18:44:35.868 INFO  manager.WDListener - Before Find Element --->By.xpath: //*[@type='submit']
18:44:35.900 INFO  manager.WDListener - After Find Element --->By.xpath: //*[@type='submit']
18:44:35.918 INFO  manager.WDListener - After Find Element --->(192, 393)
18:44:35.945 INFO  manager.WDListener - Before click element --->buttontextY’alla!
18:44:36.094 INFO  manager.WDListener - Before Find Element --->By.xpath: //*[@type='submit']
18:44:36.120 INFO  manager.WDListener - After Find Element --->By.xpath: //*[@type='submit']
18:44:36.137 INFO  manager.WDListener - After Find Element --->(546, 405)
18:44:36.161 INFO  manager.WDListener - Before click element --->buttontextSearch
18:44:36.293 INFO  manager.WDListener - After click element --->buttontextSearch
18:44:36.294 INFO  manager.TestNGListener - Success testsearchCurrentMonthSuccess
18:44:36.295 INFO  tests.TestBase - ==================================================
18:44:36.299 INFO  manager.TestNGListener - Finish testing on date ---> Wed May 28 18:44:36 IDT 2025
