15:20:52.877 INFO  manager.ApplicationManager - All tests runs in Chrome Browser
15:20:54.912 INFO  manager.ApplicationManager - The link --->https://ilcarro.web.app/search
15:20:54.929 INFO  manager.TestNGListener - Start testing on date ---> Wed May 28 15:20:54 IDT 2025
15:21:00.023 INFO  manager.WDListener - Before Find Element --->By.xpath: //a [text()=' Log in ']
15:21:00.054 INFO  manager.WDListener - After Find Element --->By.xpath: //a [text()=' Log in ']
15:21:00.085 INFO  manager.WDListener - After Find Element --->(1634, 24)
15:21:00.116 INFO  manager.WDListener - Before click element --->atextLog in
15:21:00.265 INFO  manager.WDListener - After click element --->atextLog in
15:21:00.266 INFO  manager.WDListener - Before Find Element --->By.id: email
15:21:00.296 INFO  manager.WDListener - After Find Element --->By.id: email
15:21:00.319 INFO  manager.WDListener - After Find Element --->(1341, 266)
15:21:00.344 INFO  manager.WDListener - Before click element --->inputtext
15:21:00.469 INFO  manager.WDListener - After click element --->inputtext
15:21:00.608 INFO  manager.WDListener - sendKeys --->inputtext
15:21:00.681 INFO  manager.WDListener - sendKeys --->inputtext
15:21:00.796 INFO  manager.WDListener - sendKeys --->inputtext
15:21:00.796 INFO  manager.WDListener - Before Find Element --->By.id: password
15:21:00.814 INFO  manager.WDListener - After Find Element --->By.id: password
15:21:00.829 INFO  manager.WDListener - After Find Element --->(1341, 343)
15:21:00.861 INFO  manager.WDListener - Before click element --->inputtext
15:21:00.966 INFO  manager.WDListener - After click element --->inputtext
15:21:01.064 INFO  manager.WDListener - sendKeys --->inputtext
15:21:01.114 INFO  manager.WDListener - sendKeys --->inputtext
15:21:01.198 INFO  manager.WDListener - sendKeys --->inputtext
15:21:01.198 INFO  manager.WDListener - Before Find Element --->By.xpath: //*[@type='submit']
15:21:01.231 INFO  manager.WDListener - After Find Element --->By.xpath: //*[@type='submit']
15:21:01.254 INFO  manager.WDListener - After Find Element --->(1341, 414)
15:21:01.276 INFO  manager.WDListener - Before click element --->buttontextY’alla!
15:21:01.381 INFO  manager.WDListener - After click element --->buttontextY’alla!
15:21:02.345 INFO  manager.WDListener - Before Find Element --->By.xpath: //button[text() = 'Ok']
15:21:02.377 INFO  manager.WDListener - After Find Element --->By.xpath: //button[text() = 'Ok']
15:21:02.392 INFO  manager.WDListener - After Find Element --->(984, 492)
15:21:02.408 INFO  manager.WDListener - Before click element --->buttontextOk
15:21:02.529 INFO  manager.WDListener - After click element --->buttontextOk
15:21:02.545 INFO  tests.TestBase - Name of Method --->addNewCarWrongPrice
15:21:02.545 INFO  manager.TestNGListener - Start testaddNewCarWrongPrice
15:21:02.545 INFO  tests.TestBase - Start
15:21:07.551 INFO  manager.WDListener - Before Find Element --->By.xpath: //a[@href='let-car-work']
15:21:07.566 INFO  manager.WDListener - After Find Element --->By.xpath: //a[@href='let-car-work']
15:21:07.582 INFO  manager.WDListener - After Find Element --->(1411, 1889)
15:21:07.613 INFO  manager.WDListener - Before click element --->atextLet the car work
15:21:08.180 INFO  manager.WDListener - Before Find Element --->By.id: pickUpPlace
15:21:08.218 INFO  manager.WDListener - After Find Element --->By.id: pickUpPlace
15:21:08.236 INFO  manager.WDListener - After Find Element --->(172, 360)
15:21:08.259 INFO  manager.WDListener - Before click element --->inputtext
15:21:08.376 INFO  manager.WDListener - After click element --->inputtext
15:21:08.486 INFO  manager.WDListener - sendKeys --->inputtext
15:21:08.548 INFO  manager.WDListener - sendKeys --->inputtext
15:21:08.644 INFO  manager.WDListener - sendKeys --->inputtext
15:21:08.644 INFO  manager.WDListener - Before Find Element --->By.cssSelector: div.pac-item
15:21:09.064 INFO  manager.WDListener - After Find Element --->By.cssSelector: div.pac-item
15:21:09.079 INFO  manager.WDListener - After Find Element --->(173, 408)
15:21:09.102 INFO  manager.WDListener - Before click element --->divtextTel AvivIsrael
15:21:09.200 INFO  manager.WDListener - Before Find Element --->By.id: make
15:21:09.226 INFO  manager.WDListener - After Find Element --->By.id: make
15:21:09.242 INFO  manager.WDListener - After Find Element --->(172, 553)
15:21:09.264 INFO  manager.WDListener - Before click element --->inputtext
15:21:09.384 INFO  manager.WDListener - After click element --->inputtext
15:21:09.490 INFO  manager.WDListener - sendKeys --->inputtext
15:21:09.553 INFO  manager.WDListener - sendKeys --->inputtext
15:21:09.626 INFO  manager.WDListener - sendKeys --->inputtext
15:21:09.626 INFO  manager.WDListener - Before Find Element --->By.id: model
15:21:09.651 INFO  manager.WDListener - After Find Element --->By.id: model
15:21:09.668 INFO  manager.WDListener - After Find Element --->(172, 636)
15:21:09.691 INFO  manager.WDListener - Before click element --->inputtext
15:21:09.798 INFO  manager.WDListener - After click element --->inputtext
15:21:09.898 INFO  manager.WDListener - sendKeys --->inputtext
15:21:09.964 INFO  manager.WDListener - sendKeys --->inputtext
15:21:10.048 INFO  manager.WDListener - sendKeys --->inputtext
15:21:10.048 INFO  manager.WDListener - Before Find Element --->By.id: year
15:21:10.080 INFO  manager.WDListener - After Find Element --->By.id: year
15:21:10.100 INFO  manager.WDListener - After Find Element --->(172, 713)
15:21:10.114 INFO  manager.WDListener - Before click element --->inputtext
15:21:10.231 INFO  manager.WDListener - After click element --->inputtext
15:21:10.363 INFO  manager.WDListener - sendKeys --->inputtext
15:21:10.431 INFO  manager.WDListener - sendKeys --->inputtext
15:21:10.514 INFO  manager.WDListener - sendKeys --->inputtext
15:21:10.514 INFO  manager.WDListener - Before Find Element --->By.id: fuel
15:21:10.547 INFO  manager.WDListener - After Find Element --->By.id: fuel
15:21:10.567 INFO  manager.WDListener - After Find Element --->(172, 789)
15:21:10.681 INFO  manager.WDListener - Before click element --->optiontextPetrol
15:21:10.739 INFO  manager.WDListener - After click element --->optiontextPetrol
15:21:10.740 INFO  manager.WDListener - Before Find Element --->By.id: seats
15:21:10.763 INFO  manager.WDListener - After Find Element --->By.id: seats
15:21:10.764 INFO  manager.WDListener - After Find Element --->(172, 868)
15:21:10.798 INFO  manager.WDListener - Before click element --->inputtext
15:21:10.898 INFO  manager.WDListener - After click element --->inputtext
15:21:11.049 INFO  manager.WDListener - sendKeys --->inputtext
15:21:11.127 INFO  manager.WDListener - sendKeys --->inputtext
15:21:11.211 INFO  manager.WDListener - sendKeys --->inputtext
15:21:11.211 INFO  manager.WDListener - Before Find Element --->By.id: class
15:21:11.242 INFO  manager.WDListener - After Find Element --->By.id: class
15:21:11.257 INFO  manager.WDListener - After Find Element --->(172, 944)
15:21:11.273 INFO  manager.WDListener - Before click element --->inputtext
15:21:11.389 INFO  manager.WDListener - After click element --->inputtext
15:21:11.483 INFO  manager.WDListener - sendKeys --->inputtext
15:21:11.529 INFO  manager.WDListener - sendKeys --->inputtext
15:21:11.591 INFO  manager.WDListener - sendKeys --->inputtext
15:21:11.591 INFO  manager.WDListener - Before Find Element --->By.id: serialNumber
15:21:11.621 INFO  manager.WDListener - After Find Element --->By.id: serialNumber
15:21:11.639 INFO  manager.WDListener - After Find Element --->(172, 1021)
15:21:11.709 INFO  manager.WDListener - Before click element --->inputtext
15:21:11.869 INFO  manager.WDListener - After click element --->inputtext
15:21:11.958 INFO  manager.WDListener - sendKeys --->inputtext
15:21:12.017 INFO  manager.WDListener - sendKeys --->inputtext
15:21:12.109 INFO  manager.WDListener - sendKeys --->inputtext
15:21:12.115 INFO  manager.WDListener - Before Find Element --->By.id: price
15:21:12.141 INFO  manager.WDListener - After Find Element --->By.id: price
15:21:12.170 INFO  manager.WDListener - After Find Element --->(172, 1097)
15:21:12.190 INFO  manager.WDListener - Before click element --->inputtext
15:21:12.290 INFO  manager.WDListener - After click element --->inputtext
15:21:12.401 INFO  manager.WDListener - sendKeys --->inputtext
15:21:12.476 INFO  manager.WDListener - sendKeys --->inputtext
15:21:12.555 INFO  manager.WDListener - sendKeys --->inputtext
15:21:12.556 INFO  manager.WDListener - Before Find Element --->By.id: about
15:21:12.579 INFO  manager.WDListener - After Find Element --->By.id: about
15:21:12.594 INFO  manager.WDListener - After Find Element --->(172, 1215)
15:21:12.616 INFO  manager.WDListener - Before click element --->textareatext
15:21:12.721 INFO  manager.WDListener - After click element --->textareatext
15:21:12.808 INFO  manager.WDListener - sendKeys --->textareatext
15:21:12.866 INFO  manager.WDListener - sendKeys --->textareatext
15:21:12.934 INFO  manager.WDListener - sendKeys --->textareatext
15:21:12.934 INFO  manager.WDListener - Before Find Element --->By.xpath: //*[@type='submit']
15:21:12.951 INFO  manager.WDListener - After Find Element --->By.xpath: //*[@type='submit']
15:21:12.965 INFO  manager.WDListener - After Find Element --->(172, 1607)
15:21:12.985 INFO  manager.WDListener - Before click element --->buttontextSubmit
15:21:13.112 INFO  manager.WDListener - After click element --->buttontextSubmit
15:21:16.122 INFO  manager.WDListener - Before Find Element --->By.cssSelector: .dialog-container>h2
15:21:16.138 INFO  manager.WDListener - After Find Element --->By.cssSelector: .dialog-container>h2
15:21:16.154 INFO  manager.WDListener - After Find Element --->(776, 441)
15:21:18.181 INFO  manager.WDListener - Before Find Element --->By.cssSelector: .dialog-container>h2
15:21:18.204 INFO  manager.WDListener - After Find Element --->By.cssSelector: .dialog-container>h2
15:21:18.220 INFO  manager.WDListener - After Find Element --->(776, 441)
15:21:18.234 INFO  tests.TestBase - End
15:21:18.236 INFO  manager.TestNGListener - Success testaddNewCarWrongPrice
15:21:18.237 INFO  manager.WDListener - Before Find Element --->By.xpath: //button[text()='Search cars']
15:21:18.263 INFO  manager.WDListener - After Find Element --->By.xpath: //button[text()='Search cars']
15:21:18.279 INFO  manager.WDListener - After Find Element --->(922, 495)
15:21:18.301 INFO  manager.WDListener - Before click element --->buttontextSearch cars
15:21:18.404 INFO  manager.WDListener - After click element --->buttontextSearch cars
15:21:18.405 INFO  tests.TestBase - ==================================================
15:21:18.408 INFO  manager.TestNGListener - Finish testing on date ---> Wed May 28 15:21:18 IDT 2025
