13:58:08.608 INFO  manager.ApplicationManager - All tests runs in Chrome Browser
13:58:10.415 INFO  manager.ApplicationManager - The link is --->https://ilcarro.web.app/search
13:58:10.432 INFO  manager.TestNGListener - Start testing on date ---> Tue Jun 10 13:58:10 IDT 2025
13:58:15.495 INFO  manager.WDListener - Before Find Element --->By.xpath: //a [text()=' Log in ']
13:58:15.542 INFO  manager.WDListener - After Find Element --->By.xpath: //a [text()=' Log in ']
13:58:15.573 INFO  manager.WDListener - After Find Element --->(1634, 24)
13:58:15.605 INFO  manager.WDListener - Before click element --->atextLog in
13:58:15.767 INFO  manager.WDListener - After click element --->atextLog in
13:58:16.782 INFO  manager.WDListener - Before Find Element --->By.id: email
13:58:16.813 INFO  manager.WDListener - After Find Element --->By.id: email
13:58:16.829 INFO  manager.WDListener - After Find Element --->(1341, 266)
13:58:16.860 INFO  manager.WDListener - Before click element --->inputtext
13:58:17.017 INFO  manager.WDListener - After click element --->inputtext
13:58:17.183 INFO  manager.WDListener - sendKeys --->inputtext
13:58:17.291 INFO  manager.WDListener - sendKeys --->inputtext
13:58:17.412 INFO  manager.WDListener - sendKeys --->inputtext
13:58:20.426 INFO  manager.WDListener - Before Find Element --->By.id: password
13:58:20.457 INFO  manager.WDListener - After Find Element --->By.id: password
13:58:20.489 INFO  manager.WDListener - After Find Element --->(1341, 343)
13:58:20.504 INFO  manager.WDListener - Before click element --->inputtext
13:58:20.668 INFO  manager.WDListener - After click element --->inputtext
13:58:20.801 INFO  manager.WDListener - sendKeys --->inputtext
13:58:20.884 INFO  manager.WDListener - sendKeys --->inputtext
13:58:20.981 INFO  manager.WDListener - sendKeys --->inputtext
13:58:23.991 INFO  manager.WDListener - Before Find Element --->By.xpath: //*[@type='submit']
13:58:24.022 INFO  manager.WDListener - After Find Element --->By.xpath: //*[@type='submit']
13:58:24.038 INFO  manager.WDListener - After Find Element --->(1341, 414)
13:58:24.069 INFO  manager.WDListener - Before click element --->buttontextY’alla!
13:58:24.212 INFO  manager.WDListener - After click element --->buttontextY’alla!
13:58:25.180 INFO  manager.WDListener - Before Find Element --->By.xpath: //button[text() = 'Ok']
13:58:25.211 INFO  manager.WDListener - After Find Element --->By.xpath: //button[text() = 'Ok']
13:58:25.243 INFO  manager.WDListener - After Find Element --->(985, 494)
13:58:25.270 INFO  manager.WDListener - Before click element --->buttontextOk
13:58:25.399 INFO  manager.WDListener - After click element --->buttontextOk
13:58:25.432 INFO  tests.TestBase - Name of Method --->addNewCarWrongPriceCSV
13:58:25.432 INFO  manager.TestNGListener - Start testaddNewCarWrongPriceCSV
13:58:25.449 INFO  tests.TestBase - Start
13:58:30.450 INFO  manager.WDListener - Before Find Element --->By.xpath: //a[@href='/let-car-work']
13:58:30.482 INFO  manager.WDListener - After Find Element --->By.xpath: //a[@href='/let-car-work']
13:58:30.497 INFO  manager.WDListener - After Find Element --->(1100, 24)
13:58:30.529 INFO  manager.WDListener - Before click element --->atextLet the car work
13:58:30.694 INFO  manager.WDListener - After click element --->atextLet the car work
13:58:31.359 INFO  manager.WDListener - Before Find Element --->By.id: pickUpPlace
13:58:31.383 INFO  manager.WDListener - After Find Element --->By.id: pickUpPlace
13:58:31.419 INFO  manager.WDListener - After Find Element --->(172, 360)
13:58:31.447 INFO  manager.WDListener - Before click element --->inputtext
13:58:31.599 INFO  manager.WDListener - After click element --->inputtext
13:58:31.762 INFO  manager.WDListener - sendKeys --->inputtext
13:58:31.830 INFO  manager.WDListener - sendKeys --->inputtext
13:58:31.931 INFO  manager.WDListener - sendKeys --->inputtext
13:58:34.944 INFO  manager.WDListener - Before Find Element --->By.cssSelector: div.pac-item
13:58:34.960 INFO  manager.WDListener - After Find Element --->By.cssSelector: div.pac-item
13:58:34.975 INFO  manager.WDListener - After Find Element --->(173, 408)
13:58:35.006 INFO  manager.WDListener - Before click element --->divtextTel AvivIsrael
13:58:35.132 INFO  manager.WDListener - Before Find Element --->By.id: make
13:58:35.149 INFO  manager.WDListener - After Find Element --->By.id: make
13:58:35.165 INFO  manager.WDListener - After Find Element --->(172, 553)
13:58:35.196 INFO  manager.WDListener - Before click element --->inputtext
13:58:35.318 INFO  manager.WDListener - After click element --->inputtext
13:58:35.435 INFO  manager.WDListener - sendKeys --->inputtext
13:58:35.534 INFO  manager.WDListener - sendKeys --->inputtext
13:58:35.642 INFO  manager.WDListener - sendKeys --->inputtext
13:58:35.642 INFO  manager.WDListener - Before Find Element --->By.id: model
13:58:35.666 INFO  manager.WDListener - After Find Element --->By.id: model
13:58:35.699 INFO  manager.WDListener - After Find Element --->(172, 636)
13:58:35.729 INFO  manager.WDListener - Before click element --->inputtext
13:58:35.884 INFO  manager.WDListener - After click element --->inputtext
13:58:36.048 INFO  manager.WDListener - sendKeys --->inputtext
13:58:36.137 INFO  manager.WDListener - sendKeys --->inputtext
13:58:36.249 INFO  manager.WDListener - sendKeys --->inputtext
13:58:36.250 INFO  manager.WDListener - Before Find Element --->By.id: year
13:58:36.266 INFO  manager.WDListener - After Find Element --->By.id: year
13:58:36.306 INFO  manager.WDListener - After Find Element --->(172, 713)
13:58:36.330 INFO  manager.WDListener - Before click element --->inputtext
13:58:36.499 INFO  manager.WDListener - After click element --->inputtext
13:58:36.666 INFO  manager.WDListener - sendKeys --->inputtext
13:58:36.766 INFO  manager.WDListener - sendKeys --->inputtext
13:58:36.884 INFO  manager.WDListener - sendKeys --->inputtext
13:58:36.886 INFO  manager.WDListener - Before Find Element --->By.id: fuel
13:58:36.915 INFO  manager.WDListener - After Find Element --->By.id: fuel
13:58:36.932 INFO  manager.WDListener - After Find Element --->(172, 789)
13:58:37.057 INFO  manager.WDListener - Before click element --->optiontextPetrol
13:58:37.134 INFO  manager.WDListener - After click element --->optiontextPetrol
13:58:37.134 INFO  manager.WDListener - Before Find Element --->By.id: seats
13:58:37.167 INFO  manager.WDListener - After Find Element --->By.id: seats
13:58:37.187 INFO  manager.WDListener - After Find Element --->(172, 868)
13:58:37.217 INFO  manager.WDListener - Before click element --->inputtext
13:58:37.383 INFO  manager.WDListener - After click element --->inputtext
13:58:37.534 INFO  manager.WDListener - sendKeys --->inputtext
13:58:37.649 INFO  manager.WDListener - sendKeys --->inputtext
13:58:37.738 INFO  manager.WDListener - sendKeys --->inputtext
13:58:37.739 INFO  manager.WDListener - Before Find Element --->By.id: class
13:58:37.765 INFO  manager.WDListener - After Find Element --->By.id: class
13:58:37.782 INFO  manager.WDListener - After Find Element --->(172, 944)
13:58:37.797 INFO  manager.WDListener - Before click element --->inputtext
13:58:37.948 INFO  manager.WDListener - After click element --->inputtext
13:58:38.119 INFO  manager.WDListener - sendKeys --->inputtext
13:58:38.216 INFO  manager.WDListener - sendKeys --->inputtext
13:58:38.326 INFO  manager.WDListener - sendKeys --->inputtext
13:58:38.327 INFO  manager.WDListener - Before Find Element --->By.id: serialNumber
13:58:38.358 INFO  manager.WDListener - After Find Element --->By.id: serialNumber
13:58:38.382 INFO  manager.WDListener - After Find Element --->(172, 1021)
13:58:38.413 INFO  manager.WDListener - Before click element --->inputtext
13:58:38.599 INFO  manager.WDListener - After click element --->inputtext
13:58:38.766 INFO  manager.WDListener - sendKeys --->inputtext
13:58:38.865 INFO  manager.WDListener - sendKeys --->inputtext
13:58:38.987 INFO  manager.WDListener - sendKeys --->inputtext
13:58:38.992 INFO  manager.WDListener - Before Find Element --->By.id: price
13:58:39.015 INFO  manager.WDListener - After Find Element --->By.id: price
13:58:39.047 INFO  manager.WDListener - After Find Element --->(172, 1097)
13:58:39.064 INFO  manager.WDListener - Before click element --->inputtext
13:58:39.217 INFO  manager.WDListener - After click element --->inputtext
13:58:39.382 INFO  manager.WDListener - sendKeys --->inputtext
13:58:39.488 INFO  manager.WDListener - sendKeys --->inputtext
13:58:39.605 INFO  manager.WDListener - sendKeys --->inputtext
13:58:39.605 INFO  manager.WDListener - Before Find Element --->By.id: about
13:58:39.633 INFO  manager.WDListener - After Find Element --->By.id: about
13:58:39.654 INFO  manager.WDListener - After Find Element --->(172, 1215)
13:58:39.682 INFO  manager.WDListener - Before click element --->textareatext
13:58:39.834 INFO  manager.WDListener - After click element --->textareatext
13:58:39.952 INFO  manager.WDListener - sendKeys --->textareatext
13:58:40.029 INFO  manager.WDListener - sendKeys --->textareatext
13:58:40.132 INFO  manager.WDListener - sendKeys --->textareatext
13:58:40.296 INFO  manager.WDListener - Before Find Element --->By.xpath: //*[@type='submit']
13:58:40.316 INFO  manager.WDListener - After Find Element --->By.xpath: //*[@type='submit']
13:58:40.332 INFO  manager.WDListener - After Find Element --->(172, 1607)
13:58:40.363 INFO  manager.WDListener - Before click element --->buttontextSubmit
13:58:40.515 INFO  manager.WDListener - After click element --->buttontextSubmit
13:58:43.524 INFO  manager.WDListener - Before Find Element --->By.cssSelector: .dialog-container>h2
13:58:43.555 INFO  manager.WDListener - After Find Element --->By.cssSelector: .dialog-container>h2
13:58:43.571 INFO  manager.WDListener - After Find Element --->(776, 430)
13:58:43.602 INFO  manager.TestNGListener - Fail testaddNewCarWrongPriceCSV
13:58:43.602 INFO  manager.WDListener - Before Find Element --->By.xpath: //button[text()='Search cars']
13:58:48.633 INFO  manager.WDListener - Huston, we have a problem!
13:58:48.633 INFO  manager.WDListener - ********************
13:58:48.633 INFO  manager.WDListener - Object target  ---> ChromeDriver: chrome on windows (5d8072aeb1fd163633d0068927922b17)
13:58:48.633 INFO  manager.WDListener - ********************
13:58:48.633 INFO  manager.WDListener - Method name --->public abstract org.openqa.selenium.WebElement org.openqa.selenium.WebDriver.findElement(org.openqa.selenium.By)
13:58:48.633 INFO  manager.WDListener - ********************
13:58:48.633 INFO  manager.WDListener - InvocationTargetException --->org.openqa.selenium.NoSuchElementException: no such element: Unable to locate element: {"method":"xpath","selector":"//button[text()='Search cars']"}
  (Session info: chrome=137.0.7151.69)
For documentation on this error, please visit: https://www.selenium.dev/documentation/webdriver/troubleshooting/errors#no-such-element-exception
Build info: version: '4.16.1', revision: '9b4c83354e'
System info: os.name: 'Windows 11', os.arch: 'amd64', os.version: '10.0', java.version: '11.0.21'
Driver info: org.openqa.selenium.chrome.ChromeDriver
Command: [5d8072aeb1fd163633d0068927922b17, findElement {using=xpath, value=//button[text()='Search cars']}]
Capabilities {acceptInsecureCerts: false, browserName: chrome, browserVersion: 137.0.7151.69, chrome: {chromedriverVersion: 137.0.7151.55 (254bc711794d..., userDataDir: C:\Users\user\AppData\Local...}, fedcm:accounts: true, goog:chromeOptions: {debuggerAddress: localhost:55880}, networkConnectionEnabled: false, pageLoadStrategy: normal, platformName: windows, proxy: Proxy(), se:cdp: ws://localhost:55880/devtoo..., se:cdpVersion: 137.0.7151.69, setWindowRect: true, strictFileInteractability: false, timeouts: {implicit: 0, pageLoad: 300000, script: 30000}, unhandledPromptBehavior: dismiss and notify, webauthn:extension:credBlob: true, webauthn:extension:largeBlob: true, webauthn:extension:minPinLength: true, webauthn:extension:prf: true, webauthn:virtualAuthenticators: true}
Session ID: 5d8072aeb1fd163633d0068927922b17
13:58:48.633 INFO  manager.WDListener - ********************
13:58:48.794 INFO  manager.WDListener - Screen with error is --->src/test/screenshots/screen_1665.png
13:58:48.801 INFO  manager.TestNGListener - Finish testing on date ---> Tue Jun 10 13:58:48 IDT 2025
